#-----------------------------------------------------------
# Vivado v2019.2 (64-bit)
# SW Build 2708876 on Wed Nov  6 21:40:23 MST 2019
# IP Build 2700528 on Thu Nov  7 00:09:20 MST 2019
# Start of session at: Sat May 13 11:29:22 2023
# Process ID: 7268
# Current directory: C:/Users/pen/Desktop/FPGA/GRF
# Command line: vivado.exe -gui_launcher_event rodinguilauncherevent2400 C:\Users\pen\Desktop\FPGA\GRF\GRF.xpr
# Log file: C:/Users/pen/Desktop/FPGA/GRF/vivado.log
# Journal file: C:/Users/pen/Desktop/FPGA/GRF\vivado.jou
#-----------------------------------------------------------
start_gui
open_project C:/Users/pen/Desktop/FPGA/GRF/GRF.xpr
Scanning sources...
Finished scanning sources
INFO: [IP_Flow 19-234] Refreshing IP repositories
INFO: [IP_Flow 19-1704] No user IP repositories specified
INFO: [IP_Flow 19-2313] Loaded Vivado IP repository 'C:/PenProgram/Xilinx/vivado/Vivado/2019.2/data/ip'.
update_compile_order -fileset sources_1
exit
INFO: [Common 17-206] Exiting Vivado at Sat May 13 14:50:33 2023...
