#-----------------------------------------------------------
# Vivado v2019.2 (64-bit)
# SW Build 2708876 on Wed Nov  6 21:40:23 MST 2019
# IP Build 2700528 on Thu Nov  7 00:09:20 MST 2019
# Start of session at: Thu Jun  8 22:07:47 2023
# Process ID: 37796
# Current directory: C:/Users/pen/Desktop/FPGA/smips
# Command line: vivado.exe -gui_launcher_event rodinguilauncherevent34132 C:\Users\pen\Desktop\FPGA\smips\smips.xpr
# Log file: C:/Users/pen/Desktop/FPGA/smips/vivado.log
# Journal file: C:/Users/pen/Desktop/FPGA/smips\vivado.jou
#-----------------------------------------------------------
start_gui
open_project C:/Users/pen/Desktop/FPGA/smips/smips.xpr
Scanning sources...
Finished scanning sources
INFO: [IP_Flow 19-234] Refreshing IP repositories
INFO: [IP_Flow 19-1704] No user IP repositories specified
INFO: [IP_Flow 19-2313] Loaded Vivado IP repository 'C:/PenProgram/Xilinx/vivado/Vivado/2019.2/data/ip'.
update_compile_order -fileset sources_1
exit
INFO: [Common 17-206] Exiting Vivado at Thu Jun  8 22:13:02 2023...
