#-----------------------------------------------------------
# Vivado v2020.2 (64-bit)
# SW Build 3064766 on Wed Nov 18 09:12:45 MST 2020
# IP Build 3064653 on Wed Nov 18 14:17:31 MST 2020
# Start of session at: Sat Jun  8 23:57:18 2024
# Process ID: 14292
# Current directory: D:/Vivado2020_2/FPGA/smips
# Command line: vivado.exe -gui_launcher_event rodinguilauncherevent3204 D:\Vivado2020_2\FPGA\smips\smips.xpr
# Log file: D:/Vivado2020_2/FPGA/smips/vivado.log
# Journal file: D:/Vivado2020_2/FPGA/smips\vivado.jou
#-----------------------------------------------------------
INFO: [Common 17-724] Xilinx Tcl Store apps are automatically updated.
start_gui
open_project -read_only D:/Vivado2020_2/FPGA/smips/smips.xpr
INFO: [Project 1-313] Project file moved from 'D:/vivado/project/FPGA/smips' since last save.
Scanning sources...
Finished scanning sources
WARNING: [Project 1-229] Project 'smips.xpr' is read-only and therefore could not be upgraded for this version of Vivado.  Use 'File | Save Project As...' if you wish to save an upgraded copy.
INFO: [IP_Flow 19-234] Refreshing IP repositories
INFO: [IP_Flow 19-1704] No user IP repositories specified
INFO: [IP_Flow 19-2313] Loaded Vivado IP repository 'D:/Vivado2020_2/Vivado/2020.2/data/ip'.
update_compile_order -fileset sources_1
exit
INFO: [Common 17-206] Exiting Vivado at Sun Jun  9 00:07:18 2024...
