Copyright 1986-2019 Xilinx, Inc. All Rights Reserved.
--------------------------------------------------------------------------------------------------------------------------------------------------
| Tool Version : Vivado v.2019.2 (win64) Build 2708876 Wed Nov  6 21:40:23 MST 2019
| Date         : Sat May 20 11:02:57 2023
| Host         : LAPTOP-KD10IATU running 64-bit major release  (build 9200)
| Command      : report_methodology -file CTRL_methodology_drc_routed.rpt -pb CTRL_methodology_drc_routed.pb -rpx CTRL_methodology_drc_routed.rpx
| Design       : CTRL
| Device       : xc7k70tfbv676-1
| Speed File   : -1
| Design State : Fully Routed
--------------------------------------------------------------------------------------------------------------------------------------------------

Report Methodology

Table of Contents
-----------------
1. REPORT SUMMARY
2. REPORT DETAILS

1. REPORT SUMMARY
-----------------
            Netlist: netlist
          Floorplan: design_1
      Design limits: <entire design considered>
             Max violations: <unlimited>
             Violations found: 8
+-----------+----------+-------------------+------------+
| Rule      | Severity | Description       | Violations |
+-----------+----------+-------------------+------------+
| TIMING-20 | Warning  | Non-clocked latch | 8          |
+-----------+----------+-------------------+------------+

2. REPORT DETAILS
-----------------
TIMING-20#1 Warning
Non-clocked latch  
The latch aluOp_reg[0] cannot be properly analyzed as its control pin aluOp_reg[0]/G is not reached by a timing clock
Related violations: <none>

TIMING-20#2 Warning
Non-clocked latch  
The latch aluOp_reg[1] cannot be properly analyzed as its control pin aluOp_reg[1]/G is not reached by a timing clock
Related violations: <none>

TIMING-20#3 Warning
Non-clocked latch  
The latch aluScrB_reg[0] cannot be properly analyzed as its control pin aluScrB_reg[0]/G is not reached by a timing clock
Related violations: <none>

TIMING-20#4 Warning
Non-clocked latch  
The latch aluScrB_reg[1] cannot be properly analyzed as its control pin aluScrB_reg[1]/G is not reached by a timing clock
Related violations: <none>

TIMING-20#5 Warning
Non-clocked latch  
The latch memWrite_reg cannot be properly analyzed as its control pin memWrite_reg/G is not reached by a timing clock
Related violations: <none>

TIMING-20#6 Warning
Non-clocked latch  
The latch memtoreg_reg[0] cannot be properly analyzed as its control pin memtoreg_reg[0]/G is not reached by a timing clock
Related violations: <none>

TIMING-20#7 Warning
Non-clocked latch  
The latch memtoreg_reg[1] cannot be properly analyzed as its control pin memtoreg_reg[1]/G is not reached by a timing clock
Related violations: <none>

TIMING-20#8 Warning
Non-clocked latch  
The latch regDst_reg[0] cannot be properly analyzed as its control pin regDst_reg[0]/G is not reached by a timing clock
Related violations: <none>


