#-----------------------------------------------------------
# Vivado v2019.2 (64-bit)
# SW Build 2708876 on Wed Nov  6 21:40:23 MST 2019
# IP Build 2700528 on Thu Nov  7 00:09:20 MST 2019
# Start of session at: Mon May 29 15:08:56 2023
# Process ID: 19328
# Current directory: C:/Users/pen/Desktop/FPGA/DataPath
# Command line: vivado.exe -gui_launcher_event rodinguilauncherevent17580 C:\Users\pen\Desktop\FPGA\DataPath\DataPath.xpr
# Log file: C:/Users/pen/Desktop/FPGA/DataPath/vivado.log
# Journal file: C:/Users/pen/Desktop/FPGA/DataPath\vivado.jou
#-----------------------------------------------------------
start_gui
open_project C:/Users/pen/Desktop/FPGA/DataPath/DataPath.xpr
Scanning sources...
Finished scanning sources
INFO: [IP_Flow 19-234] Refreshing IP repositories
INFO: [IP_Flow 19-1704] No user IP repositories specified
INFO: [IP_Flow 19-2313] Loaded Vivado IP repository 'C:/PenProgram/Xilinx/vivado/Vivado/2019.2/data/ip'.
update_compile_order -fileset sources_1
reset_run synth_1
launch_runs synth_1 -jobs 6
[Mon May 29 15:09:34 2023] Launched synth_1...
Run output will be captured here: C:/Users/pen/Desktop/FPGA/DataPath/DataPath.runs/synth_1/runme.log
exit
INFO: [Common 17-206] Exiting Vivado at Mon May 29 15:13:03 2023...
