Vivado Simulator 2019.2
Time resolution is 1 ps
0 :*000000eb0 <= xxxxxxxx
2 *000003ac:00000000 00000000
4 *000003ac:00000000 00000000
6 *000003ac:00000000 00000000
8 *000003ac:00000000 00000000
8 :*000000eb0 <= 00000000
10 *000003ac:00000000 00000000
12 *000003ac:00000000 00000000
14 *000003ac:00000000 00000000
16 *000003ac:00000000 00000000
16 :*000000eb0 <= 00000000
18 *000003ac:00000000 00000000
20 *000003ac:00000001 00000000
22 *000003ac:00000001 00000000
24 *000003ac:00000001 00000000
26 *000003ac:00000001 00000000
28 *000003ac:00000001 00000000
30 *000003ac:00000001 00000000
32 *000003ac:00000001 00000000
34 *000003ac:00000001 00000000
36 *000003ac:00000001 00000000
38 *000003ac:00000001 00000000
40 *000003b0:00000002 00000000
40 :*000000ec0 <= xxxxxxxx
42 *000003b0:00000002 00000002
44 *000003b0:00000002 00000002
46 *000003b0:00000002 00000002
48 *000003b0:00000002 00000002
48 :*000000ec0 <= 00000002
50 *000003b0:00000002 00000002
52 *000003b0:00000002 00000002
54 *000003b0:00000002 00000002
56 *000003b0:00000002 00000002
56 :*000000ec0 <= 00000002
58 *000003b0:00000002 00000002
60 *000003b0:00000003 00000002
62 *000003b0:00000003 00000002
64 *000003b0:00000003 00000002
66 *000003b0:00000003 00000002
68 *000003b0:00000003 00000002
70 *000003b0:00000003 00000002
72 *000003b0:00000003 00000002
74 *000003b0:00000003 00000002
76 *000003b0:00000003 00000002
78 *000003b0:00000003 00000002
80 *000003b4:00000004 00000002
80 :*000000ed0 <= xxxxxxxx
82 *000003b4:00000004 00000004
84 *000003b4:00000004 00000004
86 *000003b4:00000004 00000004
88 *000003b4:00000004 00000004
88 :*000000ed0 <= 00000004
90 *000003b4:00000004 00000004
92 *000003b4:00000004 00000004
94 *000003b4:00000004 00000004
96 *000003b4:00000004 00000004
96 :*000000ed0 <= 00000004
98 *000003b4:00000004 00000004
100 *000003b4:00000005 00000004
102 *000003b4:00000005 00000004
104 *000003b4:00000005 00000004
106 *000003b4:00000005 00000004
108 *000003b4:00000005 00000004
110 *000003b4:00000005 00000004
112 *000003b4:00000005 00000004
114 *000003b4:00000005 00000004
116 *000003b4:00000005 00000004
118 *000003b4:00000005 00000004
120 *000003b8:00000006 00000004
120 :*000000ee0 <= xxxxxxxx
122 *000003b8:00000006 00000006
124 *000003b8:00000006 00000006
126 *000003b8:00000006 00000006
128 *000003b8:00000006 00000006
128 :*000000ee0 <= 00000006
130 *000003b8:00000006 00000006
132 *000003b8:00000006 00000006
134 *000003b8:00000006 00000006
136 *000003b8:00000006 00000006
136 :*000000ee0 <= 00000006
138 *000003b8:00000006 00000006
140 *000003b8:00000007 00000006
142 *000003b8:00000007 00000006
144 *000003b8:00000007 00000006
146 *000003b8:00000007 00000006
148 *000003b8:00000007 00000006
150 *000003b8:00000007 00000006
152 *000003b8:00000007 00000006
154 *000003b8:00000007 00000006
156 *000003b8:00000007 00000006
158 *000003b8:00000007 00000006
160 *000003bc:00000008 00000006
160 :*000000ef0 <= xxxxxxxx
162 *000003bc:00000008 00000008
164 *000003bc:00000008 00000008
166 *000003bc:00000008 00000008
168 *000003bc:00000008 00000008
168 :*000000ef0 <= 00000008
170 *000003bc:00000008 00000008
172 *000003bc:00000008 00000008
174 *000003bc:00000008 00000008
176 *000003bc:00000008 00000008
176 :*000000ef0 <= 00000008
178 *000003bc:00000008 00000008
180 *000003bc:00000009 00000008
182 *000003bc:00000009 00000008
184 *000003bc:00000009 00000008
186 *000003bc:00000009 00000008
188 *000003bc:00000009 00000008
190 *000003bc:00000009 00000008
192 *000003bc:00000009 00000008
194 *000003bc:00000009 00000008
196 *000003bc:00000009 00000008
198 *000003bc:00000009 00000008
200 *000003c0:0000000a 00000008
200 :*000000f00 <= xxxxxxxx
202 *000003c0:0000000a 0000000a
204 *000003c0:0000000a 0000000a
206 *000003c0:0000000a 0000000a
208 *000003c0:0000000a 0000000a
208 :*000000f00 <= 0000000a
210 *000003c0:0000000a 0000000a
212 *000003c0:0000000a 0000000a
214 *000003c0:0000000a 0000000a
216 *000003c0:0000000a 0000000a
216 :*000000f00 <= 0000000a
218 *000003c0:0000000a 0000000a
220 *000003c0:0000000b 0000000a
222 *000003c0:0000000b 0000000a
224 *000003c0:0000000b 0000000a
226 *000003c0:0000000b 0000000a
228 *000003c0:0000000b 0000000a
230 *000003c0:0000000b 0000000a
232 *000003c0:0000000b 0000000a
234 *000003c0:0000000b 0000000a
236 *000003c0:0000000b 0000000a
238 *000003c0:0000000b 0000000a
240 *000003c4:0000000c 0000000a
240 :*000000f10 <= xxxxxxxx
242 *000003c4:0000000c 0000000c
244 *000003c4:0000000c 0000000c
246 *000003c4:0000000c 0000000c
248 *000003c4:0000000c 0000000c
248 :*000000f10 <= 0000000c
250 *000003c4:0000000c 0000000c
252 *000003c4:0000000c 0000000c
254 *000003c4:0000000c 0000000c
256 *000003c4:0000000c 0000000c
256 :*000000f10 <= 0000000c
258 *000003c4:0000000c 0000000c
260 *000003c4:0000000d 0000000c
262 *000003c4:0000000d 0000000c
264 *000003c4:0000000d 0000000c
266 *000003c4:0000000d 0000000c
268 *000003c4:0000000d 0000000c
270 *000003c4:0000000d 0000000c
272 *000003c4:0000000d 0000000c
274 *000003c4:0000000d 0000000c
276 *000003c4:0000000d 0000000c
278 *000003c4:0000000d 0000000c
280 *000003c8:0000000e 0000000c
280 :*000000f20 <= xxxxxxxx
282 *000003c8:0000000e 0000000e
284 *000003c8:0000000e 0000000e
286 *000003c8:0000000e 0000000e
288 *000003c8:0000000e 0000000e
288 :*000000f20 <= 0000000e
290 *000003c8:0000000e 0000000e
292 *000003c8:0000000e 0000000e
294 *000003c8:0000000e 0000000e
296 *000003c8:0000000e 0000000e
296 :*000000f20 <= 0000000e
298 *000003c8:0000000e 0000000e
300 *000003c8:0000000f 0000000e
302 *000003c8:0000000f 0000000e
304 *000003c8:0000000f 0000000e
306 *000003c8:0000000f 0000000e
308 *000003c8:0000000f 0000000e
310 *000003c8:0000000f 0000000e
312 *000003c8:0000000f 0000000e
314 *000003c8:0000000f 0000000e
316 *000003c8:0000000f 0000000e
318 *000003c8:0000000f 0000000e
320 *000003cc:00000010 0000000e
320 :*000000f30 <= xxxxxxxx
322 *000003cc:00000010 00000010
324 *000003cc:00000010 00000010
326 *000003cc:00000010 00000010
328 *000003cc:00000010 00000010
328 :*000000f30 <= 00000010
330 *000003cc:00000010 00000010
332 *000003cc:00000010 00000010
334 *000003cc:00000010 00000010
336 *000003cc:00000010 00000010
336 :*000000f30 <= 00000010
338 *000003cc:00000010 00000010
340 *000003cc:00000011 00000010
342 *000003cc:00000011 00000010
344 *000003cc:00000011 00000010
346 *000003cc:00000011 00000010
348 *000003cc:00000011 00000010
350 *000003cc:00000011 00000010
352 *000003cc:00000011 00000010
354 *000003cc:00000011 00000010
356 *000003cc:00000011 00000010
358 *000003cc:00000011 00000010
360 *000003d0:00000012 00000010
360 :*000000f40 <= xxxxxxxx
362 *000003d0:00000012 00000012
364 *000003d0:00000012 00000012
366 *000003d0:00000012 00000012
368 *000003d0:00000012 00000012
368 :*000000f40 <= 00000012
370 *000003d0:00000012 00000012
372 *000003d0:00000012 00000012
374 *000003d0:00000012 00000012
376 *000003d0:00000012 00000012
376 :*000000f40 <= 00000012
378 *000003d0:00000012 00000012
380 *000003d0:00000013 00000012
382 *000003d0:00000013 00000012
384 *000003d0:00000013 00000012
386 *000003d0:00000013 00000012
388 *000003d0:00000013 00000012
390 *000003d0:00000013 00000012
392 *000003d0:00000013 00000012
394 *000003d0:00000013 00000012
396 *000003d0:00000013 00000012
398 *000003d0:00000013 00000012
400 *000003d4:00000014 00000012
400 :*000000f50 <= xxxxxxxx
402 *000003d4:00000014 00000014
404 *000003d4:00000014 00000014
406 *000003d4:00000014 00000014
408 *000003d4:00000014 00000014
408 :*000000f50 <= 00000014
410 *000003d4:00000014 00000014
412 *000003d4:00000014 00000014
414 *000003d4:00000014 00000014
416 *000003d4:00000014 00000014
416 :*000000f50 <= 00000014
418 *000003d4:00000014 00000014
420 *000003d4:00000015 00000014
422 *000003d4:00000015 00000014
424 *000003d4:00000015 00000014
426 *000003d4:00000015 00000014
428 *000003d4:00000015 00000014
430 *000003d4:00000015 00000014
432 *000003d4:00000015 00000014
434 *000003d4:00000015 00000014
436 *000003d4:00000015 00000014
438 *000003d4:00000015 00000014
440 *000003d8:00000016 00000014
440 :*000000f60 <= xxxxxxxx
442 *000003d8:00000016 00000016
444 *000003d8:00000016 00000016
446 *000003d8:00000016 00000016
448 *000003d8:00000016 00000016
448 :*000000f60 <= 00000016
450 *000003d8:00000016 00000016
452 *000003d8:00000016 00000016
454 *000003d8:00000016 00000016
456 *000003d8:00000016 00000016
456 :*000000f60 <= 00000016
458 *000003d8:00000016 00000016
460 *000003d8:00000017 00000016
462 *000003d8:00000017 00000016
464 *000003d8:00000017 00000016
466 *000003d8:00000017 00000016
468 *000003d8:00000017 00000016
470 *000003d8:00000017 00000016
472 *000003d8:00000017 00000016
474 *000003d8:00000017 00000016
476 *000003d8:00000017 00000016
478 *000003d8:00000017 00000016
480 *000003dc:00000018 00000016
480 :*000000f70 <= xxxxxxxx
482 *000003dc:00000018 00000018
484 *000003dc:00000018 00000018
486 *000003dc:00000018 00000018
488 *000003dc:00000018 00000018
488 :*000000f70 <= 00000018
490 *000003dc:00000018 00000018
492 *000003dc:00000018 00000018
494 *000003dc:00000018 00000018
496 *000003dc:00000018 00000018
496 :*000000f70 <= 00000018
498 *000003dc:00000018 00000018
500 *000003dc:00000019 00000018
502 *000003dc:00000019 00000018
504 *000003dc:00000019 00000018
506 *000003dc:00000019 00000018
508 *000003dc:00000019 00000018
510 *000003dc:00000019 00000018
512 *000003dc:00000019 00000018
514 *000003dc:00000019 00000018
516 *000003dc:00000019 00000018
518 *000003dc:00000019 00000018
520 *000003e0:0000001a 00000018
520 :*000000f80 <= xxxxxxxx
522 *000003e0:0000001a 0000001a
524 *000003e0:0000001a 0000001a
526 *000003e0:0000001a 0000001a
528 *000003e0:0000001a 0000001a
528 :*000000f80 <= 0000001a
530 *000003e0:0000001a 0000001a
532 *000003e0:0000001a 0000001a
534 *000003e0:0000001a 0000001a
536 *000003e0:0000001a 0000001a
536 :*000000f80 <= 0000001a
538 *000003e0:0000001a 0000001a
540 *000003e0:0000001b 0000001a
542 *000003e0:0000001b 0000001a
544 *000003e0:0000001b 0000001a
546 *000003e0:0000001b 0000001a
548 *000003e0:0000001b 0000001a
550 *000003e0:0000001b 0000001a
552 *000003e0:0000001b 0000001a
554 *000003e0:0000001b 0000001a
556 *000003e0:0000001b 0000001a
558 *000003e0:0000001b 0000001a
560 *000003e4:0000001c 0000001a
560 :*000000f90 <= xxxxxxxx
562 *000003e4:0000001c 0000001c
564 *000003e4:0000001c 0000001c
566 *000003e4:0000001c 0000001c
568 *000003e4:0000001c 0000001c
568 :*000000f90 <= 0000001c
570 *000003e4:0000001c 0000001c
572 *000003e4:0000001c 0000001c
574 *000003e4:0000001c 0000001c
576 *000003e4:0000001c 0000001c
576 :*000000f90 <= 0000001c
578 *000003e4:0000001c 0000001c
580 *000003e4:0000001d 0000001c
582 *000003e4:0000001d 0000001c
584 *000003e4:0000001d 0000001c
586 *000003e4:0000001d 0000001c
588 *000003e4:0000001d 0000001c
590 *000003e4:0000001d 0000001c
592 *000003e4:0000001d 0000001c
594 *000003e4:0000001d 0000001c
596 *000003e4:0000001d 0000001c
598 *000003e4:0000001d 0000001c
600 *000003e8:0000001e 0000001c
600 :*000000fa0 <= xxxxxxxx
602 *000003e8:0000001e 0000001e
604 *000003e8:0000001e 0000001e
606 *000003e8:0000001e 0000001e
608 *000003e8:0000001e 0000001e
608 :*000000fa0 <= 0000001e
610 *000003e8:0000001e 0000001e
612 *000003e8:0000001e 0000001e
614 *000003e8:0000001e 0000001e
616 *000003e8:0000001e 0000001e
616 :*000000fa0 <= 0000001e
618 *000003e8:0000001e 0000001e
620 *000003e8:0000001f 0000001e
622 *000003e8:0000001f 0000001e
624 *000003e8:0000001f 0000001e
626 *000003e8:0000001f 0000001e
628 *000003e8:0000001f 0000001e
630 *000003e8:0000001f 0000001e
632 *000003e8:0000001f 0000001e
634 *000003e8:0000001f 0000001e
636 *000003e8:0000001f 0000001e
638 *000003e8:0000001f 0000001e
640 *000003ec:00000020 0000001e
640 :*000000fb0 <= xxxxxxxx
642 *000003ec:00000020 00000020
644 *000003ec:00000020 00000020
646 *000003ec:00000020 00000020
648 *000003ec:00000020 00000020
648 :*000000fb0 <= 00000020
650 *000003ec:00000020 00000020
652 *000003ec:00000020 00000020
654 *000003ec:00000020 00000020
656 *000003ec:00000020 00000020
656 :*000000fb0 <= 00000020
658 *000003ec:00000020 00000020
660 *000003ec:00000021 00000020
662 *000003ec:00000021 00000020
664 *000003ec:00000021 00000020
666 *000003ec:00000021 00000020
668 *000003ec:00000021 00000020
670 *000003ec:00000021 00000020
672 *000003ec:00000021 00000020
674 *000003ec:00000021 00000020
676 *000003ec:00000021 00000020
678 *000003ec:00000021 00000020
680 *000003f0:00000022 00000020
680 :*000000fc0 <= xxxxxxxx
682 *000003f0:00000022 00000022
684 *000003f0:00000022 00000022
686 *000003f0:00000022 00000022
688 *000003f0:00000022 00000022
688 :*000000fc0 <= 00000022
690 *000003f0:00000022 00000022
692 *000003f0:00000022 00000022
694 *000003f0:00000022 00000022
696 *000003f0:00000022 00000022
696 :*000000fc0 <= 00000022
698 *000003f0:00000022 00000022
700 *000003f0:00000023 00000022
702 *000003f0:00000023 00000022
704 *000003f0:00000023 00000022
706 *000003f0:00000023 00000022
708 *000003f0:00000023 00000022
710 *000003f0:00000023 00000022
712 *000003f0:00000023 00000022
714 *000003f0:00000023 00000022
716 *000003f0:00000023 00000022
718 *000003f0:00000023 00000022
720 *000003f4:00000024 00000022
720 :*000000fd0 <= xxxxxxxx
722 *000003f4:00000024 00000024
724 *000003f4:00000024 00000024
726 *000003f4:00000024 00000024
728 *000003f4:00000024 00000024
728 :*000000fd0 <= 00000024
730 *000003f4:00000024 00000024
732 *000003f4:00000024 00000024
734 *000003f4:00000024 00000024
736 *000003f4:00000024 00000024
736 :*000000fd0 <= 00000024
738 *000003f4:00000024 00000024
740 *000003f4:00000025 00000024
742 *000003f4:00000025 00000024
744 *000003f4:00000025 00000024
746 *000003f4:00000025 00000024
748 *000003f4:00000025 00000024
750 *000003f4:00000025 00000024
752 *000003f4:00000025 00000024
754 *000003f4:00000025 00000024
756 *000003f4:00000025 00000024
758 *000003f4:00000025 00000024
760 *000003f8:00000026 00000024
760 :*000000fe0 <= xxxxxxxx
762 *000003f8:00000026 00000026
764 *000003f8:00000026 00000026
766 *000003f8:00000026 00000026
768 *000003f8:00000026 00000026
768 :*000000fe0 <= 00000026
770 *000003f8:00000026 00000026
772 *000003f8:00000026 00000026
774 *000003f8:00000026 00000026
776 *000003f8:00000026 00000026
776 :*000000fe0 <= 00000026
778 *000003f8:00000026 00000026
780 *000003f8:00000027 00000026
782 *000003f8:00000027 00000026
784 *000003f8:00000027 00000026
786 *000003f8:00000027 00000026
788 *000003f8:00000027 00000026
790 *000003f8:00000027 00000026
792 *000003f8:00000027 00000026
794 *000003f8:00000027 00000026
796 *000003f8:00000027 00000026
798 *000003f8:00000027 00000026
800 *000003fc:00000028 00000026
800 :*000000ff0 <= xxxxxxxx
802 *000003fc:00000028 00000028
804 *000003fc:00000028 00000028
806 *000003fc:00000028 00000028
808 *000003fc:00000028 00000028
808 :*000000ff0 <= 00000028
810 *000003fc:00000028 00000028
812 *000003fc:00000028 00000028
814 *000003fc:00000028 00000028
816 *000003fc:00000028 00000028
816 :*000000ff0 <= 00000028
818 *000003fc:00000028 00000028
820 *000003fc:00000029 00000028
822 *000003fc:00000029 00000028
824 *000003fc:00000029 00000028
826 *000003fc:00000029 00000028
828 *000003fc:00000029 00000028
830 *000003fc:00000029 00000028
832 *000003fc:00000029 00000028
834 *000003fc:00000029 00000028
836 *000003fc:00000029 00000028
838 *000003fc:00000029 00000028
840 *00000400:0000002a 00000028
840 :*000001000 <= xxxxxxxx
842 *00000400:0000002a xxxxxxxx
844 *00000400:0000002a xxxxxxxx
846 *00000400:0000002a xxxxxxxx
848 *00000400:0000002a xxxxxxxx
848 :*000001000 <= xxxxxxxx
850 *00000400:0000002a xxxxxxxx
852 *00000400:0000002a xxxxxxxx
854 *00000400:0000002a xxxxxxxx
856 *00000400:0000002a xxxxxxxx
856 :*000001000 <= xxxxxxxx
858 *00000400:0000002a xxxxxxxx
860 *00000400:0000002b xxxxxxxx
862 *00000400:0000002b xxxxxxxx
864 *00000400:0000002b xxxxxxxx
866 *00000400:0000002b xxxxxxxx
868 *00000400:0000002b xxxxxxxx
870 *00000400:0000002b xxxxxxxx
872 *00000400:0000002b xxxxxxxx
874 *00000400:0000002b xxxxxxxx
876 *00000400:0000002b xxxxxxxx
878 *00000400:0000002b xxxxxxxx
880 *00000404:0000002c xxxxxxxx
880 :*000001010 <= xxxxxxxx
882 *00000404:0000002c xxxxxxxx
884 *00000404:0000002c xxxxxxxx
886 *00000404:0000002c xxxxxxxx
888 *00000404:0000002c xxxxxxxx
888 :*000001010 <= xxxxxxxx
890 *00000404:0000002c xxxxxxxx
892 *00000404:0000002c xxxxxxxx
894 *00000404:0000002c xxxxxxxx
896 *00000404:0000002c xxxxxxxx
896 :*000001010 <= xxxxxxxx
898 *00000404:0000002c xxxxxxxx
900 *00000404:0000002d xxxxxxxx
902 *00000404:0000002d xxxxxxxx
904 *00000404:0000002d xxxxxxxx
906 *00000404:0000002d xxxxxxxx
908 *00000404:0000002d xxxxxxxx
910 *00000404:0000002d xxxxxxxx
912 *00000404:0000002d xxxxxxxx
914 *00000404:0000002d xxxxxxxx
916 *00000404:0000002d xxxxxxxx
918 *00000404:0000002d xxxxxxxx
920 *00000408:0000002e xxxxxxxx
920 :*000001020 <= xxxxxxxx
922 *00000408:0000002e xxxxxxxx
924 *00000408:0000002e xxxxxxxx
926 *00000408:0000002e xxxxxxxx
928 *00000408:0000002e xxxxxxxx
928 :*000001020 <= xxxxxxxx
930 *00000408:0000002e xxxxxxxx
932 *00000408:0000002e xxxxxxxx
934 *00000408:0000002e xxxxxxxx
936 *00000408:0000002e xxxxxxxx
936 :*000001020 <= xxxxxxxx
938 *00000408:0000002e xxxxxxxx
940 *00000408:0000002f xxxxxxxx
942 *00000408:0000002f xxxxxxxx
944 *00000408:0000002f xxxxxxxx
946 *00000408:0000002f xxxxxxxx
948 *00000408:0000002f xxxxxxxx
950 *00000408:0000002f xxxxxxxx
952 *00000408:0000002f xxxxxxxx
954 *00000408:0000002f xxxxxxxx
956 *00000408:0000002f xxxxxxxx
958 *00000408:0000002f xxxxxxxx
960 *0000040c:00000030 xxxxxxxx
960 :*000001030 <= xxxxxxxx
962 *0000040c:00000030 xxxxxxxx
964 *0000040c:00000030 xxxxxxxx
966 *0000040c:00000030 xxxxxxxx
968 *0000040c:00000030 xxxxxxxx
968 :*000001030 <= xxxxxxxx
970 *0000040c:00000030 xxxxxxxx
972 *0000040c:00000030 xxxxxxxx
974 *0000040c:00000030 xxxxxxxx
976 *0000040c:00000030 xxxxxxxx
976 :*000001030 <= xxxxxxxx
978 *0000040c:00000030 xxxxxxxx
980 *0000040c:00000031 xxxxxxxx
982 *0000040c:00000031 xxxxxxxx
984 *0000040c:00000031 xxxxxxxx
986 *0000040c:00000031 xxxxxxxx
988 *0000040c:00000031 xxxxxxxx
990 *0000040c:00000031 xxxxxxxx
992 *0000040c:00000031 xxxxxxxx
994 *0000040c:00000031 xxxxxxxx
996 *0000040c:00000031 xxxxxxxx
998 *0000040c:00000031 xxxxxxxx
1000 *00000410:00000032 xxxxxxxx
1000 :*000001040 <= xxxxxxxx
1002 *00000410:00000032 xxxxxxxx
1004 *00000410:00000032 xxxxxxxx
1006 *00000410:00000032 xxxxxxxx
1008 *00000410:00000032 xxxxxxxx
1008 :*000001040 <= xxxxxxxx
1010 *00000410:00000032 xxxxxxxx
1012 *00000410:00000032 xxxxxxxx
1014 *00000410:00000032 xxxxxxxx
1016 *00000410:00000032 xxxxxxxx
1016 :*000001040 <= xxxxxxxx
1018 *00000410:00000032 xxxxxxxx
1020 *00000410:00000033 xxxxxxxx
1022 *00000410:00000033 xxxxxxxx
1024 *00000410:00000033 xxxxxxxx
1026 *00000410:00000033 xxxxxxxx
1028 *00000410:00000033 xxxxxxxx
1030 *00000410:00000033 xxxxxxxx
1032 *00000410:00000033 xxxxxxxx
1034 *00000410:00000033 xxxxxxxx
1036 *00000410:00000033 xxxxxxxx
1038 *00000410:00000033 xxxxxxxx
1040 *00000414:00000034 xxxxxxxx
1040 :*000001050 <= xxxxxxxx
1042 *00000414:00000034 xxxxxxxx
1044 *00000414:00000034 xxxxxxxx
1046 *00000414:00000034 xxxxxxxx
1048 *00000414:00000034 xxxxxxxx
1048 :*000001050 <= xxxxxxxx
1050 *00000414:00000034 xxxxxxxx
1052 *00000414:00000034 xxxxxxxx
1054 *00000414:00000034 xxxxxxxx
1056 *00000414:00000034 xxxxxxxx
1056 :*000001050 <= xxxxxxxx
1058 *00000414:00000034 xxxxxxxx
1060 *00000414:00000035 xxxxxxxx
1062 *00000414:00000035 xxxxxxxx
1064 *00000414:00000035 xxxxxxxx
1066 *00000414:00000035 xxxxxxxx
1068 *00000414:00000035 xxxxxxxx
1070 *00000414:00000035 xxxxxxxx
1072 *00000414:00000035 xxxxxxxx
1074 *00000414:00000035 xxxxxxxx
1076 *00000414:00000035 xxxxxxxx
1078 *00000414:00000035 xxxxxxxx
1080 *00000418:00000036 xxxxxxxx
1080 :*000001060 <= xxxxxxxx
1082 *00000418:00000036 xxxxxxxx
1084 *00000418:00000036 xxxxxxxx
1086 *00000418:00000036 xxxxxxxx
1088 *00000418:00000036 xxxxxxxx
1088 :*000001060 <= xxxxxxxx
1090 *00000418:00000036 xxxxxxxx
1092 *00000418:00000036 xxxxxxxx
1094 *00000418:00000036 xxxxxxxx
1096 *00000418:00000036 xxxxxxxx
1096 :*000001060 <= xxxxxxxx
1098 *00000418:00000036 xxxxxxxx
1100 *00000418:00000037 xxxxxxxx
1102 *00000418:00000037 xxxxxxxx
1104 *00000418:00000037 xxxxxxxx
1106 *00000418:00000037 xxxxxxxx
1108 *00000418:00000037 xxxxxxxx
1110 *00000418:00000037 xxxxxxxx
1112 *00000418:00000037 xxxxxxxx
1114 *00000418:00000037 xxxxxxxx
1116 *00000418:00000037 xxxxxxxx
1118 *00000418:00000037 xxxxxxxx
1120 *0000041c:00000038 xxxxxxxx
1120 :*000001070 <= xxxxxxxx
1122 *0000041c:00000038 xxxxxxxx
1124 *0000041c:00000038 xxxxxxxx
1126 *0000041c:00000038 xxxxxxxx
1128 *0000041c:00000038 xxxxxxxx
1128 :*000001070 <= xxxxxxxx
1130 *0000041c:00000038 xxxxxxxx
1132 *0000041c:00000038 xxxxxxxx
1134 *0000041c:00000038 xxxxxxxx
1136 *0000041c:00000038 xxxxxxxx
1136 :*000001070 <= xxxxxxxx
1138 *0000041c:00000038 xxxxxxxx
1140 *0000041c:00000039 xxxxxxxx
1142 *0000041c:00000039 xxxxxxxx
1144 *0000041c:00000039 xxxxxxxx
1146 *0000041c:00000039 xxxxxxxx
1148 *0000041c:00000039 xxxxxxxx
1150 *0000041c:00000039 xxxxxxxx
1152 *0000041c:00000039 xxxxxxxx
1154 *0000041c:00000039 xxxxxxxx
1156 *0000041c:00000039 xxxxxxxx
1158 *0000041c:00000039 xxxxxxxx
1160 *00000420:0000003a xxxxxxxx
1160 :*000001080 <= xxxxxxxx
1162 *00000420:0000003a xxxxxxxx
1164 *00000420:0000003a xxxxxxxx
1166 *00000420:0000003a xxxxxxxx
1168 *00000420:0000003a xxxxxxxx
1168 :*000001080 <= xxxxxxxx
1170 *00000420:0000003a xxxxxxxx
1172 *00000420:0000003a xxxxxxxx
1174 *00000420:0000003a xxxxxxxx
1176 *00000420:0000003a xxxxxxxx
1176 :*000001080 <= xxxxxxxx
1178 *00000420:0000003a xxxxxxxx
1180 *00000420:0000003b xxxxxxxx
1182 *00000420:0000003b xxxxxxxx
1184 *00000420:0000003b xxxxxxxx
1186 *00000420:0000003b xxxxxxxx
1188 *00000420:0000003b xxxxxxxx
1190 *00000420:0000003b xxxxxxxx
1192 *00000420:0000003b xxxxxxxx
1194 *00000420:0000003b xxxxxxxx
1196 *00000420:0000003b xxxxxxxx
1198 *00000420:0000003b xxxxxxxx
1200 *00000424:0000003c xxxxxxxx
1200 :*000001090 <= xxxxxxxx
1202 *00000424:0000003c xxxxxxxx
1204 *00000424:0000003c xxxxxxxx
1206 *00000424:0000003c xxxxxxxx
1208 *00000424:0000003c xxxxxxxx
1208 :*000001090 <= xxxxxxxx
1210 *00000424:0000003c xxxxxxxx
1212 *00000424:0000003c xxxxxxxx
1214 *00000424:0000003c xxxxxxxx
1216 *00000424:0000003c xxxxxxxx
1216 :*000001090 <= xxxxxxxx
1218 *00000424:0000003c xxxxxxxx
1220 *00000424:0000003d xxxxxxxx
1222 *00000424:0000003d xxxxxxxx
1224 *00000424:0000003d xxxxxxxx
1226 *00000424:0000003d xxxxxxxx
1228 *00000424:0000003d xxxxxxxx
1230 *00000424:0000003d xxxxxxxx
1232 *00000424:0000003d xxxxxxxx
1234 *00000424:0000003d xxxxxxxx
1236 *00000424:0000003d xxxxxxxx
1238 *00000424:0000003d xxxxxxxx
1240 *00000428:0000003e xxxxxxxx
1240 :*0000010a0 <= xxxxxxxx
1242 *00000428:0000003e xxxxxxxx
1244 *00000428:0000003e xxxxxxxx
1246 *00000428:0000003e xxxxxxxx
1248 *00000428:0000003e xxxxxxxx
1248 :*0000010a0 <= xxxxxxxx
1250 *00000428:0000003e xxxxxxxx
1252 *00000428:0000003e xxxxxxxx
1254 *00000428:0000003e xxxxxxxx
1256 *00000428:0000003e xxxxxxxx
1256 :*0000010a0 <= xxxxxxxx
1258 *00000428:0000003e xxxxxxxx
1260 *00000428:0000003f xxxxxxxx
1262 *00000428:0000003f xxxxxxxx
1264 *00000428:0000003f xxxxxxxx
1266 *00000428:0000003f xxxxxxxx
1268 *00000428:0000003f xxxxxxxx
1270 *00000428:0000003f xxxxxxxx
1272 *00000428:0000003f xxxxxxxx
1274 *00000428:0000003f xxxxxxxx
1276 *00000428:0000003f xxxxxxxx
1278 *00000428:0000003f xxxxxxxx
1280 *0000042c:00000040 xxxxxxxx
1280 :*0000010b0 <= xxxxxxxx
1282 *0000042c:00000040 xxxxxxxx
1284 *0000042c:00000040 xxxxxxxx
1286 *0000042c:00000040 xxxxxxxx
1288 *0000042c:00000040 xxxxxxxx
1288 :*0000010b0 <= xxxxxxxx
1290 *0000042c:00000040 xxxxxxxx
1292 *0000042c:00000040 xxxxxxxx
1294 *0000042c:00000040 xxxxxxxx
1296 *0000042c:00000040 xxxxxxxx
1296 :*0000010b0 <= xxxxxxxx
1298 *0000042c:00000040 xxxxxxxx
1300 *0000042c:00000041 xxxxxxxx
1302 *0000042c:00000041 xxxxxxxx
1304 *0000042c:00000041 xxxxxxxx
1306 *0000042c:00000041 xxxxxxxx
1308 *0000042c:00000041 xxxxxxxx
1310 *0000042c:00000041 xxxxxxxx
1312 *0000042c:00000041 xxxxxxxx
1314 *0000042c:00000041 xxxxxxxx
1316 *0000042c:00000041 xxxxxxxx
1318 *0000042c:00000041 xxxxxxxx
1320 *00000430:00000042 xxxxxxxx
1320 :*0000010c0 <= xxxxxxxx
1322 *00000430:00000042 xxxxxxxx
1324 *00000430:00000042 xxxxxxxx
1326 *00000430:00000042 xxxxxxxx
1328 *00000430:00000042 xxxxxxxx
1328 :*0000010c0 <= xxxxxxxx
1330 *00000430:00000042 xxxxxxxx
1332 *00000430:00000042 xxxxxxxx
1334 *00000430:00000042 xxxxxxxx
1336 *00000430:00000042 xxxxxxxx
1336 :*0000010c0 <= xxxxxxxx
1338 *00000430:00000042 xxxxxxxx
1340 *00000430:00000043 xxxxxxxx
1342 *00000430:00000043 xxxxxxxx
1344 *00000430:00000043 xxxxxxxx
1346 *00000430:00000043 xxxxxxxx
1348 *00000430:00000043 xxxxxxxx
1350 *00000430:00000043 xxxxxxxx
1352 *00000430:00000043 xxxxxxxx
1354 *00000430:00000043 xxxxxxxx
1356 *00000430:00000043 xxxxxxxx
1358 *00000430:00000043 xxxxxxxx
1360 *00000434:00000044 xxxxxxxx
1360 :*0000010d0 <= xxxxxxxx
1362 *00000434:00000044 xxxxxxxx
1364 *00000434:00000044 xxxxxxxx
1366 *00000434:00000044 xxxxxxxx
1368 *00000434:00000044 xxxxxxxx
1368 :*0000010d0 <= xxxxxxxx
1370 *00000434:00000044 xxxxxxxx
1372 *00000434:00000044 xxxxxxxx
1374 *00000434:00000044 xxxxxxxx
1376 *00000434:00000044 xxxxxxxx
1376 :*0000010d0 <= xxxxxxxx
1378 *00000434:00000044 xxxxxxxx
1380 *00000434:00000045 xxxxxxxx
1382 *00000434:00000045 xxxxxxxx
1384 *00000434:00000045 xxxxxxxx
1386 *00000434:00000045 xxxxxxxx
1388 *00000434:00000045 xxxxxxxx
1390 *00000434:00000045 xxxxxxxx
1392 *00000434:00000045 xxxxxxxx
1394 *00000434:00000045 xxxxxxxx
1396 *00000434:00000045 xxxxxxxx
1398 *00000434:00000045 xxxxxxxx
1400 *00000438:00000046 xxxxxxxx
1400 :*0000010e0 <= xxxxxxxx
1402 *00000438:00000046 xxxxxxxx
1404 *00000438:00000046 xxxxxxxx
1406 *00000438:00000046 xxxxxxxx
1408 *00000438:00000046 xxxxxxxx
1408 :*0000010e0 <= xxxxxxxx
1410 *00000438:00000046 xxxxxxxx
1412 *00000438:00000046 xxxxxxxx
1414 *00000438:00000046 xxxxxxxx
1416 *00000438:00000046 xxxxxxxx
1416 :*0000010e0 <= xxxxxxxx
1418 *00000438:00000046 xxxxxxxx
1420 *00000438:00000047 xxxxxxxx
1422 *00000438:00000047 xxxxxxxx
1424 *00000438:00000047 xxxxxxxx
1426 *00000438:00000047 xxxxxxxx
1428 *00000438:00000047 xxxxxxxx
1430 *00000438:00000047 xxxxxxxx
1432 *00000438:00000047 xxxxxxxx
1434 *00000438:00000047 xxxxxxxx
1436 *00000438:00000047 xxxxxxxx
1438 *00000438:00000047 xxxxxxxx
1440 *0000043c:00000048 xxxxxxxx
1440 :*0000010f0 <= xxxxxxxx
1442 *0000043c:00000048 xxxxxxxx
1444 *0000043c:00000048 xxxxxxxx
1446 *0000043c:00000048 xxxxxxxx
1448 *0000043c:00000048 xxxxxxxx
1448 :*0000010f0 <= xxxxxxxx
1450 *0000043c:00000048 xxxxxxxx
1452 *0000043c:00000048 xxxxxxxx
1454 *0000043c:00000048 xxxxxxxx
1456 *0000043c:00000048 xxxxxxxx
1456 :*0000010f0 <= xxxxxxxx
1458 *0000043c:00000048 xxxxxxxx
1460 *0000043c:00000049 xxxxxxxx
1462 *0000043c:00000049 xxxxxxxx
1464 *0000043c:00000049 xxxxxxxx
1466 *0000043c:00000049 xxxxxxxx
1468 *0000043c:00000049 xxxxxxxx
1470 *0000043c:00000049 xxxxxxxx
1472 *0000043c:00000049 xxxxxxxx
1474 *0000043c:00000049 xxxxxxxx
1476 *0000043c:00000049 xxxxxxxx
1478 *0000043c:00000049 xxxxxxxx
1480 *00000440:0000004a xxxxxxxx
1480 :*000001100 <= xxxxxxxx
1482 *00000440:0000004a xxxxxxxx
1484 *00000440:0000004a xxxxxxxx
1486 *00000440:0000004a xxxxxxxx
1488 *00000440:0000004a xxxxxxxx
1488 :*000001100 <= xxxxxxxx
1490 *00000440:0000004a xxxxxxxx
1492 *00000440:0000004a xxxxxxxx
1494 *00000440:0000004a xxxxxxxx
1496 *00000440:0000004a xxxxxxxx
1496 :*000001100 <= xxxxxxxx
1498 *00000440:0000004a xxxxxxxx
1500 *00000440:0000004b xxxxxxxx
1502 *00000440:0000004b xxxxxxxx
1504 *00000440:0000004b xxxxxxxx
1506 *00000440:0000004b xxxxxxxx
1508 *00000440:0000004b xxxxxxxx
1510 *00000440:0000004b xxxxxxxx
1512 *00000440:0000004b xxxxxxxx
1514 *00000440:0000004b xxxxxxxx
1516 *00000440:0000004b xxxxxxxx
1518 *00000440:0000004b xxxxxxxx
1520 *00000444:0000004c xxxxxxxx
1520 :*000001110 <= xxxxxxxx
1522 *00000444:0000004c xxxxxxxx
1524 *00000444:0000004c xxxxxxxx
1526 *00000444:0000004c xxxxxxxx
1528 *00000444:0000004c xxxxxxxx
1528 :*000001110 <= xxxxxxxx
1530 *00000444:0000004c xxxxxxxx
1532 *00000444:0000004c xxxxxxxx
1534 *00000444:0000004c xxxxxxxx
1536 *00000444:0000004c xxxxxxxx
1536 :*000001110 <= xxxxxxxx
1538 *00000444:0000004c xxxxxxxx
1540 *00000444:0000004d xxxxxxxx
1542 *00000444:0000004d xxxxxxxx
1544 *00000444:0000004d xxxxxxxx
1546 *00000444:0000004d xxxxxxxx
1548 *00000444:0000004d xxxxxxxx
1550 *00000444:0000004d xxxxxxxx
1552 *00000444:0000004d xxxxxxxx
1554 *00000444:0000004d xxxxxxxx
1556 *00000444:0000004d xxxxxxxx
1558 *00000444:0000004d xxxxxxxx
1560 *00000448:0000004e xxxxxxxx
1560 :*000001120 <= xxxxxxxx
1562 *00000448:0000004e xxxxxxxx
1564 *00000448:0000004e xxxxxxxx
1566 *00000448:0000004e xxxxxxxx
1568 *00000448:0000004e xxxxxxxx
1568 :*000001120 <= xxxxxxxx
1570 *00000448:0000004e xxxxxxxx
1572 *00000448:0000004e xxxxxxxx
1574 *00000448:0000004e xxxxxxxx
1576 *00000448:0000004e xxxxxxxx
1576 :*000001120 <= xxxxxxxx
1578 *00000448:0000004e xxxxxxxx
1580 *00000448:0000004f xxxxxxxx
1582 *00000448:0000004f xxxxxxxx
1584 *00000448:0000004f xxxxxxxx
1586 *00000448:0000004f xxxxxxxx
1588 *00000448:0000004f xxxxxxxx
1590 *00000448:0000004f xxxxxxxx
1592 *00000448:0000004f xxxxxxxx
1594 *00000448:0000004f xxxxxxxx
1596 *00000448:0000004f xxxxxxxx
1598 *00000448:0000004f xxxxxxxx
1600 *0000044c:00000050 xxxxxxxx
1600 :*000001130 <= xxxxxxxx
1602 *0000044c:00000050 xxxxxxxx
1604 *0000044c:00000050 xxxxxxxx
1606 *0000044c:00000050 xxxxxxxx
1608 *0000044c:00000050 xxxxxxxx
1608 :*000001130 <= xxxxxxxx
1610 *0000044c:00000050 xxxxxxxx
1612 *0000044c:00000050 xxxxxxxx
1614 *0000044c:00000050 xxxxxxxx
1616 *0000044c:00000050 xxxxxxxx
1616 :*000001130 <= xxxxxxxx
1618 *0000044c:00000050 xxxxxxxx
1620 *0000044c:00000051 xxxxxxxx
1622 *0000044c:00000051 xxxxxxxx
1624 *0000044c:00000051 xxxxxxxx
1626 *0000044c:00000051 xxxxxxxx
1628 *0000044c:00000051 xxxxxxxx
1630 *0000044c:00000051 xxxxxxxx
1632 *0000044c:00000051 xxxxxxxx
1634 *0000044c:00000051 xxxxxxxx
1636 *0000044c:00000051 xxxxxxxx
1638 *0000044c:00000051 xxxxxxxx
1640 *00000450:00000052 xxxxxxxx
1640 :*000001140 <= xxxxxxxx
1642 *00000450:00000052 xxxxxxxx
1644 *00000450:00000052 xxxxxxxx
1646 *00000450:00000052 xxxxxxxx
1648 *00000450:00000052 xxxxxxxx
1648 :*000001140 <= xxxxxxxx
1650 *00000450:00000052 xxxxxxxx
1652 *00000450:00000052 xxxxxxxx
1654 *00000450:00000052 xxxxxxxx
1656 *00000450:00000052 xxxxxxxx
1656 :*000001140 <= xxxxxxxx
1658 *00000450:00000052 xxxxxxxx
1660 *00000450:00000053 xxxxxxxx
1662 *00000450:00000053 xxxxxxxx
1664 *00000450:00000053 xxxxxxxx
1666 *00000450:00000053 xxxxxxxx
1668 *00000450:00000053 xxxxxxxx
1670 *00000450:00000053 xxxxxxxx
1672 *00000450:00000053 xxxxxxxx
1674 *00000450:00000053 xxxxxxxx
1676 *00000450:00000053 xxxxxxxx
1678 *00000450:00000053 xxxxxxxx
1680 *00000454:00000054 xxxxxxxx
1680 :*000001150 <= xxxxxxxx
1682 *00000454:00000054 xxxxxxxx
1684 *00000454:00000054 xxxxxxxx
1686 *00000454:00000054 xxxxxxxx
1688 *00000454:00000054 xxxxxxxx
1688 :*000001150 <= xxxxxxxx
1690 *00000454:00000054 xxxxxxxx
1692 *00000454:00000054 xxxxxxxx
1694 *00000454:00000054 xxxxxxxx
1696 *00000454:00000054 xxxxxxxx
1696 :*000001150 <= xxxxxxxx
1698 *00000454:00000054 xxxxxxxx
1700 *00000454:00000055 xxxxxxxx
1702 *00000454:00000055 xxxxxxxx
1704 *00000454:00000055 xxxxxxxx
1706 *00000454:00000055 xxxxxxxx
1708 *00000454:00000055 xxxxxxxx
1710 *00000454:00000055 xxxxxxxx
1712 *00000454:00000055 xxxxxxxx
1714 *00000454:00000055 xxxxxxxx
1716 *00000454:00000055 xxxxxxxx
1718 *00000454:00000055 xxxxxxxx
1720 *00000458:00000056 xxxxxxxx
1720 :*000001160 <= xxxxxxxx
1722 *00000458:00000056 xxxxxxxx
1724 *00000458:00000056 xxxxxxxx
1726 *00000458:00000056 xxxxxxxx
1728 *00000458:00000056 xxxxxxxx
1728 :*000001160 <= xxxxxxxx
1730 *00000458:00000056 xxxxxxxx
1732 *00000458:00000056 xxxxxxxx
1734 *00000458:00000056 xxxxxxxx
1736 *00000458:00000056 xxxxxxxx
1736 :*000001160 <= xxxxxxxx
1738 *00000458:00000056 xxxxxxxx
1740 *00000458:00000057 xxxxxxxx
1742 *00000458:00000057 xxxxxxxx
1744 *00000458:00000057 xxxxxxxx
1746 *00000458:00000057 xxxxxxxx
1748 *00000458:00000057 xxxxxxxx
1750 *00000458:00000057 xxxxxxxx
1752 *00000458:00000057 xxxxxxxx
1754 *00000458:00000057 xxxxxxxx
1756 *00000458:00000057 xxxxxxxx
1758 *00000458:00000057 xxxxxxxx
1760 *0000045c:00000058 xxxxxxxx
1760 :*000001170 <= xxxxxxxx
1762 *0000045c:00000058 xxxxxxxx
1764 *0000045c:00000058 xxxxxxxx
1766 *0000045c:00000058 xxxxxxxx
1768 *0000045c:00000058 xxxxxxxx
1768 :*000001170 <= xxxxxxxx
1770 *0000045c:00000058 xxxxxxxx
1772 *0000045c:00000058 xxxxxxxx
1774 *0000045c:00000058 xxxxxxxx
1776 *0000045c:00000058 xxxxxxxx
1776 :*000001170 <= xxxxxxxx
1778 *0000045c:00000058 xxxxxxxx
1780 *0000045c:00000059 xxxxxxxx
1782 *0000045c:00000059 xxxxxxxx
1784 *0000045c:00000059 xxxxxxxx
1786 *0000045c:00000059 xxxxxxxx
1788 *0000045c:00000059 xxxxxxxx
1790 *0000045c:00000059 xxxxxxxx
1792 *0000045c:00000059 xxxxxxxx
1794 *0000045c:00000059 xxxxxxxx
1796 *0000045c:00000059 xxxxxxxx
1798 *0000045c:00000059 xxxxxxxx
1800 *00000460:0000005a xxxxxxxx
1800 :*000001180 <= xxxxxxxx
1802 *00000460:0000005a xxxxxxxx
1804 *00000460:0000005a xxxxxxxx
1806 *00000460:0000005a xxxxxxxx
1808 *00000460:0000005a xxxxxxxx
1808 :*000001180 <= xxxxxxxx
1810 *00000460:0000005a xxxxxxxx
1812 *00000460:0000005a xxxxxxxx
1814 *00000460:0000005a xxxxxxxx
1816 *00000460:0000005a xxxxxxxx
1816 :*000001180 <= xxxxxxxx
1818 *00000460:0000005a xxxxxxxx
1820 *00000460:0000005b xxxxxxxx
1822 *00000460:0000005b xxxxxxxx
1824 *00000460:0000005b xxxxxxxx
1826 *00000460:0000005b xxxxxxxx
1828 *00000460:0000005b xxxxxxxx
1830 *00000460:0000005b xxxxxxxx
1832 *00000460:0000005b xxxxxxxx
1834 *00000460:0000005b xxxxxxxx
1836 *00000460:0000005b xxxxxxxx
1838 *00000460:0000005b xxxxxxxx
1840 *00000464:0000005c xxxxxxxx
1840 :*000001190 <= xxxxxxxx
1842 *00000464:0000005c xxxxxxxx
1844 *00000464:0000005c xxxxxxxx
1846 *00000464:0000005c xxxxxxxx
1848 *00000464:0000005c xxxxxxxx
1848 :*000001190 <= xxxxxxxx
1850 *00000464:0000005c xxxxxxxx
1852 *00000464:0000005c xxxxxxxx
1854 *00000464:0000005c xxxxxxxx
1856 *00000464:0000005c xxxxxxxx
1856 :*000001190 <= xxxxxxxx
1858 *00000464:0000005c xxxxxxxx
1860 *00000464:0000005d xxxxxxxx
1862 *00000464:0000005d xxxxxxxx
1864 *00000464:0000005d xxxxxxxx
1866 *00000464:0000005d xxxxxxxx
1868 *00000464:0000005d xxxxxxxx
1870 *00000464:0000005d xxxxxxxx
1872 *00000464:0000005d xxxxxxxx
1874 *00000464:0000005d xxxxxxxx
1876 *00000464:0000005d xxxxxxxx
1878 *00000464:0000005d xxxxxxxx
1880 *00000468:0000005e xxxxxxxx
1880 :*0000011a0 <= xxxxxxxx
1882 *00000468:0000005e xxxxxxxx
1884 *00000468:0000005e xxxxxxxx
1886 *00000468:0000005e xxxxxxxx
1888 *00000468:0000005e xxxxxxxx
1888 :*0000011a0 <= xxxxxxxx
1890 *00000468:0000005e xxxxxxxx
1892 *00000468:0000005e xxxxxxxx
1894 *00000468:0000005e xxxxxxxx
1896 *00000468:0000005e xxxxxxxx
1896 :*0000011a0 <= xxxxxxxx
1898 *00000468:0000005e xxxxxxxx
1900 *00000468:0000005f xxxxxxxx
1902 *00000468:0000005f xxxxxxxx
1904 *00000468:0000005f xxxxxxxx
1906 *00000468:0000005f xxxxxxxx
1908 *00000468:0000005f xxxxxxxx
1910 *00000468:0000005f xxxxxxxx
1912 *00000468:0000005f xxxxxxxx
1914 *00000468:0000005f xxxxxxxx
1916 *00000468:0000005f xxxxxxxx
1918 *00000468:0000005f xxxxxxxx
1920 *0000046c:00000060 xxxxxxxx
1920 :*0000011b0 <= xxxxxxxx
1922 *0000046c:00000060 xxxxxxxx
1924 *0000046c:00000060 xxxxxxxx
1926 *0000046c:00000060 xxxxxxxx
1928 *0000046c:00000060 xxxxxxxx
1928 :*0000011b0 <= xxxxxxxx
1930 *0000046c:00000060 xxxxxxxx
1932 *0000046c:00000060 xxxxxxxx
1934 *0000046c:00000060 xxxxxxxx
1936 *0000046c:00000060 xxxxxxxx
1936 :*0000011b0 <= xxxxxxxx
1938 *0000046c:00000060 xxxxxxxx
1940 *0000046c:00000061 xxxxxxxx
1942 *0000046c:00000061 xxxxxxxx
1944 *0000046c:00000061 xxxxxxxx
1946 *0000046c:00000061 xxxxxxxx
1948 *0000046c:00000061 xxxxxxxx
1950 *0000046c:00000061 xxxxxxxx
1952 *0000046c:00000061 xxxxxxxx
1954 *0000046c:00000061 xxxxxxxx
1956 *0000046c:00000061 xxxxxxxx
1958 *0000046c:00000061 xxxxxxxx
1960 *00000470:00000062 xxxxxxxx
1960 :*0000011c0 <= xxxxxxxx
1962 *00000470:00000062 xxxxxxxx
1964 *00000470:00000062 xxxxxxxx
1966 *00000470:00000062 xxxxxxxx
1968 *00000470:00000062 xxxxxxxx
1968 :*0000011c0 <= xxxxxxxx
1970 *00000470:00000062 xxxxxxxx
1972 *00000470:00000062 xxxxxxxx
1974 *00000470:00000062 xxxxxxxx
1976 *00000470:00000062 xxxxxxxx
1976 :*0000011c0 <= xxxxxxxx
1978 *00000470:00000062 xxxxxxxx
1980 *00000470:00000063 xxxxxxxx
1982 *00000470:00000063 xxxxxxxx
1984 *00000470:00000063 xxxxxxxx
1986 *00000470:00000063 xxxxxxxx
1988 *00000470:00000063 xxxxxxxx
1990 *00000470:00000063 xxxxxxxx
1992 *00000470:00000063 xxxxxxxx
1994 *00000470:00000063 xxxxxxxx
1996 *00000470:00000063 xxxxxxxx
1998 *00000470:00000063 xxxxxxxx
2000 *00000474:00000064 xxxxxxxx
2000 :*0000011d0 <= xxxxxxxx
2002 *00000474:00000064 xxxxxxxx
2004 *00000474:00000064 xxxxxxxx
2006 *00000474:00000064 xxxxxxxx
2008 *00000474:00000064 xxxxxxxx
2008 :*0000011d0 <= xxxxxxxx
2010 *00000474:00000064 xxxxxxxx
2012 *00000474:00000064 xxxxxxxx
2014 *00000474:00000064 xxxxxxxx
2016 *00000474:00000064 xxxxxxxx
2016 :*0000011d0 <= xxxxxxxx
2018 *00000474:00000064 xxxxxxxx
2020 *00000474:00000065 xxxxxxxx
2022 *00000474:00000065 xxxxxxxx
2024 *00000474:00000065 xxxxxxxx
2026 *00000474:00000065 xxxxxxxx
2028 *00000474:00000065 xxxxxxxx
2030 *00000474:00000065 xxxxxxxx
2032 *00000474:00000065 xxxxxxxx
2034 *00000474:00000065 xxxxxxxx
2036 *00000474:00000065 xxxxxxxx
2038 *00000474:00000065 xxxxxxxx
2040 *00000478:00000066 xxxxxxxx
2040 :*0000011e0 <= xxxxxxxx
2042 *00000478:00000066 xxxxxxxx
2044 *00000478:00000066 xxxxxxxx
2046 *00000478:00000066 xxxxxxxx
2048 *00000478:00000066 xxxxxxxx
2048 :*0000011e0 <= xxxxxxxx
2050 *00000478:00000066 xxxxxxxx
2052 *00000478:00000066 xxxxxxxx
2054 *00000478:00000066 xxxxxxxx
2056 *00000478:00000066 xxxxxxxx
2056 :*0000011e0 <= xxxxxxxx
2058 *00000478:00000066 xxxxxxxx
2060 *00000478:00000067 xxxxxxxx
2062 *00000478:00000067 xxxxxxxx
2064 *00000478:00000067 xxxxxxxx
2066 *00000478:00000067 xxxxxxxx
2068 *00000478:00000067 xxxxxxxx
2070 *00000478:00000067 xxxxxxxx
2072 *00000478:00000067 xxxxxxxx
2074 *00000478:00000067 xxxxxxxx
2076 *00000478:00000067 xxxxxxxx
2078 *00000478:00000067 xxxxxxxx
2080 *0000047c:00000068 xxxxxxxx
2080 :*0000011f0 <= xxxxxxxx
2082 *0000047c:00000068 xxxxxxxx
2084 *0000047c:00000068 xxxxxxxx
2086 *0000047c:00000068 xxxxxxxx
2088 *0000047c:00000068 xxxxxxxx
2088 :*0000011f0 <= xxxxxxxx
2090 *0000047c:00000068 xxxxxxxx
2092 *0000047c:00000068 xxxxxxxx
2094 *0000047c:00000068 xxxxxxxx
2096 *0000047c:00000068 xxxxxxxx
2096 :*0000011f0 <= xxxxxxxx
2098 *0000047c:00000068 xxxxxxxx
2100 *0000047c:00000069 xxxxxxxx
2102 *0000047c:00000069 xxxxxxxx
2104 *0000047c:00000069 xxxxxxxx
2106 *0000047c:00000069 xxxxxxxx
2108 *0000047c:00000069 xxxxxxxx
2110 *0000047c:00000069 xxxxxxxx
2112 *0000047c:00000069 xxxxxxxx
2114 *0000047c:00000069 xxxxxxxx
2116 *0000047c:00000069 xxxxxxxx
2118 *0000047c:00000069 xxxxxxxx
2120 *00000480:0000006a xxxxxxxx
2120 :*000001200 <= xxxxxxxx
2122 *00000480:0000006a xxxxxxxx
2124 *00000480:0000006a xxxxxxxx
2126 *00000480:0000006a xxxxxxxx
2128 *00000480:0000006a xxxxxxxx
2128 :*000001200 <= xxxxxxxx
2130 *00000480:0000006a xxxxxxxx
2132 *00000480:0000006a xxxxxxxx
2134 *00000480:0000006a xxxxxxxx
2136 *00000480:0000006a xxxxxxxx
2136 :*000001200 <= xxxxxxxx
2138 *00000480:0000006a xxxxxxxx
2140 *00000480:0000006b xxxxxxxx
2142 *00000480:0000006b xxxxxxxx
2144 *00000480:0000006b xxxxxxxx
2146 *00000480:0000006b xxxxxxxx
2148 *00000480:0000006b xxxxxxxx
2150 *00000480:0000006b xxxxxxxx
2152 *00000480:0000006b xxxxxxxx
2154 *00000480:0000006b xxxxxxxx
2156 *00000480:0000006b xxxxxxxx
2158 *00000480:0000006b xxxxxxxx
2160 *00000484:0000006c xxxxxxxx
2160 :*000001210 <= xxxxxxxx
2162 *00000484:0000006c xxxxxxxx
2164 *00000484:0000006c xxxxxxxx
2166 *00000484:0000006c xxxxxxxx
2168 *00000484:0000006c xxxxxxxx
2168 :*000001210 <= xxxxxxxx
2170 *00000484:0000006c xxxxxxxx
2172 *00000484:0000006c xxxxxxxx
2174 *00000484:0000006c xxxxxxxx
2176 *00000484:0000006c xxxxxxxx
2176 :*000001210 <= xxxxxxxx
2178 *00000484:0000006c xxxxxxxx
2180 *00000484:0000006d xxxxxxxx
2182 *00000484:0000006d xxxxxxxx
2184 *00000484:0000006d xxxxxxxx
2186 *00000484:0000006d xxxxxxxx
2188 *00000484:0000006d xxxxxxxx
2190 *00000484:0000006d xxxxxxxx
2192 *00000484:0000006d xxxxxxxx
2194 *00000484:0000006d xxxxxxxx
2196 *00000484:0000006d xxxxxxxx
2198 *00000484:0000006d xxxxxxxx
2200 *00000488:0000006e xxxxxxxx
2200 :*000001220 <= xxxxxxxx
2202 *00000488:0000006e xxxxxxxx
2204 *00000488:0000006e xxxxxxxx
2206 *00000488:0000006e xxxxxxxx
2208 *00000488:0000006e xxxxxxxx
2208 :*000001220 <= xxxxxxxx
2210 *00000488:0000006e xxxxxxxx
2212 *00000488:0000006e xxxxxxxx
2214 *00000488:0000006e xxxxxxxx
2216 *00000488:0000006e xxxxxxxx
2216 :*000001220 <= xxxxxxxx
2218 *00000488:0000006e xxxxxxxx
2220 *00000488:0000006f xxxxxxxx
2222 *00000488:0000006f xxxxxxxx
2224 *00000488:0000006f xxxxxxxx
2226 *00000488:0000006f xxxxxxxx
2228 *00000488:0000006f xxxxxxxx
2230 *00000488:0000006f xxxxxxxx
2232 *00000488:0000006f xxxxxxxx
2234 *00000488:0000006f xxxxxxxx
2236 *00000488:0000006f xxxxxxxx
2238 *00000488:0000006f xxxxxxxx
2240 *0000048c:00000070 xxxxxxxx
2240 :*000001230 <= xxxxxxxx
2242 *0000048c:00000070 xxxxxxxx
2244 *0000048c:00000070 xxxxxxxx
2246 *0000048c:00000070 xxxxxxxx
2248 *0000048c:00000070 xxxxxxxx
2248 :*000001230 <= xxxxxxxx
2250 *0000048c:00000070 xxxxxxxx
2252 *0000048c:00000070 xxxxxxxx
2254 *0000048c:00000070 xxxxxxxx
2256 *0000048c:00000070 xxxxxxxx
2256 :*000001230 <= xxxxxxxx
2258 *0000048c:00000070 xxxxxxxx
2260 *0000048c:00000071 xxxxxxxx
2262 *0000048c:00000071 xxxxxxxx
2264 *0000048c:00000071 xxxxxxxx
2266 *0000048c:00000071 xxxxxxxx
2268 *0000048c:00000071 xxxxxxxx
2270 *0000048c:00000071 xxxxxxxx
2272 *0000048c:00000071 xxxxxxxx
2274 *0000048c:00000071 xxxxxxxx
2276 *0000048c:00000071 xxxxxxxx
2278 *0000048c:00000071 xxxxxxxx
2280 *00000490:00000072 xxxxxxxx
2280 :*000001240 <= xxxxxxxx
2282 *00000490:00000072 xxxxxxxx
2284 *00000490:00000072 xxxxxxxx
2286 *00000490:00000072 xxxxxxxx
2288 *00000490:00000072 xxxxxxxx
2288 :*000001240 <= xxxxxxxx
2290 *00000490:00000072 xxxxxxxx
2292 *00000490:00000072 xxxxxxxx
2294 *00000490:00000072 xxxxxxxx
2296 *00000490:00000072 xxxxxxxx
2296 :*000001240 <= xxxxxxxx
2298 *00000490:00000072 xxxxxxxx
2300 *00000490:00000073 xxxxxxxx
2302 *00000490:00000073 xxxxxxxx
2304 *00000490:00000073 xxxxxxxx
2306 *00000490:00000073 xxxxxxxx
2308 *00000490:00000073 xxxxxxxx
2310 *00000490:00000073 xxxxxxxx
2312 *00000490:00000073 xxxxxxxx
2314 *00000490:00000073 xxxxxxxx
2316 *00000490:00000073 xxxxxxxx
2318 *00000490:00000073 xxxxxxxx
2320 *00000494:00000074 xxxxxxxx
2320 :*000001250 <= xxxxxxxx
2322 *00000494:00000074 xxxxxxxx
2324 *00000494:00000074 xxxxxxxx
2326 *00000494:00000074 xxxxxxxx
2328 *00000494:00000074 xxxxxxxx
2328 :*000001250 <= xxxxxxxx
2330 *00000494:00000074 xxxxxxxx
2332 *00000494:00000074 xxxxxxxx
2334 *00000494:00000074 xxxxxxxx
2336 *00000494:00000074 xxxxxxxx
2336 :*000001250 <= xxxxxxxx
2338 *00000494:00000074 xxxxxxxx
2340 *00000494:00000075 xxxxxxxx
2342 *00000494:00000075 xxxxxxxx
2344 *00000494:00000075 xxxxxxxx
2346 *00000494:00000075 xxxxxxxx
2348 *00000494:00000075 xxxxxxxx
2350 *00000494:00000075 xxxxxxxx
2352 *00000494:00000075 xxxxxxxx
2354 *00000494:00000075 xxxxxxxx
2356 *00000494:00000075 xxxxxxxx
2358 *00000494:00000075 xxxxxxxx
2360 *00000498:00000076 xxxxxxxx
2360 :*000001260 <= xxxxxxxx
2362 *00000498:00000076 xxxxxxxx
2364 *00000498:00000076 xxxxxxxx
2366 *00000498:00000076 xxxxxxxx
2368 *00000498:00000076 xxxxxxxx
2368 :*000001260 <= xxxxxxxx
2370 *00000498:00000076 xxxxxxxx
2372 *00000498:00000076 xxxxxxxx
2374 *00000498:00000076 xxxxxxxx
2376 *00000498:00000076 xxxxxxxx
2376 :*000001260 <= xxxxxxxx
2378 *00000498:00000076 xxxxxxxx
2380 *00000498:00000077 xxxxxxxx
2382 *00000498:00000077 xxxxxxxx
2384 *00000498:00000077 xxxxxxxx
2386 *00000498:00000077 xxxxxxxx
2388 *00000498:00000077 xxxxxxxx
2390 *00000498:00000077 xxxxxxxx
2392 *00000498:00000077 xxxxxxxx
2394 *00000498:00000077 xxxxxxxx
2396 *00000498:00000077 xxxxxxxx
2398 *00000498:00000077 xxxxxxxx
2400 *0000049c:00000078 xxxxxxxx
2400 :*000001270 <= xxxxxxxx
2402 *0000049c:00000078 xxxxxxxx
2404 *0000049c:00000078 xxxxxxxx
2406 *0000049c:00000078 xxxxxxxx
2408 *0000049c:00000078 xxxxxxxx
2408 :*000001270 <= xxxxxxxx
2410 *0000049c:00000078 xxxxxxxx
2412 *0000049c:00000078 xxxxxxxx
2414 *0000049c:00000078 xxxxxxxx
2416 *0000049c:00000078 xxxxxxxx
2416 :*000001270 <= xxxxxxxx
2418 *0000049c:00000078 xxxxxxxx
2420 *0000049c:00000079 xxxxxxxx
2422 *0000049c:00000079 xxxxxxxx
2424 *0000049c:00000079 xxxxxxxx
2426 *0000049c:00000079 xxxxxxxx
2428 *0000049c:00000079 xxxxxxxx
2430 *0000049c:00000079 xxxxxxxx
2432 *0000049c:00000079 xxxxxxxx
2434 *0000049c:00000079 xxxxxxxx
2436 *0000049c:00000079 xxxxxxxx
2438 *0000049c:00000079 xxxxxxxx
2440 *000004a0:0000007a xxxxxxxx
2440 :*000001280 <= xxxxxxxx
2442 *000004a0:0000007a xxxxxxxx
2444 *000004a0:0000007a xxxxxxxx
2446 *000004a0:0000007a xxxxxxxx
2448 *000004a0:0000007a xxxxxxxx
2448 :*000001280 <= xxxxxxxx
2450 *000004a0:0000007a xxxxxxxx
2452 *000004a0:0000007a xxxxxxxx
2454 *000004a0:0000007a xxxxxxxx
2456 *000004a0:0000007a xxxxxxxx
2456 :*000001280 <= xxxxxxxx
2458 *000004a0:0000007a xxxxxxxx
2460 *000004a0:0000007b xxxxxxxx
2462 *000004a0:0000007b xxxxxxxx
2464 *000004a0:0000007b xxxxxxxx
2466 *000004a0:0000007b xxxxxxxx
2468 *000004a0:0000007b xxxxxxxx
2470 *000004a0:0000007b xxxxxxxx
2472 *000004a0:0000007b xxxxxxxx
2474 *000004a0:0000007b xxxxxxxx
2476 *000004a0:0000007b xxxxxxxx
2478 *000004a0:0000007b xxxxxxxx
2480 *000004a4:0000007c xxxxxxxx
2480 :*000001290 <= xxxxxxxx
2482 *000004a4:0000007c xxxxxxxx
2484 *000004a4:0000007c xxxxxxxx
2486 *000004a4:0000007c xxxxxxxx
2488 *000004a4:0000007c xxxxxxxx
2488 :*000001290 <= xxxxxxxx
2490 *000004a4:0000007c xxxxxxxx
2492 *000004a4:0000007c xxxxxxxx
2494 *000004a4:0000007c xxxxxxxx
2496 *000004a4:0000007c xxxxxxxx
2496 :*000001290 <= xxxxxxxx
2498 *000004a4:0000007c xxxxxxxx
2500 *000004a4:0000007d xxxxxxxx
2502 *000004a4:0000007d xxxxxxxx
2504 *000004a4:0000007d xxxxxxxx
2506 *000004a4:0000007d xxxxxxxx
2508 *000004a4:0000007d xxxxxxxx
2510 *000004a4:0000007d xxxxxxxx
2512 *000004a4:0000007d xxxxxxxx
2514 *000004a4:0000007d xxxxxxxx
2516 *000004a4:0000007d xxxxxxxx
2518 *000004a4:0000007d xxxxxxxx
2520 *000004a8:0000007e xxxxxxxx
2520 :*0000012a0 <= xxxxxxxx
2522 *000004a8:0000007e xxxxxxxx
2524 *000004a8:0000007e xxxxxxxx
2526 *000004a8:0000007e xxxxxxxx
2528 *000004a8:0000007e xxxxxxxx
2528 :*0000012a0 <= xxxxxxxx
2530 *000004a8:0000007e xxxxxxxx
2532 *000004a8:0000007e xxxxxxxx
2534 *000004a8:0000007e xxxxxxxx
2536 *000004a8:0000007e xxxxxxxx
2536 :*0000012a0 <= xxxxxxxx
2538 *000004a8:0000007e xxxxxxxx
2540 *000004a8:0000007f xxxxxxxx
2542 *000004a8:0000007f xxxxxxxx
2544 *000004a8:0000007f xxxxxxxx
2546 *000004a8:0000007f xxxxxxxx
2548 *000004a8:0000007f xxxxxxxx
2550 *000004a8:0000007f xxxxxxxx
2552 *000004a8:0000007f xxxxxxxx
2554 *000004a8:0000007f xxxxxxxx
2556 *000004a8:0000007f xxxxxxxx
2558 *000004a8:0000007f xxxxxxxx
2560 *000004ac:00000080 xxxxxxxx
2560 :*0000012b0 <= xxxxxxxx
2562 *000004ac:00000080 xxxxxxxx
2564 *000004ac:00000080 xxxxxxxx
2566 *000004ac:00000080 xxxxxxxx
2568 *000004ac:00000080 xxxxxxxx
2568 :*0000012b0 <= xxxxxxxx
2570 *000004ac:00000080 xxxxxxxx
2572 *000004ac:00000080 xxxxxxxx
2574 *000004ac:00000080 xxxxxxxx
2576 *000004ac:00000080 xxxxxxxx
2576 :*0000012b0 <= xxxxxxxx
2578 *000004ac:00000080 xxxxxxxx
2580 *000004ac:00000081 xxxxxxxx
2582 *000004ac:00000081 xxxxxxxx
2584 *000004ac:00000081 xxxxxxxx
2586 *000004ac:00000081 xxxxxxxx
2588 *000004ac:00000081 xxxxxxxx
2590 *000004ac:00000081 xxxxxxxx
2592 *000004ac:00000081 xxxxxxxx
2594 *000004ac:00000081 xxxxxxxx
2596 *000004ac:00000081 xxxxxxxx
2598 *000004ac:00000081 xxxxxxxx
2600 *000004b0:00000082 xxxxxxxx
2600 :*0000012c0 <= xxxxxxxx
2602 *000004b0:00000082 xxxxxxxx
2604 *000004b0:00000082 xxxxxxxx
2606 *000004b0:00000082 xxxxxxxx
2608 *000004b0:00000082 xxxxxxxx
2608 :*0000012c0 <= xxxxxxxx
2610 *000004b0:00000082 xxxxxxxx
2612 *000004b0:00000082 xxxxxxxx
2614 *000004b0:00000082 xxxxxxxx
2616 *000004b0:00000082 xxxxxxxx
2616 :*0000012c0 <= xxxxxxxx
2618 *000004b0:00000082 xxxxxxxx
2620 *000004b0:00000083 xxxxxxxx
2622 *000004b0:00000083 xxxxxxxx
2624 *000004b0:00000083 xxxxxxxx
2626 *000004b0:00000083 xxxxxxxx
2628 *000004b0:00000083 xxxxxxxx
2630 *000004b0:00000083 xxxxxxxx
2632 *000004b0:00000083 xxxxxxxx
2634 *000004b0:00000083 xxxxxxxx
2636 *000004b0:00000083 xxxxxxxx
2638 *000004b0:00000083 xxxxxxxx
2640 *000004b4:00000084 xxxxxxxx
2640 :*0000012d0 <= xxxxxxxx
2642 *000004b4:00000084 xxxxxxxx
2644 *000004b4:00000084 xxxxxxxx
2646 *000004b4:00000084 xxxxxxxx
2648 *000004b4:00000084 xxxxxxxx
2648 :*0000012d0 <= xxxxxxxx
2650 *000004b4:00000084 xxxxxxxx
2652 *000004b4:00000084 xxxxxxxx
2654 *000004b4:00000084 xxxxxxxx
2656 *000004b4:00000084 xxxxxxxx
2656 :*0000012d0 <= xxxxxxxx
2658 *000004b4:00000084 xxxxxxxx
2660 *000004b4:00000085 xxxxxxxx
2662 *000004b4:00000085 xxxxxxxx
2664 *000004b4:00000085 xxxxxxxx
2666 *000004b4:00000085 xxxxxxxx
2668 *000004b4:00000085 xxxxxxxx
2670 *000004b4:00000085 xxxxxxxx
2672 *000004b4:00000085 xxxxxxxx
2674 *000004b4:00000085 xxxxxxxx
2676 *000004b4:00000085 xxxxxxxx
2678 *000004b4:00000085 xxxxxxxx
2680 *000004b8:00000086 xxxxxxxx
2680 :*0000012e0 <= xxxxxxxx
2682 *000004b8:00000086 xxxxxxxx
2684 *000004b8:00000086 xxxxxxxx
2686 *000004b8:00000086 xxxxxxxx
2688 *000004b8:00000086 xxxxxxxx
2688 :*0000012e0 <= xxxxxxxx
2690 *000004b8:00000086 xxxxxxxx
2692 *000004b8:00000086 xxxxxxxx
2694 *000004b8:00000086 xxxxxxxx
2696 *000004b8:00000086 xxxxxxxx
2696 :*0000012e0 <= xxxxxxxx
2698 *000004b8:00000086 xxxxxxxx
2700 *000004b8:00000087 xxxxxxxx
2702 *000004b8:00000087 xxxxxxxx
2704 *000004b8:00000087 xxxxxxxx
2706 *000004b8:00000087 xxxxxxxx
2708 *000004b8:00000087 xxxxxxxx
2710 *000004b8:00000087 xxxxxxxx
2712 *000004b8:00000087 xxxxxxxx
2714 *000004b8:00000087 xxxxxxxx
2716 *000004b8:00000087 xxxxxxxx
2718 *000004b8:00000087 xxxxxxxx
2720 *000004bc:00000088 xxxxxxxx
2720 :*0000012f0 <= xxxxxxxx
2722 *000004bc:00000088 xxxxxxxx
2724 *000004bc:00000088 xxxxxxxx
2726 *000004bc:00000088 xxxxxxxx
2728 *000004bc:00000088 xxxxxxxx
2728 :*0000012f0 <= xxxxxxxx
2730 *000004bc:00000088 xxxxxxxx
2732 *000004bc:00000088 xxxxxxxx
2734 *000004bc:00000088 xxxxxxxx
2736 *000004bc:00000088 xxxxxxxx
2736 :*0000012f0 <= xxxxxxxx
2738 *000004bc:00000088 xxxxxxxx
2740 *000004bc:00000089 xxxxxxxx
2742 *000004bc:00000089 xxxxxxxx
2744 *000004bc:00000089 xxxxxxxx
2746 *000004bc:00000089 xxxxxxxx
2748 *000004bc:00000089 xxxxxxxx
2750 *000004bc:00000089 xxxxxxxx
2752 *000004bc:00000089 xxxxxxxx
2754 *000004bc:00000089 xxxxxxxx
2756 *000004bc:00000089 xxxxxxxx
2758 *000004bc:00000089 xxxxxxxx
2760 *000004c0:0000008a xxxxxxxx
2760 :*000001300 <= xxxxxxxx
2762 *000004c0:0000008a xxxxxxxx
2764 *000004c0:0000008a xxxxxxxx
2766 *000004c0:0000008a xxxxxxxx
2768 *000004c0:0000008a xxxxxxxx
2768 :*000001300 <= xxxxxxxx
2770 *000004c0:0000008a xxxxxxxx
2772 *000004c0:0000008a xxxxxxxx
2774 *000004c0:0000008a xxxxxxxx
2776 *000004c0:0000008a xxxxxxxx
2776 :*000001300 <= xxxxxxxx
2778 *000004c0:0000008a xxxxxxxx
2780 *000004c0:0000008b xxxxxxxx
2782 *000004c0:0000008b xxxxxxxx
2784 *000004c0:0000008b xxxxxxxx
2786 *000004c0:0000008b xxxxxxxx
2788 *000004c0:0000008b xxxxxxxx
2790 *000004c0:0000008b xxxxxxxx
2792 *000004c0:0000008b xxxxxxxx
2794 *000004c0:0000008b xxxxxxxx
2796 *000004c0:0000008b xxxxxxxx
2798 *000004c0:0000008b xxxxxxxx
2800 *000004c4:0000008c xxxxxxxx
2800 :*000001310 <= xxxxxxxx
2802 *000004c4:0000008c xxxxxxxx
2804 *000004c4:0000008c xxxxxxxx
2806 *000004c4:0000008c xxxxxxxx
2808 *000004c4:0000008c xxxxxxxx
2808 :*000001310 <= xxxxxxxx
2810 *000004c4:0000008c xxxxxxxx
2812 *000004c4:0000008c xxxxxxxx
2814 *000004c4:0000008c xxxxxxxx
2816 *000004c4:0000008c xxxxxxxx
2816 :*000001310 <= xxxxxxxx
2818 *000004c4:0000008c xxxxxxxx
2820 *000004c4:0000008d xxxxxxxx
2822 *000004c4:0000008d xxxxxxxx
2824 *000004c4:0000008d xxxxxxxx
2826 *000004c4:0000008d xxxxxxxx
2828 *000004c4:0000008d xxxxxxxx
2830 *000004c4:0000008d xxxxxxxx
2832 *000004c4:0000008d xxxxxxxx
2834 *000004c4:0000008d xxxxxxxx
2836 *000004c4:0000008d xxxxxxxx
2838 *000004c4:0000008d xxxxxxxx
2840 *000004c8:0000008e xxxxxxxx
2840 :*000001320 <= xxxxxxxx
2842 *000004c8:0000008e xxxxxxxx
2844 *000004c8:0000008e xxxxxxxx
2846 *000004c8:0000008e xxxxxxxx
2848 *000004c8:0000008e xxxxxxxx
2848 :*000001320 <= xxxxxxxx
2850 *000004c8:0000008e xxxxxxxx
2852 *000004c8:0000008e xxxxxxxx
2854 *000004c8:0000008e xxxxxxxx
2856 *000004c8:0000008e xxxxxxxx
2856 :*000001320 <= xxxxxxxx
2858 *000004c8:0000008e xxxxxxxx
2860 *000004c8:0000008f xxxxxxxx
2862 *000004c8:0000008f xxxxxxxx
2864 *000004c8:0000008f xxxxxxxx
2866 *000004c8:0000008f xxxxxxxx
2868 *000004c8:0000008f xxxxxxxx
2870 *000004c8:0000008f xxxxxxxx
2872 *000004c8:0000008f xxxxxxxx
2874 *000004c8:0000008f xxxxxxxx
2876 *000004c8:0000008f xxxxxxxx
2878 *000004c8:0000008f xxxxxxxx
2880 *000004cc:00000090 xxxxxxxx
2880 :*000001330 <= xxxxxxxx
2882 *000004cc:00000090 xxxxxxxx
2884 *000004cc:00000090 xxxxxxxx
2886 *000004cc:00000090 xxxxxxxx
2888 *000004cc:00000090 xxxxxxxx
2888 :*000001330 <= xxxxxxxx
2890 *000004cc:00000090 xxxxxxxx
2892 *000004cc:00000090 xxxxxxxx
2894 *000004cc:00000090 xxxxxxxx
2896 *000004cc:00000090 xxxxxxxx
2896 :*000001330 <= xxxxxxxx
2898 *000004cc:00000090 xxxxxxxx
2900 *000004cc:00000091 xxxxxxxx
2902 *000004cc:00000091 xxxxxxxx
2904 *000004cc:00000091 xxxxxxxx
2906 *000004cc:00000091 xxxxxxxx
2908 *000004cc:00000091 xxxxxxxx
2910 *000004cc:00000091 xxxxxxxx
2912 *000004cc:00000091 xxxxxxxx
2914 *000004cc:00000091 xxxxxxxx
2916 *000004cc:00000091 xxxxxxxx
2918 *000004cc:00000091 xxxxxxxx
2920 *000004d0:00000092 xxxxxxxx
2920 :*000001340 <= xxxxxxxx
2922 *000004d0:00000092 xxxxxxxx
2924 *000004d0:00000092 xxxxxxxx
2926 *000004d0:00000092 xxxxxxxx
2928 *000004d0:00000092 xxxxxxxx
2928 :*000001340 <= xxxxxxxx
2930 *000004d0:00000092 xxxxxxxx
2932 *000004d0:00000092 xxxxxxxx
2934 *000004d0:00000092 xxxxxxxx
2936 *000004d0:00000092 xxxxxxxx
2936 :*000001340 <= xxxxxxxx
2938 *000004d0:00000092 xxxxxxxx
2940 *000004d0:00000093 xxxxxxxx
2942 *000004d0:00000093 xxxxxxxx
2944 *000004d0:00000093 xxxxxxxx
2946 *000004d0:00000093 xxxxxxxx
2948 *000004d0:00000093 xxxxxxxx
2950 *000004d0:00000093 xxxxxxxx
2952 *000004d0:00000093 xxxxxxxx
2954 *000004d0:00000093 xxxxxxxx
2956 *000004d0:00000093 xxxxxxxx
2958 *000004d0:00000093 xxxxxxxx
2960 *000004d4:00000094 xxxxxxxx
2960 :*000001350 <= xxxxxxxx
2962 *000004d4:00000094 xxxxxxxx
2964 *000004d4:00000094 xxxxxxxx
2966 *000004d4:00000094 xxxxxxxx
2968 *000004d4:00000094 xxxxxxxx
2968 :*000001350 <= xxxxxxxx
2970 *000004d4:00000094 xxxxxxxx
2972 *000004d4:00000094 xxxxxxxx
2974 *000004d4:00000094 xxxxxxxx
2976 *000004d4:00000094 xxxxxxxx
2976 :*000001350 <= xxxxxxxx
2978 *000004d4:00000094 xxxxxxxx
2980 *000004d4:00000095 xxxxxxxx
2982 *000004d4:00000095 xxxxxxxx
2984 *000004d4:00000095 xxxxxxxx
2986 *000004d4:00000095 xxxxxxxx
2988 *000004d4:00000095 xxxxxxxx
2990 *000004d4:00000095 xxxxxxxx
2992 *000004d4:00000095 xxxxxxxx
2994 *000004d4:00000095 xxxxxxxx
2996 *000004d4:00000095 xxxxxxxx
2998 *000004d4:00000095 xxxxxxxx
$finish called at time : 3 us : File "C:/Users/pen/Desktop/FPGA/DataMem/DataMem.srcs/sim_1/new/DataMem_tb.v" Line 99
