#-----------------------------------------------------------
# Vivado v2019.2 (64-bit)
# SW Build 2708876 on Wed Nov  6 21:40:23 MST 2019
# IP Build 2700528 on Thu Nov  7 00:09:20 MST 2019
# Start of session at: Sat May 20 08:56:07 2023
# Process ID: 29912
# Current directory: C:/Users/pen/Desktop/FPGA/IFU
# Command line: vivado.exe -gui_launcher_event rodinguilauncherevent10660 C:\Users\pen\Desktop\FPGA\IFU\IFU.xpr
# Log file: C:/Users/pen/Desktop/FPGA/IFU/vivado.log
# Journal file: C:/Users/pen/Desktop/FPGA/IFU\vivado.jou
#-----------------------------------------------------------
start_gui
open_project C:/Users/pen/Desktop/FPGA/IFU/IFU.xpr
Scanning sources...
Finished scanning sources
INFO: [IP_Flow 19-234] Refreshing IP repositories
INFO: [IP_Flow 19-1704] No user IP repositories specified
INFO: [IP_Flow 19-2313] Loaded Vivado IP repository 'C:/PenProgram/Xilinx/vivado/Vivado/2019.2/data/ip'.
update_compile_order -fileset sources_1
exit
INFO: [Common 17-206] Exiting Vivado at Sat May 20 11:31:14 2023...
