Copyright 1986-2019 Xilinx, Inc. All Rights Reserved.
--------------------------------------------------------------------------------------------------------------------------------------------------------------------------------
| Tool Version : Vivado v.2019.2 (win64) Build 2708876 Wed Nov  6 21:40:23 MST 2019
| Date         : Sat May 13 11:24:37 2023
| Host         : LAPTOP-06O390G9 running 64-bit major release  (build 9200)
| Command      : report_timing_summary -max_paths 10 -file ALU_timing_summary_routed.rpt -pb ALU_timing_summary_routed.pb -rpx ALU_timing_summary_routed.rpx -warn_on_violation
| Design       : ALU
| Device       : 7k70t-fbv676
| Speed File   : -1  PRODUCTION 1.12 2017-02-17
--------------------------------------------------------------------------------------------------------------------------------------------------------------------------------

Timing Summary Report

------------------------------------------------------------------------------------------------
| Timer Settings
| --------------
------------------------------------------------------------------------------------------------

  Enable Multi Corner Analysis               :  Yes
  Enable Pessimism Removal                   :  Yes
  Pessimism Removal Resolution               :  Nearest Common Node
  Enable Input Delay Default Clock           :  No
  Enable Preset / Clear Arcs                 :  No
  Disable Flight Delays                      :  No
  Ignore I/O Paths                           :  No
  Timing Early Launch at Borrowing Latches   :  No
  Borrow Time for Max Delay Exceptions       :  Yes
  Merge Timing Exceptions                    :  Yes

  Corner  Analyze    Analyze    
  Name    Max Paths  Min Paths  
  ------  ---------  ---------  
  Slow    Yes        Yes        
  Fast    Yes        Yes        



check_timing report

Table of Contents
-----------------
1. checking no_clock
2. checking constant_clock
3. checking pulse_width_clock
4. checking unconstrained_internal_endpoints
5. checking no_input_delay
6. checking no_output_delay
7. checking multiple_clock
8. checking generated_clocks
9. checking loops
10. checking partial_input_delay
11. checking partial_output_delay
12. checking latch_loops

1. checking no_clock
--------------------
 There are 32 register/latch pins with no clock driven by root clock pin: ctrlIn[0] (HIGH)

 There are 32 register/latch pins with no clock driven by root clock pin: ctrlIn[1] (HIGH)

 There are 32 register/latch pins with no clock driven by root clock pin: ctrlIn[2] (HIGH)

 There are 32 register/latch pins with no clock driven by root clock pin: ctrlIn[3] (HIGH)

 There are 32 register/latch pins with no clock driven by root clock pin: dataInA[0] (HIGH)

 There are 32 register/latch pins with no clock driven by root clock pin: dataInA[10] (HIGH)

 There are 32 register/latch pins with no clock driven by root clock pin: dataInA[11] (HIGH)

 There are 32 register/latch pins with no clock driven by root clock pin: dataInA[12] (HIGH)

 There are 32 register/latch pins with no clock driven by root clock pin: dataInA[13] (HIGH)

 There are 32 register/latch pins with no clock driven by root clock pin: dataInA[14] (HIGH)

 There are 32 register/latch pins with no clock driven by root clock pin: dataInA[15] (HIGH)

 There are 32 register/latch pins with no clock driven by root clock pin: dataInA[16] (HIGH)

 There are 32 register/latch pins with no clock driven by root clock pin: dataInA[17] (HIGH)

 There are 32 register/latch pins with no clock driven by root clock pin: dataInA[18] (HIGH)

 There are 32 register/latch pins with no clock driven by root clock pin: dataInA[19] (HIGH)

 There are 32 register/latch pins with no clock driven by root clock pin: dataInA[1] (HIGH)

 There are 32 register/latch pins with no clock driven by root clock pin: dataInA[20] (HIGH)

 There are 32 register/latch pins with no clock driven by root clock pin: dataInA[21] (HIGH)

 There are 32 register/latch pins with no clock driven by root clock pin: dataInA[22] (HIGH)

 There are 32 register/latch pins with no clock driven by root clock pin: dataInA[23] (HIGH)

 There are 32 register/latch pins with no clock driven by root clock pin: dataInA[24] (HIGH)

 There are 32 register/latch pins with no clock driven by root clock pin: dataInA[25] (HIGH)

 There are 32 register/latch pins with no clock driven by root clock pin: dataInA[26] (HIGH)

 There are 32 register/latch pins with no clock driven by root clock pin: dataInA[27] (HIGH)

 There are 32 register/latch pins with no clock driven by root clock pin: dataInA[28] (HIGH)

 There are 32 register/latch pins with no clock driven by root clock pin: dataInA[29] (HIGH)

 There are 32 register/latch pins with no clock driven by root clock pin: dataInA[2] (HIGH)

 There are 32 register/latch pins with no clock driven by root clock pin: dataInA[30] (HIGH)

 There are 32 register/latch pins with no clock driven by root clock pin: dataInA[31] (HIGH)

 There are 32 register/latch pins with no clock driven by root clock pin: dataInA[3] (HIGH)

 There are 32 register/latch pins with no clock driven by root clock pin: dataInA[4] (HIGH)

 There are 32 register/latch pins with no clock driven by root clock pin: dataInA[5] (HIGH)

 There are 32 register/latch pins with no clock driven by root clock pin: dataInA[6] (HIGH)

 There are 32 register/latch pins with no clock driven by root clock pin: dataInA[7] (HIGH)

 There are 32 register/latch pins with no clock driven by root clock pin: dataInA[8] (HIGH)

 There are 32 register/latch pins with no clock driven by root clock pin: dataInA[9] (HIGH)

 There are 32 register/latch pins with no clock driven by root clock pin: dataInB[0] (HIGH)

 There are 32 register/latch pins with no clock driven by root clock pin: dataInB[10] (HIGH)

 There are 32 register/latch pins with no clock driven by root clock pin: dataInB[11] (HIGH)

 There are 32 register/latch pins with no clock driven by root clock pin: dataInB[12] (HIGH)

 There are 32 register/latch pins with no clock driven by root clock pin: dataInB[13] (HIGH)

 There are 32 register/latch pins with no clock driven by root clock pin: dataInB[14] (HIGH)

 There are 32 register/latch pins with no clock driven by root clock pin: dataInB[15] (HIGH)

 There are 32 register/latch pins with no clock driven by root clock pin: dataInB[16] (HIGH)

 There are 32 register/latch pins with no clock driven by root clock pin: dataInB[17] (HIGH)

 There are 32 register/latch pins with no clock driven by root clock pin: dataInB[18] (HIGH)

 There are 32 register/latch pins with no clock driven by root clock pin: dataInB[19] (HIGH)

 There are 32 register/latch pins with no clock driven by root clock pin: dataInB[1] (HIGH)

 There are 32 register/latch pins with no clock driven by root clock pin: dataInB[20] (HIGH)

 There are 32 register/latch pins with no clock driven by root clock pin: dataInB[21] (HIGH)

 There are 32 register/latch pins with no clock driven by root clock pin: dataInB[22] (HIGH)

 There are 32 register/latch pins with no clock driven by root clock pin: dataInB[23] (HIGH)

 There are 32 register/latch pins with no clock driven by root clock pin: dataInB[24] (HIGH)

 There are 32 register/latch pins with no clock driven by root clock pin: dataInB[25] (HIGH)

 There are 32 register/latch pins with no clock driven by root clock pin: dataInB[26] (HIGH)

 There are 32 register/latch pins with no clock driven by root clock pin: dataInB[27] (HIGH)

 There are 32 register/latch pins with no clock driven by root clock pin: dataInB[28] (HIGH)

 There are 32 register/latch pins with no clock driven by root clock pin: dataInB[29] (HIGH)

 There are 32 register/latch pins with no clock driven by root clock pin: dataInB[2] (HIGH)

 There are 32 register/latch pins with no clock driven by root clock pin: dataInB[30] (HIGH)

 There are 32 register/latch pins with no clock driven by root clock pin: dataInB[31] (HIGH)

 There are 32 register/latch pins with no clock driven by root clock pin: dataInB[3] (HIGH)

 There are 32 register/latch pins with no clock driven by root clock pin: dataInB[4] (HIGH)

 There are 32 register/latch pins with no clock driven by root clock pin: dataInB[5] (HIGH)

 There are 32 register/latch pins with no clock driven by root clock pin: dataInB[6] (HIGH)

 There are 32 register/latch pins with no clock driven by root clock pin: dataInB[7] (HIGH)

 There are 32 register/latch pins with no clock driven by root clock pin: dataInB[8] (HIGH)

 There are 32 register/latch pins with no clock driven by root clock pin: dataInB[9] (HIGH)


2. checking constant_clock
--------------------------
 There are 0 register/latch pins with constant_clock.


3. checking pulse_width_clock
-----------------------------
 There are 0 register/latch pins which need pulse_width check


4. checking unconstrained_internal_endpoints
--------------------------------------------
 There are 32 pins that are not constrained for maximum delay. (HIGH)

 There are 0 pins that are not constrained for maximum delay due to constant clock.


5. checking no_input_delay
--------------------------
 There are 68 input ports with no input delay specified. (HIGH)

 There are 0 input ports with no input delay but user has a false path constraint.


6. checking no_output_delay
---------------------------
 There are 33 ports with no output delay specified. (HIGH)

 There are 0 ports with no output delay but user has a false path constraint

 There are 0 ports with no output delay but with a timing clock defined on it or propagating through it


7. checking multiple_clock
--------------------------
 There are 0 register/latch pins with multiple clocks.


8. checking generated_clocks
----------------------------
 There are 0 generated clocks that are not connected to a clock source.


9. checking loops
-----------------
 There are 0 combinational loops in the design.


10. checking partial_input_delay
--------------------------------
 There are 0 input ports with partial input delay specified.


11. checking partial_output_delay
---------------------------------
 There are 0 ports with partial output delay specified.


12. checking latch_loops
------------------------
 There are 0 combinational latch loops in the design through latch input



------------------------------------------------------------------------------------------------
| Design Timing Summary
| ---------------------
------------------------------------------------------------------------------------------------

    WNS(ns)      TNS(ns)  TNS Failing Endpoints  TNS Total Endpoints      WHS(ns)      THS(ns)  THS Failing Endpoints  THS Total Endpoints     WPWS(ns)     TPWS(ns)  TPWS Failing Endpoints  TPWS Total Endpoints  
    -------      -------  ---------------------  -------------------      -------      -------  ---------------------  -------------------     --------     --------  ----------------------  --------------------  
         NA           NA                     NA                   NA           NA           NA                     NA                   NA           NA           NA                      NA                    NA  


There are no user specified timing constraints.


------------------------------------------------------------------------------------------------
| Clock Summary
| -------------
------------------------------------------------------------------------------------------------


------------------------------------------------------------------------------------------------
| Intra Clock Table
| -----------------
------------------------------------------------------------------------------------------------

Clock             WNS(ns)      TNS(ns)  TNS Failing Endpoints  TNS Total Endpoints      WHS(ns)      THS(ns)  THS Failing Endpoints  THS Total Endpoints     WPWS(ns)     TPWS(ns)  TPWS Failing Endpoints  TPWS Total Endpoints  
-----             -------      -------  ---------------------  -------------------      -------      -------  ---------------------  -------------------     --------     --------  ----------------------  --------------------  


------------------------------------------------------------------------------------------------
| Inter Clock Table
| -----------------
------------------------------------------------------------------------------------------------

From Clock    To Clock          WNS(ns)      TNS(ns)  TNS Failing Endpoints  TNS Total Endpoints      WHS(ns)      THS(ns)  THS Failing Endpoints  THS Total Endpoints  
----------    --------          -------      -------  ---------------------  -------------------      -------      -------  ---------------------  -------------------  


------------------------------------------------------------------------------------------------
| Other Path Groups Table
| -----------------------
------------------------------------------------------------------------------------------------

Path Group    From Clock    To Clock          WNS(ns)      TNS(ns)  TNS Failing Endpoints  TNS Total Endpoints      WHS(ns)      THS(ns)  THS Failing Endpoints  THS Total Endpoints  
----------    ----------    --------          -------      -------  ---------------------  -------------------      -------      -------  ---------------------  -------------------  


------------------------------------------------------------------------------------------------
| Timing Details
| --------------
------------------------------------------------------------------------------------------------


