
*** Running vivado
    with args -log smips.vds -m64 -product Vivado -mode batch -messageDb vivado.pb -notrace -source smips.tcl


****** Vivado v2019.2 (64-bit)
  **** SW Build 2708876 on Wed Nov  6 21:40:23 MST 2019
  **** IP Build 2700528 on Thu Nov  7 00:09:20 MST 2019
    ** Copyright 1986-2019 Xilinx, Inc. All Rights Reserved.

source smips.tcl -notrace
Command: synth_design -top smips -part xc7k70tfbv676-1
Starting synth_design
Attempting to get a license for feature 'Synthesis' and/or device 'xc7k70t'
INFO: [Common 17-349] Got license for feature 'Synthesis' and/or device 'xc7k70t'
INFO: Launching helper process for spawning children vivado processes
INFO: Helper process launched with PID 4708 
---------------------------------------------------------------------------------
Starting Synthesize : Time (s): cpu = 00:00:04 ; elapsed = 00:00:04 . Memory (MB): peak = 507.293 ; gain = 209.285
---------------------------------------------------------------------------------
INFO: [Synth 8-6157] synthesizing module 'smips' [C:/Users/pen/Desktop/FPGA/smips/smips.srcs/sources_1/new/smips.v:23]
INFO: [Synth 8-6157] synthesizing module 'DataPath' [C:/Users/pen/Desktop/FPGA/DataPath/DataPath.srcs/sources_1/new/DataPath.v:23]
INFO: [Synth 8-6157] synthesizing module 'IFU' [C:/Users/pen/Desktop/FPGA/IFU/IFU.srcs/sources_1/new/IFU.v:23]
INFO: [Synth 8-5534] Detected attribute (* rom_style = "block" *) [C:/Users/pen/Desktop/FPGA/IFU/IFU.srcs/sources_1/new/IFU.v:33]
INFO: [Synth 8-3876] $readmem data file 'C:/Users/pen/Desktop/FPGA/IFU/IFU.sim/sim_1/behav/xsim/bcode.dat' is read successfully [C:/Users/pen/Desktop/FPGA/IFU/IFU.srcs/sources_1/new/IFU.v:34]
INFO: [Synth 8-6155] done synthesizing module 'IFU' (1#1) [C:/Users/pen/Desktop/FPGA/IFU/IFU.srcs/sources_1/new/IFU.v:23]
INFO: [Synth 8-6157] synthesizing module 'DataMem' [C:/Users/pen/Desktop/FPGA/DataMem/DataMem.srcs/sources_1/new/DataMem.v:22]
INFO: [Synth 8-5534] Detected attribute (* ram_style = "block" *) [C:/Users/pen/Desktop/FPGA/DataMem/DataMem.srcs/sources_1/new/DataMem.v:31]
INFO: [Synth 8-6155] done synthesizing module 'DataMem' (2#1) [C:/Users/pen/Desktop/FPGA/DataMem/DataMem.srcs/sources_1/new/DataMem.v:22]
INFO: [Synth 8-6157] synthesizing module 'select21' [C:/Users/pen/Desktop/FPGA/select21/select21.srcs/sources_1/new/select21.v:23]
INFO: [Synth 8-226] default block is never used [C:/Users/pen/Desktop/FPGA/select21/select21.srcs/sources_1/new/select21.v:31]
INFO: [Synth 8-6155] done synthesizing module 'select21' (3#1) [C:/Users/pen/Desktop/FPGA/select21/select21.srcs/sources_1/new/select21.v:23]
INFO: [Synth 8-6157] synthesizing module 'select31' [C:/Users/pen/Desktop/FPGA/select31/select31.srcs/sources_1/new/select31.v:22]
INFO: [Synth 8-6155] done synthesizing module 'select31' (4#1) [C:/Users/pen/Desktop/FPGA/select31/select31.srcs/sources_1/new/select31.v:22]
INFO: [Synth 8-6157] synthesizing module 'ALU' [C:/Users/pen/Desktop/FPGA/ALU/ALU.srcs/sources_1/new/ALU.v:23]
INFO: [Synth 8-6155] done synthesizing module 'ALU' (5#1) [C:/Users/pen/Desktop/FPGA/ALU/ALU.srcs/sources_1/new/ALU.v:23]
INFO: [Synth 8-6157] synthesizing module 'GRF' [C:/Users/pen/Desktop/FPGA/GRF/GRF.srcs/sources_1/new/GRF.v:23]
INFO: [Synth 8-6155] done synthesizing module 'GRF' (6#1) [C:/Users/pen/Desktop/FPGA/GRF/GRF.srcs/sources_1/new/GRF.v:23]
INFO: [Synth 8-6155] done synthesizing module 'DataPath' (7#1) [C:/Users/pen/Desktop/FPGA/DataPath/DataPath.srcs/sources_1/new/DataPath.v:23]
INFO: [Synth 8-6157] synthesizing module 'CTRL' [C:/Users/pen/Desktop/FPGA/CTRL/CTRL.srcs/sources_1/new/CTRL.v:23]
INFO: [Synth 8-226] default block is never used [C:/Users/pen/Desktop/FPGA/CTRL/CTRL.srcs/sources_1/new/CTRL.v:239]
INFO: [Synth 8-6155] done synthesizing module 'CTRL' (8#1) [C:/Users/pen/Desktop/FPGA/CTRL/CTRL.srcs/sources_1/new/CTRL.v:23]
INFO: [Synth 8-6155] done synthesizing module 'smips' (9#1) [C:/Users/pen/Desktop/FPGA/smips/smips.srcs/sources_1/new/smips.v:23]
WARNING: [Synth 8-3917] design smips has port flag driven by constant 1
WARNING: [Synth 8-3331] design CTRL has unconnected port zero
WARNING: [Synth 8-3331] design DataMem has unconnected port addr[1]
WARNING: [Synth 8-3331] design DataMem has unconnected port addr[0]
WARNING: [Synth 8-3331] design DataPath has unconnected port branch
---------------------------------------------------------------------------------
Finished Synthesize : Time (s): cpu = 00:00:11 ; elapsed = 00:00:14 . Memory (MB): peak = 717.711 ; gain = 419.703
---------------------------------------------------------------------------------
---------------------------------------------------------------------------------
Finished Constraint Validation : Time (s): cpu = 00:00:12 ; elapsed = 00:00:16 . Memory (MB): peak = 717.711 ; gain = 419.703
---------------------------------------------------------------------------------
---------------------------------------------------------------------------------
Start Loading Part and Timing Information
---------------------------------------------------------------------------------
Loading part: xc7k70tfbv676-1
---------------------------------------------------------------------------------
Finished Loading Part and Timing Information : Time (s): cpu = 00:00:12 ; elapsed = 00:00:16 . Memory (MB): peak = 717.711 ; gain = 419.703
---------------------------------------------------------------------------------
INFO: [Device 21-403] Loading part xc7k70tfbv676-1
INFO: [Synth 8-7031] Trying to map ROM "imem" into Block RAM due to explicit "ram_style" or "rom_style" specification
INFO: [Synth 8-5546] ROM "ifuCtrl" won't be mapped to RAM because it is too sparse
INFO: [Synth 8-5587] ROM size for "aluCtrl" is below threshold of ROM address width. It will be mapped to LUTs
INFO: [Synth 8-5546] ROM "regDst" won't be mapped to RAM because it is too sparse
INFO: [Synth 8-5546] ROM "aluScrB" won't be mapped to RAM because it is too sparse
WARNING: [Synth 8-327] inferring latch for variable 'aluOp_reg' [C:/Users/pen/Desktop/FPGA/CTRL/CTRL.srcs/sources_1/new/CTRL.v:48]
WARNING: [Synth 8-327] inferring latch for variable 'aluScrB_reg' [C:/Users/pen/Desktop/FPGA/CTRL/CTRL.srcs/sources_1/new/CTRL.v:43]
WARNING: [Synth 8-327] inferring latch for variable 'regDst_reg' [C:/Users/pen/Desktop/FPGA/CTRL/CTRL.srcs/sources_1/new/CTRL.v:44]
WARNING: [Synth 8-327] inferring latch for variable 'memtoreg_reg' [C:/Users/pen/Desktop/FPGA/CTRL/CTRL.srcs/sources_1/new/CTRL.v:47]
---------------------------------------------------------------------------------
Finished RTL Optimization Phase 2 : Time (s): cpu = 00:00:54 ; elapsed = 00:01:00 . Memory (MB): peak = 994.289 ; gain = 696.281
---------------------------------------------------------------------------------

Report RTL Partitions: 
+------+----------------------+------------+----------+
|      |RTL Partition         |Replication |Instances |
+------+----------------------+------------+----------+
|1     |muxpart__2048_DataMem |           1|     32736|
|2     |DataMem__GB1          |           1|      3015|
|3     |DataMem__GB2          |           1|      9952|
|4     |DataMem__GB3          |           1|     11178|
|5     |DataMem__GB4          |           1|     15648|
|6     |DataMem__GB5          |           1|     18094|
|7     |DataMem__GB6          |           1|     22844|
|8     |DataMem__GB7          |           1|     29254|
|9     |DataMem__GB8          |           1|     36066|
|10    |DataMem__GB9          |           1|     31312|
|11    |DataMem__GB10         |           1|     15119|
|12    |DataMem__GB11         |           1|     32002|
|13    |DataMem__GB12         |           1|     10771|
|14    |DataMem__GB13         |           1|     16195|
|15    |DataMem__GB14         |           1|     36036|
|16    |DataMem__GB15         |           1|     34888|
|17    |DataPath__GC0         |           1|     12376|
|18    |CTRL                  |           1|       173|
+------+----------------------+------------+----------+
No constraint files found.
---------------------------------------------------------------------------------
Start RTL Component Statistics 
---------------------------------------------------------------------------------
Detailed RTL Component Info : 
+---Adders : 
	   2 Input     32 Bit       Adders := 2     
	   3 Input     32 Bit       Adders := 1     
+---XORs : 
	   2 Input     32 Bit         XORs := 1     
+---Registers : 
	               32 Bit    Registers := 1057  
+---Muxes : 
	   2 Input     32 Bit        Muxes := 1132  
	   5 Input     32 Bit        Muxes := 1     
	   3 Input     32 Bit        Muxes := 1     
	   4 Input     32 Bit        Muxes := 1     
	   2 Input      5 Bit        Muxes := 1     
	  13 Input      4 Bit        Muxes := 1     
	   4 Input      2 Bit        Muxes := 2     
	   9 Input      2 Bit        Muxes := 4     
	  10 Input      2 Bit        Muxes := 1     
	   2 Input      1 Bit        Muxes := 2143  
	   9 Input      1 Bit        Muxes := 4     
	  10 Input      1 Bit        Muxes := 1     
---------------------------------------------------------------------------------
Finished RTL Component Statistics 
---------------------------------------------------------------------------------
---------------------------------------------------------------------------------
Start RTL Hierarchical Component Statistics 
---------------------------------------------------------------------------------
Hierarchical RTL Component report 
Module DataMem 
Detailed RTL Component Info : 
+---Registers : 
	               32 Bit    Registers := 1024  
+---Muxes : 
	   2 Input     32 Bit        Muxes := 1032  
	   2 Input      1 Bit        Muxes := 2048  
Module IFU 
Detailed RTL Component Info : 
+---Adders : 
	   2 Input     32 Bit       Adders := 1     
+---Registers : 
	               32 Bit    Registers := 1     
+---Muxes : 
	   2 Input     32 Bit        Muxes := 3     
	   5 Input     32 Bit        Muxes := 1     
	   3 Input     32 Bit        Muxes := 1     
	   4 Input      2 Bit        Muxes := 1     
Module select21__1 
Detailed RTL Component Info : 
+---Muxes : 
	   2 Input     32 Bit        Muxes := 1     
Module select21 
Detailed RTL Component Info : 
+---Muxes : 
	   2 Input     32 Bit        Muxes := 1     
Module select31 
Detailed RTL Component Info : 
+---Muxes : 
	   4 Input     32 Bit        Muxes := 1     
Module ALU 
Detailed RTL Component Info : 
+---Adders : 
	   2 Input     32 Bit       Adders := 1     
	   3 Input     32 Bit       Adders := 1     
+---XORs : 
	   2 Input     32 Bit         XORs := 1     
Module GRF 
Detailed RTL Component Info : 
+---Registers : 
	               32 Bit    Registers := 32    
+---Muxes : 
	   2 Input     32 Bit        Muxes := 95    
	   2 Input      1 Bit        Muxes := 95    
Module DataPath 
Detailed RTL Component Info : 
+---Muxes : 
	   2 Input      5 Bit        Muxes := 1     
Module CTRL 
Detailed RTL Component Info : 
+---Muxes : 
	  13 Input      4 Bit        Muxes := 1     
	   9 Input      2 Bit        Muxes := 4     
	  10 Input      2 Bit        Muxes := 1     
	   4 Input      2 Bit        Muxes := 1     
	   9 Input      1 Bit        Muxes := 4     
	  10 Input      1 Bit        Muxes := 1     
---------------------------------------------------------------------------------
Finished RTL Hierarchical Component Statistics
---------------------------------------------------------------------------------
---------------------------------------------------------------------------------
Start Part Resource Summary
---------------------------------------------------------------------------------
Part Resources:
DSPs: 240 (col length:80)
BRAMs: 270 (col length: RAMB18 80 RAMB36 40)
---------------------------------------------------------------------------------
Finished Part Resource Summary
---------------------------------------------------------------------------------
INFO: [Synth 8-5580] Multithreading enabled for synth_design using a maximum of 2 processes.
No constraint files found.
---------------------------------------------------------------------------------
Start Cross Boundary and Area Optimization
---------------------------------------------------------------------------------
WARNING: [Synth 8-3917] design smips has port flag driven by constant 1
INFO: [Synth 8-3886] merging instance 'u2i_0/dmem_reg[747][0]' (FDE) to 'u2i_0/dmem_reg[747][1]'
INFO: [Synth 8-3886] merging instance 'u2i_0/dmem_reg[747][1]' (FDE) to 'u2i_0/dmem_reg[747][2]'
INFO: [Synth 8-3886] merging instance 'u2i_0/dmem_reg[747][2]' (FDE) to 'u2i_0/dmem_reg[747][3]'
INFO: [Synth 8-3886] merging instance 'u2i_0/dmem_reg[747][3]' (FDE) to 'u2i_0/dmem_reg[747][4]'
INFO: [Synth 8-3886] merging instance 'u2i_0/dmem_reg[747][4]' (FDE) to 'u2i_0/dmem_reg[747][5]'
INFO: [Synth 8-3886] merging instance 'u2i_0/dmem_reg[747][5]' (FDE) to 'u2i_0/dmem_reg[747][6]'
INFO: [Synth 8-3886] merging instance 'u2i_0/dmem_reg[747][6]' (FDE) to 'u2i_0/dmem_reg[747][7]'
INFO: [Synth 8-3886] merging instance 'u2i_0/dmem_reg[747][7]' (FDE) to 'u2i_0/dmem_reg[747][8]'
INFO: [Synth 8-3886] merging instance 'u2i_0/dmem_reg[747][8]' (FDE) to 'u2i_0/dmem_reg[747][9]'
INFO: [Synth 8-3886] merging instance 'u2i_0/dmem_reg[747][9]' (FDE) to 'u2i_0/dmem_reg[747][10]'
INFO: [Synth 8-3886] merging instance 'u2i_0/dmem_reg[747][10]' (FDE) to 'u2i_0/dmem_reg[747][11]'
INFO: [Synth 8-3886] merging instance 'u2i_0/dmem_reg[747][11]' (FDE) to 'u2i_0/dmem_reg[747][12]'
INFO: [Synth 8-3886] merging instance 'u2i_0/dmem_reg[747][12]' (FDE) to 'u2i_0/dmem_reg[747][13]'
INFO: [Synth 8-3886] merging instance 'u2i_0/dmem_reg[747][13]' (FDE) to 'u2i_0/dmem_reg[747][14]'
INFO: [Synth 8-3886] merging instance 'u2i_0/dmem_reg[747][14]' (FDE) to 'u2i_0/dmem_reg[747][15]'
INFO: [Synth 8-3886] merging instance 'u2i_0/dmem_reg[747][15]' (FDE) to 'u2i_0/dmem_reg[747][16]'
INFO: [Synth 8-3886] merging instance 'u2i_0/dmem_reg[747][16]' (FDE) to 'u2i_0/dmem_reg[747][17]'
INFO: [Synth 8-3886] merging instance 'u2i_0/dmem_reg[747][17]' (FDE) to 'u2i_0/dmem_reg[747][18]'
INFO: [Synth 8-3886] merging instance 'u2i_0/dmem_reg[747][18]' (FDE) to 'u2i_0/dmem_reg[747][19]'
INFO: [Synth 8-3886] merging instance 'u2i_0/dmem_reg[747][19]' (FDE) to 'u2i_0/dmem_reg[747][20]'
INFO: [Synth 8-3886] merging instance 'u2i_0/dmem_reg[747][20]' (FDE) to 'u2i_0/dmem_reg[747][21]'
INFO: [Synth 8-3886] merging instance 'u2i_0/dmem_reg[747][21]' (FDE) to 'u2i_0/dmem_reg[747][22]'
INFO: [Synth 8-3886] merging instance 'u2i_0/dmem_reg[747][22]' (FDE) to 'u2i_0/dmem_reg[747][23]'
INFO: [Synth 8-3886] merging instance 'u2i_0/dmem_reg[747][23]' (FDE) to 'u2i_0/dmem_reg[747][24]'
INFO: [Synth 8-3886] merging instance 'u2i_0/dmem_reg[747][24]' (FDE) to 'u2i_0/dmem_reg[747][25]'
INFO: [Synth 8-3886] merging instance 'u2i_0/dmem_reg[747][25]' (FDE) to 'u2i_0/dmem_reg[747][26]'
INFO: [Synth 8-3886] merging instance 'u2i_0/dmem_reg[747][26]' (FDE) to 'u2i_0/dmem_reg[747][27]'
INFO: [Synth 8-3886] merging instance 'u2i_0/dmem_reg[747][27]' (FDE) to 'u2i_0/dmem_reg[747][28]'
INFO: [Synth 8-3886] merging instance 'u2i_0/dmem_reg[747][28]' (FDE) to 'u2i_0/dmem_reg[747][29]'
INFO: [Synth 8-3886] merging instance 'u2i_0/dmem_reg[747][29]' (FDE) to 'u2i_0/dmem_reg[747][30]'
INFO: [Synth 8-3886] merging instance 'u2i_0/dmem_reg[747][30]' (FDE) to 'u2i_0/dmem_reg[747][31]'
INFO: [Synth 8-3886] merging instance 'u2i_0/dmem_reg[747][31]' (FDE) to 'u2i_0/dmem_reg[749][0]'
INFO: [Synth 8-3886] merging instance 'u2i_0/dmem_reg[350][0]' (FDE) to 'u2i_0/dmem_reg[350][31]'
INFO: [Synth 8-3886] merging instance 'u2i_0/dmem_reg[350][1]' (FDE) to 'u2i_0/dmem_reg[350][31]'
INFO: [Synth 8-3886] merging instance 'u2i_0/dmem_reg[350][2]' (FDE) to 'u2i_0/dmem_reg[350][31]'
INFO: [Synth 8-3886] merging instance 'u2i_0/dmem_reg[350][3]' (FDE) to 'u2i_0/dmem_reg[350][31]'
INFO: [Synth 8-3886] merging instance 'u2i_0/dmem_reg[350][4]' (FDE) to 'u2i_0/dmem_reg[350][31]'
INFO: [Synth 8-3886] merging instance 'u2i_0/dmem_reg[350][5]' (FDE) to 'u2i_0/dmem_reg[350][31]'
INFO: [Synth 8-3886] merging instance 'u2i_0/dmem_reg[350][6]' (FDE) to 'u2i_0/dmem_reg[350][31]'
INFO: [Synth 8-3886] merging instance 'u2i_0/dmem_reg[350][7]' (FDE) to 'u2i_0/dmem_reg[350][31]'
INFO: [Synth 8-3886] merging instance 'u2i_0/dmem_reg[350][8]' (FDE) to 'u2i_0/dmem_reg[350][31]'
INFO: [Synth 8-3886] merging instance 'u2i_0/dmem_reg[350][9]' (FDE) to 'u2i_0/dmem_reg[350][31]'
INFO: [Synth 8-3886] merging instance 'u2i_0/dmem_reg[350][10]' (FDE) to 'u2i_0/dmem_reg[350][31]'
INFO: [Synth 8-3886] merging instance 'u2i_0/dmem_reg[350][11]' (FDE) to 'u2i_0/dmem_reg[350][31]'
INFO: [Synth 8-3886] merging instance 'u2i_0/dmem_reg[350][12]' (FDE) to 'u2i_0/dmem_reg[350][31]'
INFO: [Synth 8-3886] merging instance 'u2i_0/dmem_reg[350][13]' (FDE) to 'u2i_0/dmem_reg[350][31]'
INFO: [Synth 8-3886] merging instance 'u2i_0/dmem_reg[350][14]' (FDE) to 'u2i_0/dmem_reg[350][31]'
INFO: [Synth 8-3886] merging instance 'u2i_0/dmem_reg[350][15]' (FDE) to 'u2i_0/dmem_reg[350][31]'
INFO: [Synth 8-3886] merging instance 'u2i_0/dmem_reg[350][16]' (FDE) to 'u2i_0/dmem_reg[350][31]'
INFO: [Synth 8-3886] merging instance 'u2i_0/dmem_reg[350][17]' (FDE) to 'u2i_0/dmem_reg[350][31]'
INFO: [Synth 8-3886] merging instance 'u2i_0/dmem_reg[350][18]' (FDE) to 'u2i_0/dmem_reg[350][31]'
INFO: [Synth 8-3886] merging instance 'u2i_0/dmem_reg[350][19]' (FDE) to 'u2i_0/dmem_reg[350][31]'
INFO: [Synth 8-3886] merging instance 'u2i_0/dmem_reg[350][20]' (FDE) to 'u2i_0/dmem_reg[350][31]'
INFO: [Synth 8-3886] merging instance 'u2i_0/dmem_reg[350][21]' (FDE) to 'u2i_0/dmem_reg[350][31]'
INFO: [Synth 8-3886] merging instance 'u2i_0/dmem_reg[350][22]' (FDE) to 'u2i_0/dmem_reg[350][31]'
INFO: [Synth 8-3886] merging instance 'u2i_0/dmem_reg[350][23]' (FDE) to 'u2i_0/dmem_reg[350][31]'
INFO: [Synth 8-3886] merging instance 'u2i_0/dmem_reg[350][24]' (FDE) to 'u2i_0/dmem_reg[350][31]'
INFO: [Synth 8-3886] merging instance 'u2i_0/dmem_reg[350][25]' (FDE) to 'u2i_0/dmem_reg[350][31]'
INFO: [Synth 8-3886] merging instance 'u2i_0/dmem_reg[350][26]' (FDE) to 'u2i_0/dmem_reg[350][31]'
INFO: [Synth 8-3886] merging instance 'u2i_0/dmem_reg[350][27]' (FDE) to 'u2i_0/dmem_reg[350][31]'
INFO: [Synth 8-3886] merging instance 'u2i_0/dmem_reg[350][28]' (FDE) to 'u2i_0/dmem_reg[350][31]'
INFO: [Synth 8-3886] merging instance 'u2i_0/dmem_reg[350][29]' (FDE) to 'u2i_0/dmem_reg[350][31]'
INFO: [Synth 8-3886] merging instance 'u2i_0/dmem_reg[350][30]' (FDE) to 'u2i_0/dmem_reg[350][31]'
INFO: [Synth 8-3333] propagating constant 0 across sequential element (\dmem_reg[350][31] )
INFO: [Synth 8-3886] merging instance 'u2i_0/dmem_reg[962][0]' (FDE) to 'u2i_0/dmem_reg[962][31]'
INFO: [Synth 8-3886] merging instance 'u2i_0/dmem_reg[962][1]' (FDE) to 'u2i_0/dmem_reg[962][31]'
INFO: [Synth 8-3886] merging instance 'u2i_0/dmem_reg[962][2]' (FDE) to 'u2i_0/dmem_reg[962][31]'
INFO: [Synth 8-3886] merging instance 'u2i_0/dmem_reg[962][3]' (FDE) to 'u2i_0/dmem_reg[962][31]'
INFO: [Synth 8-3886] merging instance 'u2i_0/dmem_reg[962][4]' (FDE) to 'u2i_0/dmem_reg[962][31]'
INFO: [Synth 8-3886] merging instance 'u2i_0/dmem_reg[962][5]' (FDE) to 'u2i_0/dmem_reg[962][31]'
INFO: [Synth 8-3886] merging instance 'u2i_0/dmem_reg[962][6]' (FDE) to 'u2i_0/dmem_reg[962][31]'
INFO: [Synth 8-3886] merging instance 'u2i_0/dmem_reg[962][7]' (FDE) to 'u2i_0/dmem_reg[962][31]'
INFO: [Synth 8-3886] merging instance 'u2i_0/dmem_reg[962][8]' (FDE) to 'u2i_0/dmem_reg[962][31]'
INFO: [Synth 8-3886] merging instance 'u2i_0/dmem_reg[962][9]' (FDE) to 'u2i_0/dmem_reg[962][31]'
INFO: [Synth 8-3886] merging instance 'u2i_0/dmem_reg[962][10]' (FDE) to 'u2i_0/dmem_reg[962][31]'
INFO: [Synth 8-3886] merging instance 'u2i_0/dmem_reg[962][11]' (FDE) to 'u2i_0/dmem_reg[962][31]'
INFO: [Synth 8-3886] merging instance 'u2i_0/dmem_reg[962][12]' (FDE) to 'u2i_0/dmem_reg[962][31]'
INFO: [Synth 8-3886] merging instance 'u2i_0/dmem_reg[962][13]' (FDE) to 'u2i_0/dmem_reg[962][31]'
INFO: [Synth 8-3886] merging instance 'u2i_0/dmem_reg[962][14]' (FDE) to 'u2i_0/dmem_reg[962][31]'
INFO: [Synth 8-3886] merging instance 'u2i_0/dmem_reg[962][15]' (FDE) to 'u2i_0/dmem_reg[962][31]'
INFO: [Synth 8-3886] merging instance 'u2i_0/dmem_reg[962][16]' (FDE) to 'u2i_0/dmem_reg[962][31]'
INFO: [Synth 8-3886] merging instance 'u2i_0/dmem_reg[962][17]' (FDE) to 'u2i_0/dmem_reg[962][31]'
INFO: [Synth 8-3886] merging instance 'u2i_0/dmem_reg[962][18]' (FDE) to 'u2i_0/dmem_reg[962][31]'
INFO: [Synth 8-3886] merging instance 'u2i_0/dmem_reg[962][19]' (FDE) to 'u2i_0/dmem_reg[962][31]'
INFO: [Synth 8-3886] merging instance 'u2i_0/dmem_reg[962][20]' (FDE) to 'u2i_0/dmem_reg[962][31]'
INFO: [Synth 8-3886] merging instance 'u2i_0/dmem_reg[962][21]' (FDE) to 'u2i_0/dmem_reg[962][31]'
INFO: [Synth 8-3886] merging instance 'u2i_0/dmem_reg[962][22]' (FDE) to 'u2i_0/dmem_reg[962][31]'
INFO: [Synth 8-3886] merging instance 'u2i_0/dmem_reg[962][23]' (FDE) to 'u2i_0/dmem_reg[962][31]'
INFO: [Synth 8-3886] merging instance 'u2i_0/dmem_reg[962][24]' (FDE) to 'u2i_0/dmem_reg[962][31]'
INFO: [Synth 8-3886] merging instance 'u2i_0/dmem_reg[962][25]' (FDE) to 'u2i_0/dmem_reg[962][31]'
INFO: [Synth 8-3886] merging instance 'u2i_0/dmem_reg[962][26]' (FDE) to 'u2i_0/dmem_reg[962][31]'
INFO: [Synth 8-3886] merging instance 'u2i_0/dmem_reg[962][27]' (FDE) to 'u2i_0/dmem_reg[962][31]'
INFO: [Synth 8-3886] merging instance 'u2i_0/dmem_reg[962][28]' (FDE) to 'u2i_0/dmem_reg[962][31]'
INFO: [Synth 8-3886] merging instance 'u2i_0/dmem_reg[962][29]' (FDE) to 'u2i_0/dmem_reg[962][31]'
INFO: [Synth 8-3886] merging instance 'u2i_0/dmem_reg[962][30]' (FDE) to 'u2i_0/dmem_reg[962][31]'
INFO: [Synth 8-3333] propagating constant 0 across sequential element (\dmem_reg[962][31] )
INFO: [Synth 8-3886] merging instance 'u2i_0/dmem_reg[98][0]' (FDE) to 'u2i_0/dmem_reg[98][31]'
INFO: [Synth 8-3886] merging instance 'u2i_0/dmem_reg[98][1]' (FDE) to 'u2i_0/dmem_reg[98][31]'
INFO: [Synth 8-3886] merging instance 'u2i_0/dmem_reg[98][2]' (FDE) to 'u2i_0/dmem_reg[98][31]'
INFO: [Synth 8-3886] merging instance 'u2i_0/dmem_reg[98][3]' (FDE) to 'u2i_0/dmem_reg[98][31]'
INFO: [Synth 8-3886] merging instance 'u2i_0/dmem_reg[98][4]' (FDE) to 'u2i_0/dmem_reg[98][31]'
INFO: [Synth 8-3886] merging instance 'u2i_0/dmem_reg[98][5]' (FDE) to 'u2i_0/dmem_reg[98][31]'
INFO: [Common 17-14] Message 'Synth 8-3886' appears 100 times and further instances of the messages will be disabled. Use the Tcl command set_msg_config to change the current settings.
INFO: [Synth 8-3333] propagating constant 0 across sequential element (\dmem_reg[98][31] )
INFO: [Synth 8-3333] propagating constant 0 across sequential element (\dmem_reg[17][31] )
INFO: [Synth 8-3333] propagating constant 0 across sequential element (\dmem_reg[961][31] )
INFO: [Synth 8-3333] propagating constant 0 across sequential element (\dmem_reg[599][31] )
INFO: [Synth 8-3333] propagating constant 0 across sequential element (\dmem_reg[598][31] )
INFO: [Synth 8-3333] propagating constant 0 across sequential element (\dmem_reg[18][31] )
INFO: [Synth 8-3333] propagating constant 0 across sequential element (\dmem_reg[193][31] )
INFO: [Synth 8-3333] propagating constant 0 across sequential element (\dmem_reg[541][31] )
INFO: [Synth 8-3333] propagating constant 0 across sequential element (\dmem_reg[597][31] )
INFO: [Synth 8-3333] propagating constant 0 across sequential element (\dmem_reg[19][31] )
INFO: [Synth 8-3333] propagating constant 0 across sequential element (\dmem_reg[959][31] )
INFO: [Synth 8-3333] propagating constant 0 across sequential element (\dmem_reg[542][31] )
INFO: [Synth 8-3333] propagating constant 0 across sequential element (\dmem_reg[958][31] )
INFO: [Synth 8-3333] propagating constant 0 across sequential element (\dmem_reg[750][31] )
INFO: [Synth 8-3333] propagating constant 0 across sequential element (\dmem_reg[281][31] )
INFO: [Synth 8-3333] propagating constant 0 across sequential element (\dmem_reg[543][31] )
INFO: [Synth 8-3333] propagating constant 0 across sequential element (\dmem_reg[957][31] )
INFO: [Synth 8-3333] propagating constant 0 across sequential element (\dmem_reg[221][31] )
INFO: [Synth 8-3333] propagating constant 0 across sequential element (\dmem_reg[355][31] )
INFO: [Synth 8-3333] propagating constant 0 across sequential element (\dmem_reg[751][31] )
INFO: [Synth 8-3333] propagating constant 0 across sequential element (\dmem_reg[373][31] )
INFO: [Synth 8-3333] propagating constant 0 across sequential element (\dmem_reg[95][31] )
INFO: [Synth 8-3333] propagating constant 0 across sequential element (\dmem_reg[339][31] )
INFO: [Synth 8-3333] propagating constant 0 across sequential element (\dmem_reg[753][31] )
INFO: [Synth 8-3333] propagating constant 0 across sequential element (\dmem_reg[754][31] )
INFO: [Synth 8-3333] propagating constant 0 across sequential element (\dmem_reg[955][31] )
INFO: [Synth 8-3333] propagating constant 0 across sequential element (\dmem_reg[755][31] )
INFO: [Synth 8-3333] propagating constant 0 across sequential element (\dmem_reg[94][31] )
INFO: [Synth 8-3333] propagating constant 0 across sequential element (\dmem_reg[257][31] )
INFO: [Synth 8-3333] propagating constant 0 across sequential element (\dmem_reg[954][31] )
INFO: [Synth 8-3333] propagating constant 0 across sequential element (\dmem_reg[93][31] )
INFO: [Synth 8-3333] propagating constant 0 across sequential element (\dmem_reg[545][31] )
INFO: [Synth 8-3333] propagating constant 0 across sequential element (\dmem_reg[251][31] )
INFO: [Synth 8-3333] propagating constant 0 across sequential element (\dmem_reg[953][31] )
INFO: [Synth 8-3333] propagating constant 0 across sequential element (\dmem_reg[595][31] )
INFO: [Synth 8-3333] propagating constant 0 across sequential element (\dmem_reg[374][31] )
INFO: [Synth 8-3333] propagating constant 0 across sequential element (\dmem_reg[546][31] )
INFO: [Synth 8-3333] propagating constant 0 across sequential element (\dmem_reg[594][31] )
INFO: [Synth 8-3333] propagating constant 0 across sequential element (\dmem_reg[951][31] )
INFO: [Synth 8-3333] propagating constant 0 across sequential element (\dmem_reg[547][31] )
INFO: [Synth 8-3333] propagating constant 0 across sequential element (\dmem_reg[758][31] )
INFO: [Synth 8-3333] propagating constant 0 across sequential element (\dmem_reg[950][31] )
INFO: [Synth 8-3333] propagating constant 0 across sequential element (\dmem_reg[759][31] )
INFO: [Synth 8-3333] propagating constant 0 across sequential element (\dmem_reg[593][31] )
INFO: [Synth 8-3333] propagating constant 0 across sequential element (\dmem_reg[21][31] )
INFO: [Synth 8-3333] propagating constant 0 across sequential element (\dmem_reg[949][31] )
INFO: [Synth 8-3333] propagating constant 0 across sequential element (\dmem_reg[591][31] )
INFO: [Synth 8-3333] propagating constant 0 across sequential element (\dmem_reg[590][31] )
INFO: [Synth 8-3333] propagating constant 0 across sequential element (\dmem_reg[22][31] )
INFO: [Synth 8-3333] propagating constant 0 across sequential element (\dmem_reg[761][31] )
INFO: [Synth 8-3333] propagating constant 0 across sequential element (\dmem_reg[589][31] )
INFO: [Synth 8-3333] propagating constant 0 across sequential element (\dmem_reg[549][31] )
INFO: [Synth 8-3333] propagating constant 0 across sequential element (\dmem_reg[23][31] )
INFO: [Synth 8-3333] propagating constant 0 across sequential element (\dmem_reg[947][31] )
INFO: [Synth 8-3333] propagating constant 0 across sequential element (\dmem_reg[194][31] )
INFO: [Synth 8-3333] propagating constant 0 across sequential element (\dmem_reg[550][31] )
INFO: [Synth 8-3333] propagating constant 0 across sequential element (\dmem_reg[946][31] )
INFO: [Synth 8-3333] propagating constant 0 across sequential element (\dmem_reg[165][31] )
INFO: [Synth 8-3333] propagating constant 0 across sequential element (\dmem_reg[449][31] )
INFO: [Synth 8-3333] propagating constant 0 across sequential element (\dmem_reg[945][31] )
INFO: [Synth 8-3333] propagating constant 0 across sequential element (\dmem_reg[551][31] )
INFO: [Synth 8-3333] propagating constant 0 across sequential element (\dmem_reg[375][31] )
INFO: [Synth 8-3333] propagating constant 0 across sequential element (\dmem_reg[303][31] )
INFO: [Synth 8-3333] propagating constant 0 across sequential element (\dmem_reg[763][31] )
INFO: [Synth 8-3333] propagating constant 0 across sequential element (\dmem_reg[617][31] )
INFO: [Synth 8-3333] propagating constant 0 across sequential element (\dmem_reg[587][31] )
INFO: [Synth 8-3333] propagating constant 0 across sequential element (\dmem_reg[258][31] )
INFO: [Synth 8-3333] propagating constant 0 across sequential element (\dmem_reg[943][31] )
INFO: [Synth 8-3333] propagating constant 0 across sequential element (\dmem_reg[553][31] )
INFO: [Synth 8-3333] propagating constant 0 across sequential element (\dmem_reg[347][31] )
INFO: [Synth 8-3333] propagating constant 0 across sequential element (\dmem_reg[586][31] )
INFO: [Synth 8-3333] propagating constant 0 across sequential element (\dmem_reg[942][31] )
INFO: [Synth 8-3333] propagating constant 0 across sequential element (\dmem_reg[554][31] )
INFO: [Synth 8-3333] propagating constant 0 across sequential element (\dmem_reg[163][31] )
INFO: [Synth 8-3333] propagating constant 0 across sequential element (\dmem_reg[941][31] )
INFO: [Synth 8-3333] propagating constant 0 across sequential element (\dmem_reg[447][31] )
INFO: [Synth 8-3333] propagating constant 0 across sequential element (\dmem_reg[555][31] )
INFO: [Synth 8-3333] propagating constant 0 across sequential element (\dmem_reg[310][31] )
INFO: [Synth 8-3333] propagating constant 0 across sequential element (\dmem_reg[585][31] )
INFO: [Synth 8-3333] propagating constant 0 across sequential element (\dmem_reg[583][31] )
INFO: [Synth 8-3333] propagating constant 0 across sequential element (\dmem_reg[582][31] )
INFO: [Synth 8-3333] propagating constant 0 across sequential element (\dmem_reg[581][31] )
INFO: [Synth 8-3333] propagating constant 0 across sequential element (\dmem_reg[579][31] )
INFO: [Synth 8-3333] propagating constant 0 across sequential element (\dmem_reg[767][31] )
INFO: [Synth 8-3333] propagating constant 0 across sequential element (\dmem_reg[313][31] )
INFO: [Synth 8-3333] propagating constant 0 across sequential element (\dmem_reg[482][31] )
INFO: [Synth 8-3333] propagating constant 0 across sequential element (\dmem_reg[125][31] )
INFO: [Synth 8-3333] propagating constant 0 across sequential element (\dmem_reg[123][31] )
INFO: [Synth 8-3333] propagating constant 0 across sequential element (\dmem_reg[481][31] )
INFO: [Synth 8-3333] propagating constant 0 across sequential element (\dmem_reg[483][31] )
INFO: [Synth 8-3333] propagating constant 0 across sequential element (\dmem_reg[669][31] )
INFO: [Synth 8-3333] propagating constant 0 across sequential element (\dmem_reg[670][31] )
INFO: [Synth 8-3333] propagating constant 0 across sequential element (\dmem_reg[671][31] )
INFO: [Synth 8-3333] propagating constant 0 across sequential element (\dmem_reg[122][31] )
INFO: [Synth 8-3333] propagating constant 0 across sequential element (\dmem_reg[615][31] )
INFO: [Synth 8-3333] propagating constant 0 across sequential element (\dmem_reg[201][31] )
INFO: [Synth 8-3333] propagating constant 0 across sequential element (\dmem_reg[485][31] )
INFO: [Synth 8-3333] propagating constant 0 across sequential element (\dmem_reg[614][31] )
INFO: [Common 17-14] Message 'Synth 8-3333' appears 100 times and further instances of the messages will be disabled. Use the Tcl command set_msg_config to change the current settings.
INFO: [Common 17-14] Message 'Synth 8-3886' appears 100 times and further instances of the messages will be disabled. Use the Tcl command set_msg_config to change the current settings.
INFO: [Common 17-14] Message 'Synth 8-3333' appears 100 times and further instances of the messages will be disabled. Use the Tcl command set_msg_config to change the current settings.
INFO: [Common 17-14] Message 'Synth 8-3333' appears 100 times and further instances of the messages will be disabled. Use the Tcl command set_msg_config to change the current settings.
---------------------------------------------------------------------------------
Finished Cross Boundary and Area Optimization : Time (s): cpu = 00:01:56 ; elapsed = 00:02:21 . Memory (MB): peak = 996.883 ; gain = 698.875
---------------------------------------------------------------------------------
---------------------------------------------------------------------------------
Start ROM, RAM, DSP and Shift Register Reporting
---------------------------------------------------------------------------------

ROM:
+------------+------------+---------------+----------------+
|Module Name | RTL Object | Depth x Width | Implemented As | 
+------------+------------+---------------+----------------+
|IFU         | p_0_out    | 64x30         | LUT            | 
+------------+------------+---------------+----------------+

---------------------------------------------------------------------------------
Finished ROM, RAM, DSP and Shift Register Reporting
---------------------------------------------------------------------------------

Report RTL Partitions: 
+------+----------------------+------------+----------+
|      |RTL Partition         |Replication |Instances |
+------+----------------------+------------+----------+
|1     |muxpart__2048_DataMem |           1|      8160|
|2     |DataMem__GB1          |           1|        64|
|3     |DataMem__GB2          |           1|       160|
|4     |DataMem__GB3          |           1|         0|
|5     |DataMem__GB4          |           1|       901|
|6     |DataMem__GB5          |           1|      1595|
|7     |DataMem__GB6          |           1|      2283|
|8     |DataMem__GB7          |           1|      2955|
|9     |DataMem__GB8          |           1|      3698|
|10    |DataMem__GB9          |           1|      3574|
|11    |DataMem__GB10         |           1|      1559|
|12    |DataMem__GB11         |           1|      3794|
|13    |DataMem__GB12         |           1|      1178|
|14    |DataMem__GB13         |           1|       980|
|15    |DataMem__GB14         |           1|      3717|
|16    |DataMem__GB15         |           1|      3505|
|17    |DataPath__GC0         |           1|      3607|
|18    |CTRL                  |           1|       114|
+------+----------------------+------------+----------+
No constraint files found.
---------------------------------------------------------------------------------
Start Timing Optimization
---------------------------------------------------------------------------------
---------------------------------------------------------------------------------
Finished Timing Optimization : Time (s): cpu = 00:01:57 ; elapsed = 00:02:21 . Memory (MB): peak = 996.883 ; gain = 698.875
---------------------------------------------------------------------------------

Report RTL Partitions: 
+-+--------------+------------+----------+
| |RTL Partition |Replication |Instances |
+-+--------------+------------+----------+
+-+--------------+------------+----------+
---------------------------------------------------------------------------------
Start Technology Mapping
---------------------------------------------------------------------------------
Warning: Parallel synthesis criteria is not met 
---------------------------------------------------------------------------------
Finished Technology Mapping : Time (s): cpu = 00:01:57 ; elapsed = 00:02:21 . Memory (MB): peak = 996.883 ; gain = 698.875
---------------------------------------------------------------------------------

Report RTL Partitions: 
+-+--------------+------------+----------+
| |RTL Partition |Replication |Instances |
+-+--------------+------------+----------+
+-+--------------+------------+----------+
---------------------------------------------------------------------------------
Start IO Insertion
---------------------------------------------------------------------------------
---------------------------------------------------------------------------------
Start Flattening Before IO Insertion
---------------------------------------------------------------------------------
---------------------------------------------------------------------------------
Finished Flattening Before IO Insertion
---------------------------------------------------------------------------------
---------------------------------------------------------------------------------
Start Final Netlist Cleanup
---------------------------------------------------------------------------------
---------------------------------------------------------------------------------
Finished Final Netlist Cleanup
---------------------------------------------------------------------------------
---------------------------------------------------------------------------------
Finished IO Insertion : Time (s): cpu = 00:02:00 ; elapsed = 00:02:25 . Memory (MB): peak = 996.883 ; gain = 698.875
---------------------------------------------------------------------------------
---------------------------------------------------------------------------------
Start Renaming Generated Instances
---------------------------------------------------------------------------------
---------------------------------------------------------------------------------
Finished Renaming Generated Instances : Time (s): cpu = 00:02:00 ; elapsed = 00:02:25 . Memory (MB): peak = 996.883 ; gain = 698.875
---------------------------------------------------------------------------------

Report RTL Partitions: 
+-+--------------+------------+----------+
| |RTL Partition |Replication |Instances |
+-+--------------+------------+----------+
+-+--------------+------------+----------+

Report Check Netlist: 
+------+------------------+-------+---------+-------+------------------+
|      |Item              |Errors |Warnings |Status |Description       |
+------+------------------+-------+---------+-------+------------------+
|1     |multi_driven_nets |      0|        0|Passed |Multi driven nets |
+------+------------------+-------+---------+-------+------------------+
---------------------------------------------------------------------------------
Start Rebuilding User Hierarchy
---------------------------------------------------------------------------------
---------------------------------------------------------------------------------
Finished Rebuilding User Hierarchy : Time (s): cpu = 00:02:00 ; elapsed = 00:02:25 . Memory (MB): peak = 996.883 ; gain = 698.875
---------------------------------------------------------------------------------
---------------------------------------------------------------------------------
Start Renaming Generated Ports
---------------------------------------------------------------------------------
---------------------------------------------------------------------------------
Finished Renaming Generated Ports : Time (s): cpu = 00:02:00 ; elapsed = 00:02:25 . Memory (MB): peak = 996.883 ; gain = 698.875
---------------------------------------------------------------------------------
---------------------------------------------------------------------------------
Start Handling Custom Attributes
---------------------------------------------------------------------------------
---------------------------------------------------------------------------------
Finished Handling Custom Attributes : Time (s): cpu = 00:02:00 ; elapsed = 00:02:25 . Memory (MB): peak = 996.883 ; gain = 698.875
---------------------------------------------------------------------------------
---------------------------------------------------------------------------------
Start Renaming Generated Nets
---------------------------------------------------------------------------------
---------------------------------------------------------------------------------
Finished Renaming Generated Nets : Time (s): cpu = 00:02:00 ; elapsed = 00:02:25 . Memory (MB): peak = 996.883 ; gain = 698.875
---------------------------------------------------------------------------------
---------------------------------------------------------------------------------
Start Writing Synthesis Report
---------------------------------------------------------------------------------

Report BlackBoxes: 
+-+--------------+----------+
| |BlackBox name |Instances |
+-+--------------+----------+
+-+--------------+----------+

Report Cell Usage: 
+------+-----+------+
|      |Cell |Count |
+------+-----+------+
|1     |OBUF |     1|
+------+-----+------+

Report Instance Areas: 
+------+---------+-------+------+
|      |Instance |Module |Cells |
+------+---------+-------+------+
|1     |top      |       |     1|
+------+---------+-------+------+
---------------------------------------------------------------------------------
Finished Writing Synthesis Report : Time (s): cpu = 00:02:00 ; elapsed = 00:02:25 . Memory (MB): peak = 996.883 ; gain = 698.875
---------------------------------------------------------------------------------
Synthesis finished with 0 errors, 0 critical warnings and 10 warnings.
Synthesis Optimization Runtime : Time (s): cpu = 00:02:00 ; elapsed = 00:02:26 . Memory (MB): peak = 996.883 ; gain = 698.875
Synthesis Optimization Complete : Time (s): cpu = 00:02:00 ; elapsed = 00:02:26 . Memory (MB): peak = 996.883 ; gain = 698.875
INFO: [Project 1-571] Translating synthesized netlist
Netlist sorting complete. Time (s): cpu = 00:00:00 ; elapsed = 00:00:00.001 . Memory (MB): peak = 996.883 ; gain = 0.000
INFO: [Project 1-570] Preparing netlist for logic optimization
INFO: [Opt 31-138] Pushed 0 inverter(s) to 0 load pin(s).
Netlist sorting complete. Time (s): cpu = 00:00:00 ; elapsed = 00:00:00 . Memory (MB): peak = 996.883 ; gain = 0.000
INFO: [Project 1-111] Unisim Transformation Summary:
No Unisim elements were transformed.

INFO: [Common 17-83] Releasing license: Synthesis
241 Infos, 10 Warnings, 0 Critical Warnings and 0 Errors encountered.
synth_design completed successfully
synth_design: Time (s): cpu = 00:02:05 ; elapsed = 00:02:31 . Memory (MB): peak = 996.883 ; gain = 698.875
Netlist sorting complete. Time (s): cpu = 00:00:00 ; elapsed = 00:00:00 . Memory (MB): peak = 996.883 ; gain = 0.000
WARNING: [Constraints 18-5210] No constraints selected for write.
Resolution: This message can indicate that there are no constraints for the design, or it can indicate that the used_in flags are set such that the constraints are ignored. This later case is used when running synth_design to not write synthesis constraints to the resulting checkpoint. Instead, project constraints are read when the synthesized design is opened.
INFO: [Common 17-1381] The checkpoint 'C:/Users/pen/Desktop/FPGA/smips/smips.runs/synth_1/smips.dcp' has been generated.
INFO: [runtcl-4] Executing : report_utilization -file smips_utilization_synth.rpt -pb smips_utilization_synth.pb
INFO: [Common 17-206] Exiting Vivado at Thu Jun  8 22:19:00 2023...
