#-----------------------------------------------------------
# Vivado v2019.2 (64-bit)
# SW Build 2708876 on Wed Nov  6 21:40:23 MST 2019
# IP Build 2700528 on Thu Nov  7 00:09:20 MST 2019
# Start of session at: Sat May 13 14:45:51 2023
# Process ID: 23264
# Current directory: C:/Users/pen/Desktop/FPGA/ALU
# Command line: vivado.exe -gui_launcher_event rodinguilauncherevent10692 C:\Users\pen\Desktop\FPGA\ALU\ALU.xpr
# Log file: C:/Users/pen/Desktop/FPGA/ALU/vivado.log
# Journal file: C:/Users/pen/Desktop/FPGA/ALU\vivado.jou
#-----------------------------------------------------------
start_gui
open_project C:/Users/pen/Desktop/FPGA/ALU/ALU.xpr
INFO: [Project 1-313] Project file moved from 'D:/vivado/project/project_6ALU/ALU' since last save.
Scanning sources...
Finished scanning sources
INFO: [IP_Flow 19-234] Refreshing IP repositories
INFO: [IP_Flow 19-1704] No user IP repositories specified
INFO: [IP_Flow 19-2313] Loaded Vivado IP repository 'C:/PenProgram/Xilinx/vivado/Vivado/2019.2/data/ip'.
update_compile_order -fileset sources_1
launch_simulation
Command: launch_simulation 
INFO: [Vivado 12-5682] Launching behavioral simulation in 'C:/Users/pen/Desktop/FPGA/ALU/ALU.sim/sim_1/behav/xsim'
INFO: [SIM-utils-51] Simulation object is 'sim_1'
INFO: [SIM-utils-54] Inspecting design source files for 'ALU_tb' in fileset 'sim_1'...
INFO: [USF-XSim-97] Finding global include files...
INFO: [USF-XSim-98] Fetching design files from 'sim_1'...
INFO: [USF-XSim-2] XSim::Compile design
INFO: [USF-XSim-61] Executing 'COMPILE and ANALYZE' step in 'C:/Users/pen/Desktop/FPGA/ALU/ALU.sim/sim_1/behav/xsim'
"xvlog --incr --relax -prj ALU_tb_vlog.prj"
INFO: [VRFC 10-2263] Analyzing Verilog file "C:/Users/pen/Desktop/FPGA/ALU/ALU.srcs/sources_1/new/ALU.v" into library xil_defaultlib
INFO: [VRFC 10-311] analyzing module ALU
INFO: [VRFC 10-2263] Analyzing Verilog file "C:/Users/pen/Desktop/FPGA/ALU/ALU.srcs/sim_1/new/ALU_tb.v" into library xil_defaultlib
INFO: [VRFC 10-311] analyzing module ALU_tb
INFO: [VRFC 10-2263] Analyzing Verilog file "C:/Users/pen/Desktop/FPGA/ALU/ALU.sim/sim_1/behav/xsim/glbl.v" into library xil_defaultlib
INFO: [VRFC 10-311] analyzing module glbl
INFO: [USF-XSim-69] 'compile' step finished in '1' seconds
INFO: [USF-XSim-3] XSim::Elaborate design
INFO: [USF-XSim-61] Executing 'ELABORATE' step in 'C:/Users/pen/Desktop/FPGA/ALU/ALU.sim/sim_1/behav/xsim'
"xelab -wto 5d629bb39f1641c2954a03ac34c578da --incr --debug typical --relax --mt 2 -L xil_defaultlib -L unisims_ver -L unimacro_ver -L secureip --snapshot ALU_tb_behav xil_defaultlib.ALU_tb xil_defaultlib.glbl -log elaborate.log"
Vivado Simulator 2019.2
Copyright 1986-1999, 2001-2019 Xilinx, Inc. All Rights Reserved.
Running: C:/PenProgram/Xilinx/vivado/Vivado/2019.2/bin/unwrapped/win64.o/xelab.exe -wto 5d629bb39f1641c2954a03ac34c578da --incr --debug typical --relax --mt 2 -L xil_defaultlib -L unisims_ver -L unimacro_ver -L secureip --snapshot ALU_tb_behav xil_defaultlib.ALU_tb xil_defaultlib.glbl -log elaborate.log 
Using 2 slave threads.
Starting static elaboration
Pass Through NonSizing Optimizer
Completed static elaboration
Starting simulation data flow analysis
Completed simulation data flow analysis
Time Resolution for simulation is 1ps
Compiling module xil_defaultlib.ALU
Compiling module xil_defaultlib.ALU_tb
Compiling module xil_defaultlib.glbl
Built simulation snapshot ALU_tb_behav
INFO: [USF-XSim-69] 'elaborate' step finished in '2' seconds
INFO: [USF-XSim-4] XSim::Simulate design
INFO: [USF-XSim-61] Executing 'SIMULATE' step in 'C:/Users/pen/Desktop/FPGA/ALU/ALU.sim/sim_1/behav/xsim'
INFO: [USF-XSim-98] *** Running xsim
   with args "ALU_tb_behav -key {Behavioral:sim_1:Functional:ALU_tb} -tclbatch {ALU_tb.tcl} -log {simulate.log}"
INFO: [USF-XSim-8] Loading simulator feature
Vivado Simulator 2019.2
Time resolution is 1 ps
source ALU_tb.tcl
# set curr_wave [current_wave_config]
# if { [string length $curr_wave] == 0 } {
#   if { [llength [get_objects]] > 0} {
#     add_wave /
#     set_property needs_save false [current_wave_config]
#   } else {
#      send_msg_id Add_Wave-1 WARNING "No top level signals found. Simulator will start without a wave window. If you want to open a wave window go to 'File->New Waveform Configuration' or type 'create_wave_config' in the TCL console."
#   }
# }
# run 1000ns
5 xxxxxxxx x xxxxxxxx xxxxxxxx x
10 1 0 11 xxxxxxxx x
15 1 0 11 1 0
20 1 1 11 1 0
25 1 1 11 12 0
30 1 2 11 12 0
35 1 2 11 fffffff0 0
40 1 3 11 fffffff0 0
45 1 3 11 1 0
50 1 4 11 1 0
55 1 4 11 11 0
60 1 5 11 11 0
65 1 5 11 10 0
70 1 6 11 10 0
75 1 6 11 12 0
80 1 7 11 12 0
85 1 7 11 12 0
90 1 8 11 12 0
95 1 8 11 22 0
100 1 9 11 22 0
105 1 9 11 8 0
110 1 a 11 8 0
115 1 a 11 8 0
120 1 b 11 8 0
125 1 b 11 1 0
130 1 c 11 1 0
135 1 c 11 1 0
140 ffffffff 2 ffffffff 1 0
145 ffffffff 2 ffffffff 0 1
150 ffffffff 6 fffffff 0 1
155 ffffffff 6 fffffff ffffffe 0
$finish called at time : 160 ns : File "C:/Users/pen/Desktop/FPGA/ALU/ALU.srcs/sim_1/new/ALU_tb.v" Line 44
INFO: [USF-XSim-96] XSim completed. Design snapshot 'ALU_tb_behav' loaded.
INFO: [USF-XSim-97] XSim simulation ran for 1000ns
launch_simulation: Time (s): cpu = 00:00:07 ; elapsed = 00:00:06 . Memory (MB): peak = 799.250 ; gain = 42.504
close_sim
INFO: [Simtcl 6-16] Simulation closed
launch_simulation
Command: launch_simulation 
INFO: [Vivado 12-5682] Launching behavioral simulation in 'C:/Users/pen/Desktop/FPGA/ALU/ALU.sim/sim_1/behav/xsim'
INFO: [SIM-utils-51] Simulation object is 'sim_1'
INFO: [SIM-utils-54] Inspecting design source files for 'ALU_tb' in fileset 'sim_1'...
INFO: [USF-XSim-97] Finding global include files...
INFO: [USF-XSim-98] Fetching design files from 'sim_1'...
INFO: [USF-XSim-2] XSim::Compile design
INFO: [USF-XSim-61] Executing 'COMPILE and ANALYZE' step in 'C:/Users/pen/Desktop/FPGA/ALU/ALU.sim/sim_1/behav/xsim'
"xvlog --incr --relax -prj ALU_tb_vlog.prj"
INFO: [VRFC 10-2263] Analyzing Verilog file "C:/Users/pen/Desktop/FPGA/ALU/ALU.srcs/sources_1/new/ALU.v" into library xil_defaultlib
INFO: [VRFC 10-311] analyzing module ALU
INFO: [VRFC 10-2263] Analyzing Verilog file "C:/Users/pen/Desktop/FPGA/ALU/ALU.srcs/sim_1/new/ALU_tb.v" into library xil_defaultlib
INFO: [VRFC 10-311] analyzing module ALU_tb
INFO: [USF-XSim-69] 'compile' step finished in '1' seconds
INFO: [USF-XSim-3] XSim::Elaborate design
INFO: [USF-XSim-61] Executing 'ELABORATE' step in 'C:/Users/pen/Desktop/FPGA/ALU/ALU.sim/sim_1/behav/xsim'
"xelab -wto 5d629bb39f1641c2954a03ac34c578da --incr --debug typical --relax --mt 2 -L xil_defaultlib -L unisims_ver -L unimacro_ver -L secureip --snapshot ALU_tb_behav xil_defaultlib.ALU_tb xil_defaultlib.glbl -log elaborate.log"
Vivado Simulator 2019.2
Copyright 1986-1999, 2001-2019 Xilinx, Inc. All Rights Reserved.
Running: C:/PenProgram/Xilinx/vivado/Vivado/2019.2/bin/unwrapped/win64.o/xelab.exe -wto 5d629bb39f1641c2954a03ac34c578da --incr --debug typical --relax --mt 2 -L xil_defaultlib -L unisims_ver -L unimacro_ver -L secureip --snapshot ALU_tb_behav xil_defaultlib.ALU_tb xil_defaultlib.glbl -log elaborate.log 
Using 2 slave threads.
Starting static elaboration
Pass Through NonSizing Optimizer
Completed static elaboration
Starting simulation data flow analysis
Completed simulation data flow analysis
Time Resolution for simulation is 1ps
Compiling module xil_defaultlib.ALU
Compiling module xil_defaultlib.ALU_tb
Compiling module xil_defaultlib.glbl
Built simulation snapshot ALU_tb_behav
INFO: [USF-XSim-69] 'elaborate' step finished in '1' seconds
INFO: [USF-XSim-4] XSim::Simulate design
INFO: [USF-XSim-61] Executing 'SIMULATE' step in 'C:/Users/pen/Desktop/FPGA/ALU/ALU.sim/sim_1/behav/xsim'
INFO: [USF-XSim-98] *** Running xsim
   with args "ALU_tb_behav -key {Behavioral:sim_1:Functional:ALU_tb} -tclbatch {ALU_tb.tcl} -log {simulate.log}"
INFO: [USF-XSim-8] Loading simulator feature
Vivado Simulator 2019.2
Time resolution is 1 ps
source ALU_tb.tcl
# set curr_wave [current_wave_config]
# if { [string length $curr_wave] == 0 } {
#   if { [llength [get_objects]] > 0} {
#     add_wave /
#     set_property needs_save false [current_wave_config]
#   } else {
#      send_msg_id Add_Wave-1 WARNING "No top level signals found. Simulator will start without a wave window. If you want to open a wave window go to 'File->New Waveform Configuration' or type 'create_wave_config' in the TCL console."
#   }
# }
# run 1000ns
5 xxxxxxxx x xxxxxxxx xxxxxxxx x
10 1 0 11 xxxxxxxx x
15 1 0 11 1 0
20 1 1 11 1 0
25 1 1 11 12 0
30 1 2 11 12 0
35 1 2 11 fffffff0 0
40 1 3 11 fffffff0 0
45 1 3 11 1 0
50 1 4 11 1 0
55 1 4 11 11 0
60 1 5 11 11 0
65 1 5 11 10 0
70 1 6 11 10 0
75 1 6 11 12 0
80 1 7 11 12 0
85 1 7 11 12 0
90 1 8 11 12 0
95 1 8 11 22 0
100 1 9 11 22 0
105 1 9 11 8 0
110 1 a 11 8 0
115 1 a 11 8 0
120 1 b 11 8 0
125 1 b 11 1 0
130 1 c 11 1 0
135 1 c 11 1 0
140 ffffffff 2 ffffffff 1 0
145 ffffffff 2 ffffffff 0 1
150 ffffffff 6 fffffff 0 1
155 ffffffff 6 fffffff ffffffe 0
$finish called at time : 160 ns : File "C:/Users/pen/Desktop/FPGA/ALU/ALU.srcs/sim_1/new/ALU_tb.v" Line 44
INFO: [USF-XSim-96] XSim completed. Design snapshot 'ALU_tb_behav' loaded.
INFO: [USF-XSim-97] XSim simulation ran for 1000ns
close_sim
INFO: [Simtcl 6-16] Simulation closed
launch_simulation
Command: launch_simulation 
INFO: [Vivado 12-5682] Launching behavioral simulation in 'C:/Users/pen/Desktop/FPGA/ALU/ALU.sim/sim_1/behav/xsim'
INFO: [SIM-utils-51] Simulation object is 'sim_1'
INFO: [SIM-utils-54] Inspecting design source files for 'ALU_tb' in fileset 'sim_1'...
INFO: [USF-XSim-97] Finding global include files...
INFO: [USF-XSim-98] Fetching design files from 'sim_1'...
INFO: [USF-XSim-2] XSim::Compile design
INFO: [USF-XSim-61] Executing 'COMPILE and ANALYZE' step in 'C:/Users/pen/Desktop/FPGA/ALU/ALU.sim/sim_1/behav/xsim'
"xvlog --incr --relax -prj ALU_tb_vlog.prj"
INFO: [VRFC 10-2263] Analyzing Verilog file "C:/Users/pen/Desktop/FPGA/ALU/ALU.srcs/sources_1/new/ALU.v" into library xil_defaultlib
INFO: [VRFC 10-311] analyzing module ALU
INFO: [VRFC 10-2263] Analyzing Verilog file "C:/Users/pen/Desktop/FPGA/ALU/ALU.srcs/sim_1/new/ALU_tb.v" into library xil_defaultlib
INFO: [VRFC 10-311] analyzing module ALU_tb
INFO: [USF-XSim-69] 'compile' step finished in '1' seconds
INFO: [USF-XSim-3] XSim::Elaborate design
INFO: [USF-XSim-61] Executing 'ELABORATE' step in 'C:/Users/pen/Desktop/FPGA/ALU/ALU.sim/sim_1/behav/xsim'
"xelab -wto 5d629bb39f1641c2954a03ac34c578da --incr --debug typical --relax --mt 2 -L xil_defaultlib -L unisims_ver -L unimacro_ver -L secureip --snapshot ALU_tb_behav xil_defaultlib.ALU_tb xil_defaultlib.glbl -log elaborate.log"
Vivado Simulator 2019.2
Copyright 1986-1999, 2001-2019 Xilinx, Inc. All Rights Reserved.
Running: C:/PenProgram/Xilinx/vivado/Vivado/2019.2/bin/unwrapped/win64.o/xelab.exe -wto 5d629bb39f1641c2954a03ac34c578da --incr --debug typical --relax --mt 2 -L xil_defaultlib -L unisims_ver -L unimacro_ver -L secureip --snapshot ALU_tb_behav xil_defaultlib.ALU_tb xil_defaultlib.glbl -log elaborate.log 
Using 2 slave threads.
Starting static elaboration
Pass Through NonSizing Optimizer
Completed static elaboration
Starting simulation data flow analysis
Completed simulation data flow analysis
Time Resolution for simulation is 1ps
Compiling module xil_defaultlib.ALU
Compiling module xil_defaultlib.ALU_tb
Compiling module xil_defaultlib.glbl
Built simulation snapshot ALU_tb_behav
INFO: [USF-XSim-69] 'elaborate' step finished in '2' seconds
INFO: [USF-XSim-4] XSim::Simulate design
INFO: [USF-XSim-61] Executing 'SIMULATE' step in 'C:/Users/pen/Desktop/FPGA/ALU/ALU.sim/sim_1/behav/xsim'
INFO: [USF-XSim-98] *** Running xsim
   with args "ALU_tb_behav -key {Behavioral:sim_1:Functional:ALU_tb} -tclbatch {ALU_tb.tcl} -log {simulate.log}"
INFO: [USF-XSim-8] Loading simulator feature
Vivado Simulator 2019.2
Time resolution is 1 ps
source ALU_tb.tcl
# set curr_wave [current_wave_config]
# if { [string length $curr_wave] == 0 } {
#   if { [llength [get_objects]] > 0} {
#     add_wave /
#     set_property needs_save false [current_wave_config]
#   } else {
#      send_msg_id Add_Wave-1 WARNING "No top level signals found. Simulator will start without a wave window. If you want to open a wave window go to 'File->New Waveform Configuration' or type 'create_wave_config' in the TCL console."
#   }
# }
# run 1000ns
5 xxxxxxxx x xxxxxxxx xxxxxxxx x
10 1 0 11 xxxxxxxx x
15 1 0 11 1 0
20 1 1 11 1 0
25 1 1 11 12 0
30 1 2 11 12 0
35 1 2 11 fffffff0 0
40 1 3 11 fffffff0 0
45 1 3 11 1 0
50 1 4 11 1 0
55 1 4 11 11 0
60 1 5 11 11 0
65 1 5 11 10 0
70 1 6 11 10 0
75 1 6 11 0 1
80 1 7 11 0 1
85 1 7 11 12 0
90 1 8 11 12 0
95 1 8 11 22 0
100 1 9 11 22 0
105 1 9 11 8 0
110 1 a 11 8 0
115 1 a 11 8 0
120 1 b 11 8 0
125 1 b 11 1 0
130 1 c 11 1 0
135 1 c 11 1 0
140 ffffffff 2 ffffffff 1 0
145 ffffffff 2 ffffffff 0 1
150 ffffffff 6 fffffff 0 1
155 ffffffff 6 fffffff 0 1
$finish called at time : 160 ns : File "C:/Users/pen/Desktop/FPGA/ALU/ALU.srcs/sim_1/new/ALU_tb.v" Line 44
INFO: [USF-XSim-96] XSim completed. Design snapshot 'ALU_tb_behav' loaded.
INFO: [USF-XSim-97] XSim simulation ran for 1000ns
close_sim
INFO: [Simtcl 6-16] Simulation closed
launch_simulation
Command: launch_simulation 
INFO: [Vivado 12-5682] Launching behavioral simulation in 'C:/Users/pen/Desktop/FPGA/ALU/ALU.sim/sim_1/behav/xsim'
INFO: [SIM-utils-51] Simulation object is 'sim_1'
INFO: [SIM-utils-54] Inspecting design source files for 'ALU_tb' in fileset 'sim_1'...
INFO: [USF-XSim-97] Finding global include files...
INFO: [USF-XSim-98] Fetching design files from 'sim_1'...
INFO: [USF-XSim-2] XSim::Compile design
INFO: [USF-XSim-61] Executing 'COMPILE and ANALYZE' step in 'C:/Users/pen/Desktop/FPGA/ALU/ALU.sim/sim_1/behav/xsim'
"xvlog --incr --relax -prj ALU_tb_vlog.prj"
INFO: [VRFC 10-2263] Analyzing Verilog file "C:/Users/pen/Desktop/FPGA/ALU/ALU.srcs/sources_1/new/ALU.v" into library xil_defaultlib
INFO: [VRFC 10-311] analyzing module ALU
INFO: [VRFC 10-2263] Analyzing Verilog file "C:/Users/pen/Desktop/FPGA/ALU/ALU.srcs/sim_1/new/ALU_tb.v" into library xil_defaultlib
INFO: [VRFC 10-311] analyzing module ALU_tb
INFO: [USF-XSim-69] 'compile' step finished in '1' seconds
INFO: [USF-XSim-3] XSim::Elaborate design
INFO: [USF-XSim-61] Executing 'ELABORATE' step in 'C:/Users/pen/Desktop/FPGA/ALU/ALU.sim/sim_1/behav/xsim'
"xelab -wto 5d629bb39f1641c2954a03ac34c578da --incr --debug typical --relax --mt 2 -L xil_defaultlib -L unisims_ver -L unimacro_ver -L secureip --snapshot ALU_tb_behav xil_defaultlib.ALU_tb xil_defaultlib.glbl -log elaborate.log"
Vivado Simulator 2019.2
Copyright 1986-1999, 2001-2019 Xilinx, Inc. All Rights Reserved.
Running: C:/PenProgram/Xilinx/vivado/Vivado/2019.2/bin/unwrapped/win64.o/xelab.exe -wto 5d629bb39f1641c2954a03ac34c578da --incr --debug typical --relax --mt 2 -L xil_defaultlib -L unisims_ver -L unimacro_ver -L secureip --snapshot ALU_tb_behav xil_defaultlib.ALU_tb xil_defaultlib.glbl -log elaborate.log 
Using 2 slave threads.
Starting static elaboration
Pass Through NonSizing Optimizer
Completed static elaboration
Starting simulation data flow analysis
Completed simulation data flow analysis
Time Resolution for simulation is 1ps
Compiling module xil_defaultlib.ALU
Compiling module xil_defaultlib.ALU_tb
Compiling module xil_defaultlib.glbl
Built simulation snapshot ALU_tb_behav
INFO: [USF-XSim-69] 'elaborate' step finished in '1' seconds
INFO: [USF-XSim-4] XSim::Simulate design
INFO: [USF-XSim-61] Executing 'SIMULATE' step in 'C:/Users/pen/Desktop/FPGA/ALU/ALU.sim/sim_1/behav/xsim'
INFO: [USF-XSim-98] *** Running xsim
   with args "ALU_tb_behav -key {Behavioral:sim_1:Functional:ALU_tb} -tclbatch {ALU_tb.tcl} -log {simulate.log}"
INFO: [USF-XSim-8] Loading simulator feature
Vivado Simulator 2019.2
Time resolution is 1 ps
source ALU_tb.tcl
# set curr_wave [current_wave_config]
# if { [string length $curr_wave] == 0 } {
#   if { [llength [get_objects]] > 0} {
#     add_wave /
#     set_property needs_save false [current_wave_config]
#   } else {
#      send_msg_id Add_Wave-1 WARNING "No top level signals found. Simulator will start without a wave window. If you want to open a wave window go to 'File->New Waveform Configuration' or type 'create_wave_config' in the TCL console."
#   }
# }
# run 1000ns
5 xxxxxxxx x xxxxxxxx xxxxxxxx x
10 1 0 11 xxxxxxxx x
15 1 0 11 1 0
20 1 1 11 1 0
25 1 1 11 12 0
30 1 2 11 12 0
35 1 2 11 fffffff0 0
40 1 3 11 fffffff0 0
45 1 3 11 1 0
50 1 4 11 1 0
55 1 4 11 11 0
60 1 5 11 11 0
65 1 5 11 10 0
70 1 6 11 10 0
Overflow occurred during addition
75 1 6 11 10 0
80 1 7 11 10 0
85 1 7 11 12 0
90 1 8 11 12 0
95 1 8 11 22 0
100 1 9 11 22 0
105 1 9 11 8 0
110 1 a 11 8 0
115 1 a 11 8 0
120 1 b 11 8 0
125 1 b 11 1 0
130 1 c 11 1 0
135 1 c 11 1 0
140 ffffffff 2 ffffffff 1 0
145 ffffffff 2 ffffffff 0 1
150 ffffffff 6 fffffff 0 1
Overflow occurred during addition
155 ffffffff 6 fffffff 0 1
$finish called at time : 160 ns : File "C:/Users/pen/Desktop/FPGA/ALU/ALU.srcs/sim_1/new/ALU_tb.v" Line 44
INFO: [USF-XSim-96] XSim completed. Design snapshot 'ALU_tb_behav' loaded.
INFO: [USF-XSim-97] XSim simulation ran for 1000ns
close_sim
INFO: [Simtcl 6-16] Simulation closed
launch_simulation
Command: launch_simulation 
INFO: [Vivado 12-5682] Launching behavioral simulation in 'C:/Users/pen/Desktop/FPGA/ALU/ALU.sim/sim_1/behav/xsim'
INFO: [SIM-utils-51] Simulation object is 'sim_1'
INFO: [SIM-utils-54] Inspecting design source files for 'ALU_tb' in fileset 'sim_1'...
INFO: [USF-XSim-97] Finding global include files...
INFO: [USF-XSim-98] Fetching design files from 'sim_1'...
INFO: [USF-XSim-2] XSim::Compile design
INFO: [USF-XSim-61] Executing 'COMPILE and ANALYZE' step in 'C:/Users/pen/Desktop/FPGA/ALU/ALU.sim/sim_1/behav/xsim'
"xvlog --incr --relax -prj ALU_tb_vlog.prj"
INFO: [VRFC 10-2263] Analyzing Verilog file "C:/Users/pen/Desktop/FPGA/ALU/ALU.srcs/sources_1/new/ALU.v" into library xil_defaultlib
INFO: [VRFC 10-311] analyzing module ALU
INFO: [VRFC 10-2263] Analyzing Verilog file "C:/Users/pen/Desktop/FPGA/ALU/ALU.srcs/sim_1/new/ALU_tb.v" into library xil_defaultlib
INFO: [VRFC 10-311] analyzing module ALU_tb
INFO: [USF-XSim-69] 'compile' step finished in '1' seconds
INFO: [USF-XSim-3] XSim::Elaborate design
INFO: [USF-XSim-61] Executing 'ELABORATE' step in 'C:/Users/pen/Desktop/FPGA/ALU/ALU.sim/sim_1/behav/xsim'
"xelab -wto 5d629bb39f1641c2954a03ac34c578da --incr --debug typical --relax --mt 2 -L xil_defaultlib -L unisims_ver -L unimacro_ver -L secureip --snapshot ALU_tb_behav xil_defaultlib.ALU_tb xil_defaultlib.glbl -log elaborate.log"
Vivado Simulator 2019.2
Copyright 1986-1999, 2001-2019 Xilinx, Inc. All Rights Reserved.
Running: C:/PenProgram/Xilinx/vivado/Vivado/2019.2/bin/unwrapped/win64.o/xelab.exe -wto 5d629bb39f1641c2954a03ac34c578da --incr --debug typical --relax --mt 2 -L xil_defaultlib -L unisims_ver -L unimacro_ver -L secureip --snapshot ALU_tb_behav xil_defaultlib.ALU_tb xil_defaultlib.glbl -log elaborate.log 
Using 2 slave threads.
Starting static elaboration
Pass Through NonSizing Optimizer
Completed static elaboration
Starting simulation data flow analysis
Completed simulation data flow analysis
Time Resolution for simulation is 1ps
Compiling module xil_defaultlib.ALU
Compiling module xil_defaultlib.ALU_tb
Compiling module xil_defaultlib.glbl
Built simulation snapshot ALU_tb_behav
INFO: [USF-XSim-69] 'elaborate' step finished in '1' seconds
INFO: [USF-XSim-4] XSim::Simulate design
INFO: [USF-XSim-61] Executing 'SIMULATE' step in 'C:/Users/pen/Desktop/FPGA/ALU/ALU.sim/sim_1/behav/xsim'
INFO: [USF-XSim-98] *** Running xsim
   with args "ALU_tb_behav -key {Behavioral:sim_1:Functional:ALU_tb} -tclbatch {ALU_tb.tcl} -log {simulate.log}"
INFO: [USF-XSim-8] Loading simulator feature
Vivado Simulator 2019.2
Time resolution is 1 ps
source ALU_tb.tcl
# set curr_wave [current_wave_config]
# if { [string length $curr_wave] == 0 } {
#   if { [llength [get_objects]] > 0} {
#     add_wave /
#     set_property needs_save false [current_wave_config]
#   } else {
#      send_msg_id Add_Wave-1 WARNING "No top level signals found. Simulator will start without a wave window. If you want to open a wave window go to 'File->New Waveform Configuration' or type 'create_wave_config' in the TCL console."
#   }
# }
# run 1000ns
5 xxxxxxxx x xxxxxxxx xxxxxxxx x
10 1 0 11 xxxxxxxx x
15 1 0 11 1 0
20 1 1 11 1 0
25 1 1 11 12 0
30 1 2 11 12 0
35 1 2 11 fffffff0 0
40 1 3 11 fffffff0 0
45 1 3 11 1 0
50 1 4 11 1 0
55 1 4 11 11 0
60 1 5 11 11 0
65 1 5 11 10 0
70 1 6 11 10 0
75 1 6 11 12 0
80 1 7 11 12 0
85 1 7 11 12 0
90 1 8 11 12 0
95 1 8 11 22 0
100 1 9 11 22 0
105 1 9 11 8 0
110 1 a 11 8 0
115 1 a 11 8 0
120 1 b 11 8 0
125 1 b 11 1 0
130 1 c 11 1 0
135 1 c 11 1 0
140 ffffffff 2 ffffffff 1 0
145 ffffffff 2 ffffffff 0 1
150 f 7 ffffffff 0 1
155 f 7 ffffffff 10 0
$finish called at time : 160 ns : File "C:/Users/pen/Desktop/FPGA/ALU/ALU.srcs/sim_1/new/ALU_tb.v" Line 44
INFO: [USF-XSim-96] XSim completed. Design snapshot 'ALU_tb_behav' loaded.
INFO: [USF-XSim-97] XSim simulation ran for 1000ns
launch_simulation: Time (s): cpu = 00:00:03 ; elapsed = 00:00:06 . Memory (MB): peak = 800.078 ; gain = 0.000
close_sim
INFO: [Simtcl 6-16] Simulation closed
launch_simulation
Command: launch_simulation 
INFO: [Vivado 12-5682] Launching behavioral simulation in 'C:/Users/pen/Desktop/FPGA/ALU/ALU.sim/sim_1/behav/xsim'
INFO: [SIM-utils-51] Simulation object is 'sim_1'
INFO: [SIM-utils-54] Inspecting design source files for 'ALU_tb' in fileset 'sim_1'...
INFO: [USF-XSim-97] Finding global include files...
INFO: [USF-XSim-98] Fetching design files from 'sim_1'...
INFO: [USF-XSim-2] XSim::Compile design
INFO: [USF-XSim-61] Executing 'COMPILE and ANALYZE' step in 'C:/Users/pen/Desktop/FPGA/ALU/ALU.sim/sim_1/behav/xsim'
"xvlog --incr --relax -prj ALU_tb_vlog.prj"
INFO: [VRFC 10-2263] Analyzing Verilog file "C:/Users/pen/Desktop/FPGA/ALU/ALU.srcs/sources_1/new/ALU.v" into library xil_defaultlib
INFO: [VRFC 10-311] analyzing module ALU
INFO: [VRFC 10-2263] Analyzing Verilog file "C:/Users/pen/Desktop/FPGA/ALU/ALU.srcs/sim_1/new/ALU_tb.v" into library xil_defaultlib
INFO: [VRFC 10-311] analyzing module ALU_tb
INFO: [USF-XSim-69] 'compile' step finished in '1' seconds
INFO: [USF-XSim-3] XSim::Elaborate design
INFO: [USF-XSim-61] Executing 'ELABORATE' step in 'C:/Users/pen/Desktop/FPGA/ALU/ALU.sim/sim_1/behav/xsim'
"xelab -wto 5d629bb39f1641c2954a03ac34c578da --incr --debug typical --relax --mt 2 -L xil_defaultlib -L unisims_ver -L unimacro_ver -L secureip --snapshot ALU_tb_behav xil_defaultlib.ALU_tb xil_defaultlib.glbl -log elaborate.log"
Vivado Simulator 2019.2
Copyright 1986-1999, 2001-2019 Xilinx, Inc. All Rights Reserved.
Running: C:/PenProgram/Xilinx/vivado/Vivado/2019.2/bin/unwrapped/win64.o/xelab.exe -wto 5d629bb39f1641c2954a03ac34c578da --incr --debug typical --relax --mt 2 -L xil_defaultlib -L unisims_ver -L unimacro_ver -L secureip --snapshot ALU_tb_behav xil_defaultlib.ALU_tb xil_defaultlib.glbl -log elaborate.log 
Using 2 slave threads.
Starting static elaboration
Pass Through NonSizing Optimizer
Completed static elaboration
Starting simulation data flow analysis
Completed simulation data flow analysis
Time Resolution for simulation is 1ps
Compiling module xil_defaultlib.ALU
Compiling module xil_defaultlib.ALU_tb
Compiling module xil_defaultlib.glbl
Built simulation snapshot ALU_tb_behav
INFO: [USF-XSim-69] 'elaborate' step finished in '1' seconds
INFO: [USF-XSim-4] XSim::Simulate design
INFO: [USF-XSim-61] Executing 'SIMULATE' step in 'C:/Users/pen/Desktop/FPGA/ALU/ALU.sim/sim_1/behav/xsim'
INFO: [USF-XSim-98] *** Running xsim
   with args "ALU_tb_behav -key {Behavioral:sim_1:Functional:ALU_tb} -tclbatch {ALU_tb.tcl} -log {simulate.log}"
INFO: [USF-XSim-8] Loading simulator feature
Vivado Simulator 2019.2
Time resolution is 1 ps
source ALU_tb.tcl
# set curr_wave [current_wave_config]
# if { [string length $curr_wave] == 0 } {
#   if { [llength [get_objects]] > 0} {
#     add_wave /
#     set_property needs_save false [current_wave_config]
#   } else {
#      send_msg_id Add_Wave-1 WARNING "No top level signals found. Simulator will start without a wave window. If you want to open a wave window go to 'File->New Waveform Configuration' or type 'create_wave_config' in the TCL console."
#   }
# }
# run 1000ns
5 xxxxxxxx x xxxxxxxx xxxxxxxx x
10 1 0 11 xxxxxxxx x
15 1 0 11 1 0
20 1 1 11 1 0
25 1 1 11 12 0
30 1 2 11 12 0
35 1 2 11 fffffff0 0
40 1 3 11 fffffff0 0
45 1 3 11 1 0
50 1 4 11 1 0
55 1 4 11 11 0
60 1 5 11 11 0
65 1 5 11 10 0
70 1 6 11 10 0
75 1 6 11 12 0
80 1 7 11 12 0
85 1 7 11 12 0
90 1 8 11 12 0
95 1 8 11 22 0
100 1 9 11 22 0
105 1 9 11 8 0
110 1 a 11 8 0
115 1 a 11 8 0
120 1 b 11 8 0
125 1 b 11 1 0
130 1 c 11 1 0
135 1 c 11 1 0
140 ffffffff 2 ffffffff 1 0
145 ffffffff 2 ffffffff 0 1
150 ffffffff 6 2 0 1
155 ffffffff 6 2 1 0
$finish called at time : 160 ns : File "C:/Users/pen/Desktop/FPGA/ALU/ALU.srcs/sim_1/new/ALU_tb.v" Line 44
INFO: [USF-XSim-96] XSim completed. Design snapshot 'ALU_tb_behav' loaded.
INFO: [USF-XSim-97] XSim simulation ran for 1000ns
close_sim
INFO: [Simtcl 6-16] Simulation closed
launch_simulation
Command: launch_simulation 
INFO: [Vivado 12-5682] Launching behavioral simulation in 'C:/Users/pen/Desktop/FPGA/ALU/ALU.sim/sim_1/behav/xsim'
INFO: [SIM-utils-51] Simulation object is 'sim_1'
INFO: [SIM-utils-54] Inspecting design source files for 'ALU_tb' in fileset 'sim_1'...
INFO: [USF-XSim-97] Finding global include files...
INFO: [USF-XSim-98] Fetching design files from 'sim_1'...
INFO: [USF-XSim-2] XSim::Compile design
INFO: [USF-XSim-61] Executing 'COMPILE and ANALYZE' step in 'C:/Users/pen/Desktop/FPGA/ALU/ALU.sim/sim_1/behav/xsim'
"xvlog --incr --relax -prj ALU_tb_vlog.prj"
INFO: [VRFC 10-2263] Analyzing Verilog file "C:/Users/pen/Desktop/FPGA/ALU/ALU.srcs/sources_1/new/ALU.v" into library xil_defaultlib
INFO: [VRFC 10-311] analyzing module ALU
INFO: [VRFC 10-2263] Analyzing Verilog file "C:/Users/pen/Desktop/FPGA/ALU/ALU.srcs/sim_1/new/ALU_tb.v" into library xil_defaultlib
INFO: [VRFC 10-311] analyzing module ALU_tb
INFO: [USF-XSim-69] 'compile' step finished in '2' seconds
INFO: [USF-XSim-3] XSim::Elaborate design
INFO: [USF-XSim-61] Executing 'ELABORATE' step in 'C:/Users/pen/Desktop/FPGA/ALU/ALU.sim/sim_1/behav/xsim'
"xelab -wto 5d629bb39f1641c2954a03ac34c578da --incr --debug typical --relax --mt 2 -L xil_defaultlib -L unisims_ver -L unimacro_ver -L secureip --snapshot ALU_tb_behav xil_defaultlib.ALU_tb xil_defaultlib.glbl -log elaborate.log"
Vivado Simulator 2019.2
Copyright 1986-1999, 2001-2019 Xilinx, Inc. All Rights Reserved.
Running: C:/PenProgram/Xilinx/vivado/Vivado/2019.2/bin/unwrapped/win64.o/xelab.exe -wto 5d629bb39f1641c2954a03ac34c578da --incr --debug typical --relax --mt 2 -L xil_defaultlib -L unisims_ver -L unimacro_ver -L secureip --snapshot ALU_tb_behav xil_defaultlib.ALU_tb xil_defaultlib.glbl -log elaborate.log 
Using 2 slave threads.
Starting static elaboration
Pass Through NonSizing Optimizer
Completed static elaboration
Starting simulation data flow analysis
Completed simulation data flow analysis
Time Resolution for simulation is 1ps
Compiling module xil_defaultlib.ALU
Compiling module xil_defaultlib.ALU_tb
Compiling module xil_defaultlib.glbl
Built simulation snapshot ALU_tb_behav
INFO: [USF-XSim-69] 'elaborate' step finished in '1' seconds
INFO: [USF-XSim-4] XSim::Simulate design
INFO: [USF-XSim-61] Executing 'SIMULATE' step in 'C:/Users/pen/Desktop/FPGA/ALU/ALU.sim/sim_1/behav/xsim'
INFO: [USF-XSim-98] *** Running xsim
   with args "ALU_tb_behav -key {Behavioral:sim_1:Functional:ALU_tb} -tclbatch {ALU_tb.tcl} -log {simulate.log}"
INFO: [USF-XSim-8] Loading simulator feature
Vivado Simulator 2019.2
Time resolution is 1 ps
source ALU_tb.tcl
# set curr_wave [current_wave_config]
# if { [string length $curr_wave] == 0 } {
#   if { [llength [get_objects]] > 0} {
#     add_wave /
#     set_property needs_save false [current_wave_config]
#   } else {
#      send_msg_id Add_Wave-1 WARNING "No top level signals found. Simulator will start without a wave window. If you want to open a wave window go to 'File->New Waveform Configuration' or type 'create_wave_config' in the TCL console."
#   }
# }
# run 1000ns
5 xxxxxxxx x xxxxxxxx xxxxxxxx x
10 1 0 11 xxxxxxxx x
15 1 0 11 1 0
20 1 1 11 1 0
25 1 1 11 12 0
30 1 2 11 12 0
35 1 2 11 fffffff0 0
40 1 3 11 fffffff0 0
45 1 3 11 1 0
50 1 4 11 1 0
55 1 4 11 11 0
60 1 5 11 11 0
65 1 5 11 10 0
70 1 6 11 10 0
75 1 6 11 12 0
80 1 7 11 12 0
85 1 7 11 12 0
90 1 8 11 12 0
95 1 8 11 22 0
100 1 9 11 22 0
105 1 9 11 8 0
110 1 a 11 8 0
115 1 a 11 8 0
120 1 b 11 8 0
125 1 b 11 1 0
130 1 c 11 1 0
135 1 c 11 1 0
140 ffffffff 2 ffffffff 1 0
145 ffffffff 2 ffffffff 0 1
150 ffffffff 6 2 0 1
Overflow occurred during addition
155 ffffffff 6 2 0 1
$finish called at time : 160 ns : File "C:/Users/pen/Desktop/FPGA/ALU/ALU.srcs/sim_1/new/ALU_tb.v" Line 44
INFO: [USF-XSim-96] XSim completed. Design snapshot 'ALU_tb_behav' loaded.
INFO: [USF-XSim-97] XSim simulation ran for 1000ns
close_sim
INFO: [Simtcl 6-16] Simulation closed
launch_simulation
Command: launch_simulation 
INFO: [Vivado 12-5682] Launching behavioral simulation in 'C:/Users/pen/Desktop/FPGA/ALU/ALU.sim/sim_1/behav/xsim'
INFO: [SIM-utils-51] Simulation object is 'sim_1'
INFO: [SIM-utils-54] Inspecting design source files for 'ALU_tb' in fileset 'sim_1'...
INFO: [USF-XSim-97] Finding global include files...
INFO: [USF-XSim-98] Fetching design files from 'sim_1'...
INFO: [USF-XSim-2] XSim::Compile design
INFO: [USF-XSim-61] Executing 'COMPILE and ANALYZE' step in 'C:/Users/pen/Desktop/FPGA/ALU/ALU.sim/sim_1/behav/xsim'
"xvlog --incr --relax -prj ALU_tb_vlog.prj"
INFO: [VRFC 10-2263] Analyzing Verilog file "C:/Users/pen/Desktop/FPGA/ALU/ALU.srcs/sources_1/new/ALU.v" into library xil_defaultlib
INFO: [VRFC 10-311] analyzing module ALU
INFO: [VRFC 10-2263] Analyzing Verilog file "C:/Users/pen/Desktop/FPGA/ALU/ALU.srcs/sim_1/new/ALU_tb.v" into library xil_defaultlib
INFO: [VRFC 10-311] analyzing module ALU_tb
INFO: [USF-XSim-69] 'compile' step finished in '1' seconds
INFO: [USF-XSim-3] XSim::Elaborate design
INFO: [USF-XSim-61] Executing 'ELABORATE' step in 'C:/Users/pen/Desktop/FPGA/ALU/ALU.sim/sim_1/behav/xsim'
"xelab -wto 5d629bb39f1641c2954a03ac34c578da --incr --debug typical --relax --mt 2 -L xil_defaultlib -L unisims_ver -L unimacro_ver -L secureip --snapshot ALU_tb_behav xil_defaultlib.ALU_tb xil_defaultlib.glbl -log elaborate.log"
Vivado Simulator 2019.2
Copyright 1986-1999, 2001-2019 Xilinx, Inc. All Rights Reserved.
Running: C:/PenProgram/Xilinx/vivado/Vivado/2019.2/bin/unwrapped/win64.o/xelab.exe -wto 5d629bb39f1641c2954a03ac34c578da --incr --debug typical --relax --mt 2 -L xil_defaultlib -L unisims_ver -L unimacro_ver -L secureip --snapshot ALU_tb_behav xil_defaultlib.ALU_tb xil_defaultlib.glbl -log elaborate.log 
Using 2 slave threads.
Starting static elaboration
Pass Through NonSizing Optimizer
Completed static elaboration
Starting simulation data flow analysis
Completed simulation data flow analysis
Time Resolution for simulation is 1ps
Compiling module xil_defaultlib.ALU
Compiling module xil_defaultlib.ALU_tb
Compiling module xil_defaultlib.glbl
Built simulation snapshot ALU_tb_behav
INFO: [USF-XSim-69] 'elaborate' step finished in '1' seconds
INFO: [USF-XSim-4] XSim::Simulate design
INFO: [USF-XSim-61] Executing 'SIMULATE' step in 'C:/Users/pen/Desktop/FPGA/ALU/ALU.sim/sim_1/behav/xsim'
INFO: [USF-XSim-98] *** Running xsim
   with args "ALU_tb_behav -key {Behavioral:sim_1:Functional:ALU_tb} -tclbatch {ALU_tb.tcl} -log {simulate.log}"
INFO: [USF-XSim-8] Loading simulator feature
Vivado Simulator 2019.2
Time resolution is 1 ps
source ALU_tb.tcl
# set curr_wave [current_wave_config]
# if { [string length $curr_wave] == 0 } {
#   if { [llength [get_objects]] > 0} {
#     add_wave /
#     set_property needs_save false [current_wave_config]
#   } else {
#      send_msg_id Add_Wave-1 WARNING "No top level signals found. Simulator will start without a wave window. If you want to open a wave window go to 'File->New Waveform Configuration' or type 'create_wave_config' in the TCL console."
#   }
# }
# run 1000ns
5 xxxxxxxx x xxxxxxxx xxxxxxxx x
10 1 0 11 xxxxxxxx x
15 1 0 11 1 0
20 1 1 11 1 0
25 1 1 11 12 0
30 1 2 11 12 0
35 1 2 11 fffffff0 0
40 1 3 11 fffffff0 0
45 1 3 11 1 0
50 1 4 11 1 0
55 1 4 11 11 0
60 1 5 11 11 0
65 1 5 11 10 0
70 1 6 11 10 0
75 1 6 11 12 0
80 1 7 11 12 0
85 1 7 11 12 0
90 1 8 11 12 0
95 1 8 11 22 0
100 1 9 11 22 0
105 1 9 11 8 0
110 1 a 11 8 0
115 1 a 11 8 0
120 1 b 11 8 0
125 1 b 11 1 0
130 1 c 11 1 0
135 1 c 11 1 0
140 ffffffff 2 ffffffff 1 0
145 ffffffff 2 ffffffff 0 1
150 ffffffff 6 2 0 1
Overflow occurred during addition
155 ffffffff 6 2 0 1
$finish called at time : 160 ns : File "C:/Users/pen/Desktop/FPGA/ALU/ALU.srcs/sim_1/new/ALU_tb.v" Line 44
INFO: [USF-XSim-96] XSim completed. Design snapshot 'ALU_tb_behav' loaded.
INFO: [USF-XSim-97] XSim simulation ran for 1000ns
close_sim
INFO: [Simtcl 6-16] Simulation closed
launch_simulation
Command: launch_simulation 
INFO: [Vivado 12-5682] Launching behavioral simulation in 'C:/Users/pen/Desktop/FPGA/ALU/ALU.sim/sim_1/behav/xsim'
INFO: [SIM-utils-51] Simulation object is 'sim_1'
INFO: [SIM-utils-54] Inspecting design source files for 'ALU_tb' in fileset 'sim_1'...
INFO: [USF-XSim-97] Finding global include files...
INFO: [USF-XSim-98] Fetching design files from 'sim_1'...
INFO: [USF-XSim-2] XSim::Compile design
INFO: [USF-XSim-61] Executing 'COMPILE and ANALYZE' step in 'C:/Users/pen/Desktop/FPGA/ALU/ALU.sim/sim_1/behav/xsim'
"xvlog --incr --relax -prj ALU_tb_vlog.prj"
INFO: [VRFC 10-2263] Analyzing Verilog file "C:/Users/pen/Desktop/FPGA/ALU/ALU.srcs/sources_1/new/ALU.v" into library xil_defaultlib
INFO: [VRFC 10-311] analyzing module ALU
INFO: [VRFC 10-2263] Analyzing Verilog file "C:/Users/pen/Desktop/FPGA/ALU/ALU.srcs/sim_1/new/ALU_tb.v" into library xil_defaultlib
INFO: [VRFC 10-311] analyzing module ALU_tb
INFO: [USF-XSim-69] 'compile' step finished in '1' seconds
INFO: [USF-XSim-3] XSim::Elaborate design
INFO: [USF-XSim-61] Executing 'ELABORATE' step in 'C:/Users/pen/Desktop/FPGA/ALU/ALU.sim/sim_1/behav/xsim'
"xelab -wto 5d629bb39f1641c2954a03ac34c578da --incr --debug typical --relax --mt 2 -L xil_defaultlib -L unisims_ver -L unimacro_ver -L secureip --snapshot ALU_tb_behav xil_defaultlib.ALU_tb xil_defaultlib.glbl -log elaborate.log"
Vivado Simulator 2019.2
Copyright 1986-1999, 2001-2019 Xilinx, Inc. All Rights Reserved.
Running: C:/PenProgram/Xilinx/vivado/Vivado/2019.2/bin/unwrapped/win64.o/xelab.exe -wto 5d629bb39f1641c2954a03ac34c578da --incr --debug typical --relax --mt 2 -L xil_defaultlib -L unisims_ver -L unimacro_ver -L secureip --snapshot ALU_tb_behav xil_defaultlib.ALU_tb xil_defaultlib.glbl -log elaborate.log 
Using 2 slave threads.
Starting static elaboration
Pass Through NonSizing Optimizer
Completed static elaboration
Starting simulation data flow analysis
Completed simulation data flow analysis
Time Resolution for simulation is 1ps
Compiling module xil_defaultlib.ALU
Compiling module xil_defaultlib.ALU_tb
Compiling module xil_defaultlib.glbl
Built simulation snapshot ALU_tb_behav
INFO: [USF-XSim-69] 'elaborate' step finished in '2' seconds
INFO: [USF-XSim-4] XSim::Simulate design
INFO: [USF-XSim-61] Executing 'SIMULATE' step in 'C:/Users/pen/Desktop/FPGA/ALU/ALU.sim/sim_1/behav/xsim'
INFO: [USF-XSim-98] *** Running xsim
   with args "ALU_tb_behav -key {Behavioral:sim_1:Functional:ALU_tb} -tclbatch {ALU_tb.tcl} -log {simulate.log}"
INFO: [USF-XSim-8] Loading simulator feature
Vivado Simulator 2019.2
Time resolution is 1 ps
source ALU_tb.tcl
# set curr_wave [current_wave_config]
# if { [string length $curr_wave] == 0 } {
#   if { [llength [get_objects]] > 0} {
#     add_wave /
#     set_property needs_save false [current_wave_config]
#   } else {
#      send_msg_id Add_Wave-1 WARNING "No top level signals found. Simulator will start without a wave window. If you want to open a wave window go to 'File->New Waveform Configuration' or type 'create_wave_config' in the TCL console."
#   }
# }
# run 1000ns
5 xxxxxxxx x xxxxxxxx => xxxxxxxx x
10 1 0 11 => xxxxxxxx x
15 1 0 11 => 1 0
20 1 1 11 => 1 0
25 1 1 11 => 12 0
30 1 2 11 => 12 0
35 1 2 11 => fffffff0 0
40 1 3 11 => fffffff0 0
45 1 3 11 => 1 0
50 1 4 11 => 1 0
55 1 4 11 => 11 0
60 1 5 11 => 11 0
65 1 5 11 => 10 0
70 1 6 11 => 10 0
75 1 6 11 => 12 0
80 1 7 11 => 12 0
85 1 7 11 => 12 0
90 1 8 11 => 12 0
95 1 8 11 => 22 0
100 1 9 11 => 22 0
105 1 9 11 => 8 0
110 1 a 11 => 8 0
115 1 a 11 => 8 0
120 1 b 11 => 8 0
125 1 b 11 => 1 0
130 1 c 11 => 1 0
135 1 c 11 => 1 0
140 ffffffff 2 ffffffff => 1 0
145 ffffffff 2 ffffffff => 0 1
150 ffffffff 6 2 => 0 1
Overflow occurred during addition
155 ffffffff 6 2 => 0 1
$finish called at time : 160 ns : File "C:/Users/pen/Desktop/FPGA/ALU/ALU.srcs/sim_1/new/ALU_tb.v" Line 44
INFO: [USF-XSim-96] XSim completed. Design snapshot 'ALU_tb_behav' loaded.
INFO: [USF-XSim-97] XSim simulation ran for 1000ns
close_sim
INFO: [Simtcl 6-16] Simulation closed
exit
INFO: [Common 17-206] Exiting Vivado at Sat May 13 15:43:42 2023...
